6
13 21 6 10 20 17 4 7 12 14 2 3 11 19 15 9 1 8 5 18 16
2 16 21 5 12 10 17 8 18 20 14 9 7 15 3 1 19 6 4 13 11
16 17 20 7 2 3 8 6 21 10 1 4 14 18 5 19 15 9 11 12 13
20 14 9 18 10 11 13 16 4 12 5 6 17 3 21 2 7 1 19 15 8
11 8 18 14 6 16 2 17 10 7 13 5 9 12 20 3 4 21 1 19 15
19 15 13 2 18 14 10 11 7 1 4 16 12 17 6 5 8 3 9 21 20
2
2 1 4 3 6 5 8 7 10 9 23 12 13 14 15 16 17 18 21 20 24 22 26 25 28 27 30 29 32 31 34 33 36 35 38 37 40 39 42 41 44 43 46 45 48 47 50 49 19 52 51 54 53 56 55 58 57 60 59 62 61 64 63 66 65 68 67 70 69 72 71 74 73 76 75 78 77 80 79 11
1 2 3 4 5 6 7 8 9 10 19 11 12 13 14 15 16 17 20 21 22 24 25 26 27 28 29 30 31 32 33 34 35 36 37 38 39 40 41 42 43 44 45 46 47 48 49 50 23 51 52 53 54 55 56 57 58 59 60 61 62 63 64 65 66 67 68 69 70 71 72 73 74 75 76 77 78 79 80 18
6
16 5 2 3 8 7 11 10 12 9 15 13 14 6 1 4
12 7 9 4 5 3 8 14 10 1 11 16 6 15 13 2
8 6 7 5 4 2 1 11 9 12 10 15 16 14 3 13
6 3 1 7 2 4 5 8 11 13 9 12 10 16 15 14
7 4 6 2 1 5 9 12 8 10 3 14 13 11 16 15
2 15 5 6 7 1 4 9 13 3 8 10 11 12 14 16
1
1 3 2 5 15 20 7 37 13 8 10 11 14 58 17 18 24 26 16 29 12 36 21 23 19 25 22 30 27 28 56 38 40 41 50 31 33 34 35 45 51 42 39 47 53 64 62 63 43 55 59 60 44 61 46 48 49 65 67 54 52 66 57 68 4 6 9 32
10
30 2 76 14 80 35 78 67 7 74 40 18 79 54 22 36 58 25 12 21 39 56 59 23 3 16 75 8 72 70 71 26 49 1 61 77 47 41 46 55 34 65 60 28 48 52 19 63 11 15 38 69 9 64 27 50 6 57 17 53 32 31 66 4 37 51 33 10 68 5 45 62 13 29 73 42 43 44 20 24
1 55 66 54 76 52 42 73 31 80 18 74 65 79 62 57 78 9 36 6 2 11 33 17 64 25 22 40 4 71 75 68 28 26 5 8 19 60 50 7 3 12 69 37 35 34 48 23 16 63 13 30 49 59 44 14 39 15 70 41 61 56 45 20 32 58 77 43 67 38 51 72 46 21 53 27 24 47 10 29
14 10 54 59 37 27 44 34 46 45 29 43 18 15 17 55 22 58 68 63 31 79 35 74 42 56 28 80 49 3 78 6 12 50 30 47 67 61 8 53 32 1 71 51 36 5 40 9 77 62 65 73 76 69 26 21 48 64 24 23 25 4 20 72 13 7 75 33 66 16 52 41 70 38 60 11 19 2 39 57
10 51 57 2 56 23 33 37 12 55 42 46 40 21 41 65 11 39 61 27 76 63 16 79 25 73 44 58 59 80 49 22 64 54 71 3 18 43 70 60 74 75 72 52 7 36 29 45 35 32 62 77 28 1 78 26 34 31 68 8 38 9 53 50 6 24 19 13 4 20 66 14 30 69 48 5 17 15 47 67
17 64 24 40 4 1 45 36 43 62 70 20 52 18 76 14 16 69 46 9 5 13 61 67 22 27 34 51 65 79 35 15 25 37 54 71 80 50 39 42 28 59 55 78 56 19 3 72 74 11 33 41 63 29 60 44 57 21 2 26 48 10 32 12 8 31 47 30 23 73 38 6 75 58 49 68 77 66 7 53
65 31 42 8 67 24 2 20 25 14 5 12 35 56 11 49 76 38 50 66 43 73 13 44 62 47 63 55 10 29 59 16 21 79 75 22 78 30 80 51 46 40 58 71 6 17 39 61 64 70 3 32 54 18 74 33 15 72 53 77 28 23 9 48 41 19 60 7 1 34 69 36 4 26 57 45 37 27 68 52
6 33 48 4 54 67 31 60 34 57 7 52 23 49 2 72 44 18 40 42 24 14 68 50 10 43 73 53 5 39 58 11 27 65 56 76 55 36 17 21 25 28 16 80 13 64 22 15 47 45 78 79 30 71 63 3 32 26 59 69 8 35 75 9 74 12 29 46 19 1 70 66 41 20 38 51 62 37 61 77
29 26 15 65 75 43 30 72 71 24 73 2 63 10 28 20 66 45 38 61 69 52 31 37 59 74 7 44 17 18 42 33 14 12 57 58 54 49 11 62 27 67 19 23 46 80 1 56 3 48 64 25 40 35 77 76 51 6 36 16 60 68 50 34 55 8 78 32 13 79 53 21 5 22 41 47 70 9 4 39
13 46 41 71 79 12 4 10 67 60 52 30 53 1 57 43 34 55 37 11 42 28 17 36 47 63 54 77 24 45 2 73 66 70 49 32 35 59 68 64 58 21 27 40 61 7 78 14 15 31 29 20 62 33 38 25 56 76 22 3 44 65 6 69 72 39 23 80 75 50 8 51 9 16 74 48 18 26 5 19
75 24 20 23 27 73 47 58 40 69 50 5 33 13 45 9 59 48 32 67 53 26 51 43 57 21 37 6 3 12 68 62 22 25 66 65 71 52 31 17 54 39 44 7 49 10 8 46 4 55 2 74 14 56 36 38 60 79 30 18 29 77 41 61 34 15 11 72 63 28 42 1 78 35 19 64 80 76 70 16
10
18 10 11 17 5 16 14 13 1 8 2 9 15 7 12 4 3 6
11 18 7 16 17 8 15 4 14 5 13 10 1 12 3 6 9 2
16 9 18 12 6 17 11 7 10 2 8 13 3 1 14 5 15 4
14 16 13 18 10 11 17 12 7 9 1 6 8 15 2 3 4 5
9 7 2 6 18 15 12 11 8 4 10 3 14 17 16 13 5 1
8 5 16 4 3 18 6 15 11 10 12 1 2 13 17 9 14 7
7 14 10 9 8 1 16 6 5 3 11 12 13 18 4 17 2 15
12 8 4 14 9 6 7 5 15 1 3 11 10 2 13 18 17 16
13 11 15 7 14 12 10 3 4 6 5 8 9 16 1 2 18 17
10 17 14 5 11 4 13 8 6 7 9 2 12 3 15 1 16 18
17
56 68 67 62 65 60 57 55 54 52 51 44 66 48 64 59 43 58 50 63 61 40 53 41 49 46 45 42 38 35 39 32 27 33 23 37 34 21 47 36 15 19 30 29 14 31 25 28 26 24 17 8 7 13 22 6 11 20 5 1 9 18 16 3 4 12 10 2
54 62 68 67 59 52 60 56 55 57 41 51 61 40 65 64 48 49 58 66 63 43 45 44 50 53 46 32 34 31 42 39 19 35 27 38 37 7 30 47 21 23 36 26 11 33 20 29 28 8 24 17 15 14 25 3 13 22 1 5 4 12 18 6 9 16 2 10
33 43 62 68 36 67 52 54 56 48 55 41 39 57 59 65 60 64 49 61 66 37 63 35 47 45 42 46 15 44 53 23 13 51 32 40 21 38 50 58 3 14 28 17 27 22 16 30 24 29 1 5 6 4 31 34 9 18 26 8 19 25 2 7 11 10 20 12
44 57 34 48 50 68 67 20 35 62 56 55 46 60 26 47 38 65 64 19 42 52 66 54 59 63 61 53 6 51 27 45 9 25 13 15 40 37 58 29 43 32 49 5 23 41 10 17 30 28 36 1 3 39 16 7 4 31 8 24 11 22 33 21 14 2 12 18
25 38 7 37 29 62 68 12 22 67 54 56 27 15 8 28 57 59 65 11 23 60 61 55 64 66 63 13 48 16 46 53 42 44 45 52 3 40 17 50 6 4 58 47 32 51 35 49 1 30 5 36 43 9 41 21 39 2 24 26 14 31 10 34 19 33 18 20
16 15 43 38 17 48 62 33 25 68 35 54 13 67 36 29 52 47 59 39 27 21 42 56 65 61 66 63 60 55 45 14 53 41 11 7 6 3 64 49 57 9 24 58 4 18 51 8 5 1 50 26 34 46 12 40 19 10 30 28 32 2 44 37 23 20 31 22
22 37 57 52 28 3 6 44 41 60 2 10 23 68 50 49 67 1 5 46 45 62 4 51 58 9 53 66 7 56 63 61 11 55 19 34 38 15 65 64 40 27 59 8 13 54 12 26 29 17 30 24 21 32 20 48 14 25 47 36 42 16 31 43 39 18 35 33
41 52 38 57 49 43 3 25 44 6 33 2 45 62 29 50 68 36 1 27 46 67 39 10 5 4 9 61 21 54 66 63 14 56 53 60 7 34 59 65 37 11 64 24 19 55 18 58 8 26 28 47 48 23 51 15 42 12 17 30 13 20 22 40 32 35 16 31
31 40 52 3 30 57 43 41 2 7 44 33 32 6 49 1 62 50 36 45 4 68 46 12 8 39 11 9 67 10 61 66 63 54 14 21 60 48 5 59 34 53 65 64 42 56 55 24 58 47 26 28 37 19 18 38 23 51 29 17 27 35 20 15 13 22 25 16
2 3 6 21 1 15 48 10 18 37 16 35 4 34 5 24 7 17 47 9 14 57 13 22 28 42 23 19 68 20 11 46 66 12 63 67 52 62 26 8 60 45 50 65 61 44 56 64 49 59 58 30 40 53 55 43 32 41 36 29 39 54 51 38 27 31 33 25
18 21 40 43 24 34 15 31 33 3 20 16 14 37 30 36 6 26 17 32 39 48 19 2 1 13 4 23 62 22 9 42 61 10 66 68 67 57 28 5 7 63 47 59 46 35 54 65 64 50 8 29 38 11 56 60 27 55 58 49 53 44 12 52 45 25 51 41
35 48 15 6 47 7 40 16 10 21 12 31 42 52 17 5 34 8 30 13 9 3 11 18 24 32 14 45 43 41 19 4 39 20 46 57 68 67 49 26 38 66 1 36 63 2 33 50 65 64 29 58 60 27 44 37 53 56 28 59 23 55 25 62 61 51 22 54
10 6 37 60 5 21 38 22 51 34 18 25 9 43 28 58 40 24 29 23 53 7 14 20 26 27 19 39 52 33 32 11 45 31 4 3 15 68 36 30 67 13 8 49 66 12 41 1 17 65 64 59 62 63 2 57 61 16 50 47 46 56 55 48 42 54 44 35
12 7 21 40 8 6 37 18 31 38 10 22 11 3 24 30 15 5 28 14 32 34 9 25 29 23 27 4 57 2 13 19 46 16 42 48 43 52 1 17 68 39 26 50 45 20 44 47 36 49 65 64 67 66 35 62 63 33 59 58 61 41 56 60 53 55 54 51
51 60 48 34 58 37 7 35 20 15 22 12 53 21 47 26 3 28 8 42 19 38 23 16 17 11 13 14 40 18 4 27 32 2 39 43 62 6 24 1 52 61 29 30 9 25 31 36 59 5 49 65 68 45 33 67 66 54 64 50 63 10 41 57 46 56 55 44
20 34 60 15 26 38 21 51 16 40 25 18 19 7 58 17 37 29 24 53 13 6 27 31 30 14 32 11 3 12 23 9 4 22 61 62 57 43 8 28 48 46 5 1 39 10 2 59 50 36 47 49 52 42 54 68 45 44 65 64 66 33 35 67 63 41 56 55
55 67 3 7 64 40 34 2 12 43 31 20 63 38 1 8 21 30 26 4 11 15 32 33 36 19 39 27 37 25 14 13 23 18 9 6 48 60 29 24 62 42 17 28 53 16 22 5 47 58 59 50 57 61 10 52 46 35 49 65 45 51 54 68 66 44 41 56
1
5 1 4 3 2
2
50 69 76 43 52 71 15 19 34 32 58 73 66 22 77 39 29 78 72 25 28 21 26 16 35 46 5 6 33 10 9 1 14 79 67 55 60 37 40 65 36 23 48 70 54 75 74 11 61 17 68 51 80 27 57 4 53 45 2 18 63 49 38 7 41 56 24 12 31 64 44 59 30 62 42 3 8 20 47 13
17 19 32 34 40 11 1 3 43 7 36 38 22 54 46 35 6 60 33 18 74 14 16 26 39 31 45 29 4 9 10 15 21 67 51 25 78 41 52 48 58 13 65 30 64 28 75 71 27 2 63 79 62 61 55 72 5 53 50 57 68 37 73 76 49 47 12 8 77 66 20 44 42 80 70 69 24 59 56 23
16
19 18 17 15 16 13 14 10 12 11 2 8 9 4 5 1 7 3 6
17 19 18 13 15 16 12 14 4 5 11 2 7 9 10 8 6 1 3
13 17 12 19 18 2 4 9 16 14 15 5 11 10 7 3 1 6 8
16 15 11 17 19 18 10 7 14 8 12 1 13 3 9 6 4 5 2
6 9 1 18 17 19 11 13 3 7 16 12 5 15 14 4 2 8 10
9 11 15 6 13 17 19 18 10 1 4 7 16 8 2 14 3 12 5
8 13 14 4 9 15 17 11 19 18 3 16 2 5 6 10 12 7 1
12 1 9 16 2 3 15 17 18 19 13 10 6 14 8 7 5 11 4
2 6 3 1 11 14 7 8 13 9 19 18 4 17 15 5 16 10 12
5 12 7 10 6 1 2 3 17 15 18 11 19 16 4 13 8 9 14
10 4 13 2 5 9 1 15 6 12 8 3 17 19 18 16 11 14 7
3 10 8 11 12 7 6 2 5 17 1 4 14 18 19 9 15 16 13
11 5 2 9 8 6 16 12 7 13 17 14 10 1 3 19 18 4 15
14 3 10 8 7 5 13 4 2 16 6 9 12 11 1 18 19 15 17
18 8 4 12 14 10 3 6 11 2 5 17 1 7 16 15 13 19 9
7 2 16 14 10 4 5 1 8 6 9 15 3 12 13 11 17 18 19
18
79 80 78 67 76 64 77 75 70 74 53 73 63 72 68 66 52 60 59 58 51 57 45 56 71 69 41 50 55 47 62 48 36 42 65 30 44 38 5 49 29 43 37 40 6 31 61 54 35 39 17 28 46 23 3 10 19 22 14 21 34 12 32 7 1 16 11 9 33 27 8 20 18 13 4 26 24 25 2 15
50 70 79 63 74 67 80 76 77 75 78 53 64 73 58 68 72 51 60 66 59 55 40 57 62 71 69 42 56 52 37 17 41 48 36 47 30 44 38 31 49 45 65 43 1 3 46 61 18 23 21 39 54 28 35 13 12 5 19 9 32 14 10 2 6 26 29 15 34 25 33 8 11 24 7 27 20 16 4 22
73 56 72 43 37 63 70 74 80 76 79 78 67 47 77 58 44 64 51 57 45 66 59 26 75 65 36 52 35 53 71 5 69 50 54 48 22 30 42 55 31 60 46 28 68 11 34 62 29 14 15 40 41 19 18 32 39 21 23 17 8 4 61 12 49 3 6 38 10 16 20 24 27 33 2 25 13 1 7 9
52 66 50 59 34 23 35 71 57 69 44 79 45 78 80 77 38 67 64 56 63 31 60 49 76 75 74 73 58 72 46 9 37 47 20 53 17 48 22 70 68 39 62 51 29 55 41 65 1 7 42 14 13 40 11 61 28 30 43 15 54 2 33 4 3 6 25 5 24 18 36 10 26 32 19 16 8 27 12 21
38 26 52 39 32 12 68 37 49 71 73 48 28 79 70 80 78 63 67 35 64 6 14 58 74 76 75 30 66 15 13 72 65 53 34 22 9 50 47 77 55 59 8 60 57 56 69 41 16 45 44 51 62 2 1 20 40 42 4 5 61 7 54 43 31 27 3 21 46 29 24 36 25 10 23 11 33 18 19 17
53 68 44 14 36 43 57 54 55 46 50 22 39 30 66 70 79 45 63 3 67 56 64 1 33 74 76 78 16 42 75 47 34 52 10 72 73 15 21 80 77 51 61 19 58 6 32 71 31 60 9 23 69 4 25 37 7 17 2 38 24 40 65 28 27 18 49 48 8 26 13 41 29 20 12 35 62 11 59 5
72 27 53 28 24 59 55 36 68 8 47 50 51 38 35 1 73 4 7 49 60 58 67 11 54 37 33 44 57 79 76 78 75 22 46 42 15 21 52 56 80 64 74 63 77 70 65 10 66 12 5 2 71 45 16 41 14 9 40 48 62 23 20 19 29 25 18 17 61 6 34 13 3 69 39 31 32 26 43 30
48 18 5 51 71 39 66 24 27 33 15 21 59 52 56 57 53 43 4 31 7 26 63 25 32 41 46 38 29 73 61 79 8 78 76 17 72 9 50 68 58 67 75 64 80 77 36 13 3 28 47 60 74 12 70 69 2 44 45 22 20 19 62 14 16 35 1 30 37 11 65 34 49 54 40 6 10 55 23 42
21 57 38 40 10 51 56 20 66 65 48 42 2 22 25 31 17 59 43 29 19 16 7 3 41 24 8 53 11 78 33 52 61 79 37 15 5 72 9 26 70 63 13 67 18 80 76 36 68 64 30 12 75 60 77 74 4 47 28 73 71 45 69 23 35 1 27 50 62 55 54 32 58 46 14 49 34 6 39 44
44 58 30 45 69 7 25 32 56 24 52 9 40 42 29 55 21 23 2 18 39 27 4 66 61 54 71 17 26 5 8 73 20 72 62 79 78 53 15 11 16 19 41 59 70 1 33 34 80 67 48 64 76 63 31 75 51 38 12 47 74 43 46 60 77 68 57 22 13 35 10 65 6 36 28 3 37 49 14 50
17 55 21 4 62 45 16 34 18 20 5 72 7 15 57 25 9 12 23 11 2 29 19 27 36 33 54 22 1 44 41 50 46 73 13 78 79 42 30 3 6 40 24 14 56 68 10 69 77 59 38 67 32 64 80 76 60 52 51 53 75 28 71 39 70 31 26 47 65 49 37 74 35 8 43 58 61 66 63 48
9 16 22 19 41 14 27 69 58 32 21 52 23 44 6 56 15 39 12 1 4 11 43 18 8 20 34 5 49 30 74 38 54 17 33 73 50 79 53 35 57 28 10 2 26 25 13 24 70 63 78 7 37 67 68 36 64 48 60 42 76 51 75 59 80 77 31 72 71 3 61 62 66 65 45 55 46 29 40 47
47 35 17 23 13 28 29 41 31 37 42 5 19 48 11 6 22 7 14 25 12 1 39 16 20 36 24 72 18 9 54 15 74 30 71 38 21 78 79 66 56 2 33 4 3 27 8 32 55 43 50 45 34 59 49 46 67 53 64 44 10 63 76 40 26 80 77 52 75 70 69 61 57 62 51 68 65 58 60 73
22 29 9 7 33 60 26 10 16 34 72 30 43 17 49 27 42 2 19 6 23 35 12 31 37 62 32 15 25 48 24 44 13 5 8 21 38 47 73 57 66 4 54 39 55 18 20 46 56 40 79 63 36 14 58 71 45 78 67 50 65 64 41 51 11 70 80 53 76 77 75 69 68 61 59 1 74 3 28 52
42 25 47 60 46 40 31 62 26 13 38 15 12 50 55 49 5 14 45 16 28 18 2 6 24 34 61 48 3 21 36 30 33 9 32 44 52 17 72 1 11 23 20 7 27 58 37 8 57 4 22 19 10 43 56 65 59 79 39 78 41 67 74 64 68 29 35 73 54 80 76 75 77 71 63 66 69 70 51 53
30 49 42 2 65 19 18 46 35 10 9 38 4 21 26 3 50 28 40 27 14 25 23 55 34 61 37 47 31 22 20 53 24 15 41 5 48 73 17 29 1 7 32 12 16 66 54 33 58 51 52 43 8 39 6 62 63 72 59 79 13 60 36 67 56 11 70 44 69 57 74 76 80 75 64 77 71 68 45 78
78 31 15 12 8 4 49 33 25 41 17 44 60 5 27 35 30 19 28 55 40 3 51 29 46 32 20 21 6 50 34 42 10 38 61 9 47 22 48 58 26 14 36 23 66 16 24 37 11 2 53 59 65 7 57 54 43 73 63 52 69 39 13 45 18 56 68 79 74 1 62 71 70 76 67 80 75 77 64 72
15 77 48 64 75 2 58 65 29 36 30 17 14 53 31 18 47 40 39 26 43 49 28 35 69 46 13 9 27 38 10 22 32 21 24 52 42 5 44 16 3 12 34 45 11 57 62 20 6 19 73 4 61 51 66 8 23 50 7 72 33 59 37 63 25 55 56 78 41 68 71 54 1 74 60 70 76 80 67 79
1
9 1 12 10 6 7 3 13 8 2 5 4 11
3
10 8 1 4 3 5 7 9 6 2
2 10 3 5 4 8 9 1 7 6
4 7 2 10 1 6 8 5 9 3
10
69 9 37 68 78 35 33 56 1 10 46 52 65 32 26 80 24 36 79 20 75 4 77 63 66 14 55 8 71 67 61 41 30 21 7 73 16 53 2 29 72 39 74 45 54 23 34 22 6 44 48 50 18 13 3 15 25 76 42 70 47 59 31 60 64 62 40 49 27 57 38 12 58 11 17 5 43 19 28 51
2 76 77 65 23 17 44 50 74 56 37 29 78 8 36 61 73 26 64 12 80 79 33 19 39 62 67 52 51 21 63 30 55 60 71 25 75 49 16 18 7 13 58 4 57 72 53 69 40 22 20 54 32 10 35 38 24 34 5 45 46 9 59 31 48 3 43 6 15 28 27 70 11 42 41 14 66 1 68 47
5 36 74 60 68 24 75 12 9 27 53 3 42 62 33 71 54 17 66 40 69 61 16 49 77 32 80 70 10 13 29 21 37 65 11 79 6 45 78 51 26 76 35 20 4 52 44 73 38 23 58 57 19 55 22 56 72 1 34 48 25 7 41 18 39 46 8 64 59 30 31 67 50 14 15 63 28 43 47 2
53 27 72 51 7 71 47 36 35 64 1 38 14 56 57 49 31 59 6 68 10 40 26 12 15 33 8 78 80 62 67 9 52 18 77 61 79 25 70 5 39 23 21 3 30 69 20 37 32 2 74 46 73 48 75 42 4 22 50 16 34 11 76 24 41 66 44 13 17 63 28 29 19 55 58 65 54 45 43 60
47 37 67 43 5 56 32 78 6 3 74 68 50 66 31 14 19 53 57 2 36 38 75 69 62 27 40 76 49 15 42 44 7 41 21 77 9 79 80 39 29 35 12 64 55 51 8 65 73 54 71 63 10 34 30 23 20 72 18 25 16 33 1 52 24 26 17 61 70 45 58 60 13 22 48 11 46 4 59 28
42 11 60 32 31 65 19 29 63 72 22 51 43 17 55 3 47 33 78 50 44 36 56 38 75 37 59 68 70 10 64 5 57 71 1 12 2 21 73 24 52 14 27 79 20 61 58 53 28 80 6 4 54 30 9 49 74 62 8 15 7 25 18 23 46 48 76 77 16 26 67 45 39 69 66 13 40 35 41 34
43 51 55 30 63 61 15 53 26 11 2 67 60 47 22 17 14 56 58 5 27 65 42 6 69 12 33 19 62 49 36 66 68 13 50 71 59 75 40 10 3 29 72 35 24 8 16 21 57 38 45 44 78 39 74 80 73 54 52 1 77 70 34 76 7 18 25 46 23 20 79 28 4 37 9 64 32 41 48 31
61 39 13 5 22 69 48 74 29 15 63 17 1 23 38 58 55 45 25 65 19 60 67 14 11 75 51 54 34 26 2 18 9 64 46 56 21 43 47 8 6 24 10 27 66 36 28 4 53 68 40 41 71 31 37 79 42 30 57 32 59 35 20 3 70 80 12 73 44 77 50 78 49 52 76 72 33 16 62 7
71 18 50 73 48 67 28 14 77 24 4 53 79 43 72 35 51 38 41 63 17 75 58 42 33 23 32 69 44 76 52 25 15 57 64 31 12 62 68 22 9 55 49 37 1 56 66 29 65 39 46 61 2 20 13 47 5 7 40 10 3 19 74 36 60 59 78 27 30 21 80 16 26 54 11 45 70 34 6 8
58 63 38 24 1 45 52 51 11 55 60 13 8 22 65 70 9 62 28 36 6 14 12 43 35 67 68 17 47 48 37 19 18 74 5 40 46 56 61 7 49 50 41 26 2 33 15 72 42 31 27 78 53 16 10 29 64 3 54 30 57 66 73 32 20 39 59 75 4 25 69 44 21 80 34 76 79 77 71 23
16
18 17 16 15 14 13 11 6 10 9 12 7 3 8 1 4 5 2
16 18 17 13 15 14 6 1 11 10 9 12 2 3 8 7 4 5
12 16 18 17 13 10 14 15 7 4 8 9 5 11 3 6 2 1
14 15 12 18 17 16 13 9 1 6 5 8 7 4 11 2 10 3
8 14 15 16 18 17 1 10 9 13 6 11 4 2 5 12 3 7
3 8 11 4 16 18 17 13 2 1 15 10 14 12 6 5 7 9
15 9 14 12 7 11 18 17 13 16 2 6 1 5 4 3 8 10
4 1 5 14 6 15 16 18 17 7 3 13 11 10 2 8 9 12
7 4 2 3 11 5 15 16 18 17 10 14 8 1 12 9 13 6
2 13 8 5 10 3 12 14 16 18 17 15 6 7 9 1 11 4
11 7 6 8 3 4 5 12 15 2 18 17 9 16 10 13 1 14
5 2 1 6 12 7 4 3 8 15 14 18 17 9 13 10 16 11
10 11 3 9 2 1 8 5 4 14 7 16 18 6 15 17 12 13
13 10 9 2 5 6 7 8 3 12 1 4 15 18 14 11 17 16
9 5 13 1 4 12 3 7 6 8 11 2 10 15 16 14 18 17
17 3 10 11 9 8 2 4 14 5 16 1 12 13 7 15 6 18
8
15 17 13 16 5 8 9 14 11 10 12 4 6 7 2 3 1
9 15 6 7 16 17 8 3 13 1 11 2 12 14 10 4 5
5 4 15 13 3 2 6 10 8 17 9 7 16 12 11 1 14
8 14 5 3 6 9 11 7 2 15 17 12 10 16 1 13 4
13 11 10 6 1 7 12 5 9 3 14 8 4 17 16 15 2
14 12 9 8 7 4 1 6 5 2 10 11 3 15 17 16 13
6 10 12 4 8 1 7 11 3 5 15 9 2 13 14 17 16
16 13 14 9 4 6 3 1 7 12 8 10 5 11 15 2 17
0
7
76 80 30 4 24 79 26 25 74 35 78 34 8 67 1 77 16 20 42 32 19 53 40 37 27 22 38 65 5 11 63 33 23 47 10 9 31 44 50 46 21 55 58 36 52 59 60 41 48 51 57 2 28 62 15 54 39 69 49 13 71 43 45 61 68 29 64 3 12 75 66 14 7 70 17 6 56 18 72 73
78 17 20 18 11 25 79 80 75 77 19 35 3 22 12 42 14 24 41 76 21 67 27 2 72 38 23 8 30 31 34 32 57 5 47 51 26 55 73 53 66 50 40 44 29 49 54 37 58 46 59 74 52 48 28 62 45 56 15 10 43 33 16 64 63 69 39 7 4 13 61 1 36 9 68 71 60 6 70 65
72 18 4 21 9 24 17 37 44 3 7 79 13 26 33 6 73 11 46 30 25 36 50 40 19 35 67 75 28 8 49 42 41 34 52 32 27 62 45 16 68 38 53 47 14 48 80 29 77 58 23 5 55 20 66 12 54 71 56 76 31 59 74 1 61 57 51 63 69 39 15 65 10 64 78 60 43 22 2 70
22 35 15 10 16 74 48 34 37 46 4 7 70 73 77 39 20 21 26 18 6 13 30 19 24 17 40 28 1 27 25 36 11 42 14 41 23 67 61 38 45 32 44 52 3 65 63 80 60 49 47 75 50 78 72 2 53 33 59 68 62 51 8 56 58 66 55 79 9 5 71 57 29 31 12 69 76 54 64 43
34 65 70 68 10 38 7 67 12 76 24 22 4 17 30 36 3 1 78 45 20 15 37 11 41 39 18 19 46 5 6 13 43 2 42 27 35 29 53 50 69 40 16 26 32 52 28 23 21 47 51 54 49 61 14 55 9 72 44 48 74 64 25 33 56 59 57 60 63 66 31 80 58 75 73 79 71 8 77 62
77 21 34 13 20 17 54 39 36 41 3 2 7 78 25 65 10 73 12 35 22 47 38 24 42 4 51 30 18 19 66 6 1 37 9 52 48 31 8 23 26 15 27 16 49 60 55 32 53 50 40 67 44 11 75 5 28 29 46 63 45 70 14 43 33 62 61 68 71 59 58 64 56 57 74 80 79 69 76 72
79 75 25 78 19 40 34 29 45 44 27 8 10 65 73 43 12 7 77 31 23 48 4 18 21 36 17 26 22 30 1 35 16 38 11 42 76 33 72 59 20 2 32 28 47 56 37 39 24 53 52 3 14 5 62 15 50 58 54 6 49 60 13 46 55 67 63 51 70 41 64 66 9 71 69 61 80 57 74 68
7
10 9 8 7 2 5 6 3 1 4
8 10 9 4 1 7 5 6 2 3
6 3 10 5 9 2 7 8 4 1
5 8 6 10 4 1 3 9 7 2
7 6 5 3 10 4 2 1 9 8
4 7 3 2 5 8 1 10 6 9
9 5 7 1 6 3 4 2 8 10
13
69 77 75 71 72 76 74 70 68 73 57 64 67 47 65 63 40 61 59 66 56 58 62 53 54 48 44 60 43 46 42 28 49 38 23 17 55 16 36 35 50 37 33 30 27 5 34 20 22 52 18 11 51 41 15 10 39 8 6 4 45 31 24 2 25 19 14 32 13 12 29 3 26 21 7 9 1
66 70 68 77 75 64 76 71 72 56 46 74 69 57 73 59 35 63 61 67 65 49 55 44 58 53 48 62 6 47 4 3 54 10 26 19 60 28 40 36 32 2 18 33 37 16 9 27 43 34 30 52 23 31 42 38 25 50 20 5 51 22 11 29 15 17 12 24 14 1 41 21 45 39 8 7 13
55 46 30 70 68 54 64 77 75 44 71 76 66 15 56 74 72 59 58 69 73 61 67 65 63 22 2 8 48 3 47 57 10 19 49 26 34 39 35 33 60 53 36 40 41 21 62 29 37 9 13 50 17 27 28 23 16 7 31 25 38 43 52 20 42 45 1 11 18 14 6 5 51 4 32 24 12
60 47 36 42 12 61 54 5 33 48 77 58 32 71 43 76 75 74 64 24 20 63 69 73 38 65 56 67 53 70 57 15 23 49 59 51 66 46 72 68 62 22 40 14 44 3 8 2 41 50 35 7 45 6 39 17 4 55 37 28 10 29 34 27 21 26 30 9 1 13 31 16 19 25 52 11 18
52 42 14 47 1 63 59 46 13 43 70 54 62 77 48 64 68 76 74 7 44 10 66 56 61 73 65 69 31 71 25 16 17 58 38 49 67 15 75 72 55 27 30 36 22 57 60 53 29 11 40 32 26 37 21 45 28 9 2 3 19 41 50 6 39 51 33 8 12 18 20 4 23 5 24 34 35
62 57 13 46 33 51 61 47 18 53 5 26 11 70 44 45 36 64 76 32 48 74 7 20 59 56 73 66 65 77 71 39 58 54 17 38 69 21 68 75 67 41 72 1 29 28 24 37 2 8 12 55 19 22 3 49 15 34 27 16 23 6 9 31 4 63 40 52 35 30 43 25 10 42 50 60 14
8 4 1 25 13 38 23 42 14 6 3 63 52 28 31 19 18 51 10 9 43 76 60 2 74 37 27 7 73 16 77 71 59 61 45 54 50 57 12 30 69 65 75 68 53 47 67 48 20 62 72 66 58 44 5 64 46 24 29 21 26 56 55 41 70 49 36 34 33 35 22 39 17 15 11 32 40
50 28 12 4 40 23 38 57 1 37 25 61 9 46 6 26 13 54 63 11 53 64 32 31 76 44 22 24 56 15 70 77 74 45 19 58 7 47 14 18 66 73 35 75 48 71 69 65 27 67 33 62 59 29 16 51 21 52 41 39 17 20 8 43 5 10 72 60 68 36 2 42 49 3 34 55 30
34 21 33 5 36 59 63 15 30 29 47 51 24 3 20 58 12 26 54 52 22 38 9 48 19 2 31 55 44 25 46 70 76 17 10 45 62 77 1 14 7 56 13 18 73 39 66 41 6 69 75 67 61 53 4 74 57 11 43 42 49 65 32 37 71 23 35 50 72 40 27 28 64 16 60 8 68
11 5 18 39 30 58 45 21 35 20 42 17 60 25 41 61 1 19 26 62 29 54 34 43 10 31 37 32 2 28 3 4 63 59 51 23 8 70 13 12 24 6 14 72 56 77 52 73 53 7 68 69 49 48 57 76 47 67 44 46 74 27 66 22 16 64 75 55 40 33 65 15 38 71 9 50 36
9 39 40 21 14 49 58 4 36 41 15 59 50 5 29 17 30 45 19 60 6 26 52 22 23 20 53 11 27 57 16 46 64 51 61 10 24 3 18 13 8 44 12 35 2 70 32 56 31 66 1 34 54 43 25 63 42 69 48 47 76 73 7 65 77 38 68 62 75 72 37 71 74 28 55 67 33
67 71 35 16 18 74 17 39 40 65 21 23 55 42 27 51 14 58 45 50 41 59 24 29 49 43 20 34 22 5 15 25 38 26 54 61 11 4 33 1 9 31 68 12 6 46 7 44 48 32 36 8 10 2 47 19 3 62 53 57 64 37 60 73 28 76 13 66 30 75 56 77 63 70 69 52 72
24 16 72 57 35 17 51 25 12 27 39 45 8 21 53 54 33 10 49 55 31 19 11 41 64 29 43 52 37 42 28 47 61 23 58 59 32 71 30 40 34 48 1 13 65 4 50 6 44 60 14 9 38 20 46 26 5 66 22 15 63 2 62 56 3 74 18 7 36 68 73 70 76 77 67 69 75
20
80 79 30 78 60 39 77 31 74 42 73 75 76 67 59 72 34 37 70 25 64 41 6 11 24 43 36 29 45 1 44 21 20 32 33 5 4 27 14 50 18 49 52 15 54 47 57 7 40 58 3 16 13 71 66 61 69 35 53 26 56 51 55 46 22 65 63 17 8 19 38 12 23 48 28 9 10 2 68 62
47 77 80 56 39 55 72 68 79 36 78 70 74 76 50 38 32 42 44 16 8 37 31 43 35 18 11 45 24 41 22 17 1 9 27 40 51 53 48 34 6 52 49 4 71 20 60 66 58 75 21 63 28 69 64 73 67 61 33 2 46 15 26 7 29 59 5 54 65 3 30 14 25 19 62 57 13 10 23 12
71 31 79 43 57 68 80 26 72 73 69 9 34 2 61 42 74 76 12 59 78 64 47 70 39 16 24 11 25 27 23 5 37 28 10 33 18 38 36 46 40 22 50 30 45 1 49 29 19 51 62 58 75 77 44 56 32 41 63 7 4 66 54 67 52 21 60 15 3 14 65 13 20 53 35 55 48 17 6 8
74 47 64 76 40 78 42 43 31 80 71 45 38 25 55 36 20 11 7 10 5 72 21 27 17 3 51 6 30 33 16 26 44 2 32 28 52 41 67 39 34 8 24 18 70 50 75 54 37 73 35 68 22 49 48 13 79 57 66 4 69 63 56 58 60 12 46 29 9 15 61 53 14 23 65 62 59 19 77 1
63 43 19 25 74 75 39 78 70 79 80 28 47 73 36 32 76 14 11 44 4 31 10 38 6 13 45 27 57 26 33 2 49 21 24 16 30 37 56 29 53 7 9 40 72 3 50 20 48 54 52 61 66 34 68 41 46 1 35 77 67 65 22 60 8 42 64 5 58 62 23 51 17 18 15 12 69 59 55 71
43 40 72 74 31 41 52 75 42 77 22 78 68 80 66 27 15 23 47 11 25 36 9 32 30 14 38 12 29 24 34 33 16 26 6 39 44 49 45 53 3 35 37 28 4 54 67 76 7 2 50 64 46 59 56 62 48 79 70 21 1 60 65 71 13 63 73 10 51 20 18 17 58 8 19 5 57 69 61 55
46 61 56 68 43 47 60 1 45 39 25 71 35 78 42 40 64 80 26 48 14 34 19 23 31 7 55 32 36 38 27 9 21 12 44 6 16 51 41 24 57 28 18 49 22 33 77 75 52 29 58 70 37 76 54 69 65 13 74 79 62 50 67 10 59 2 72 30 5 4 20 73 53 63 17 3 8 15 11 66
44 71 31 57 38 67 46 42 35 1 77 25 63 51 74 45 26 8 34 36 22 43 78 14 27 47 30 24 20 39 6 11 48 23 50 32 49 52 80 28 17 21 3 33 69 59 16 18 41 40 65 37 76 72 29 55 58 75 61 12 79 73 9 68 19 56 2 13 54 10 64 4 70 60 53 15 66 62 7 5
45 41 21 30 35 32 36 72 15 66 19 53 24 54 62 44 22 1 6 52 43 26 48 25 8 70 47 14 11 2 10 46 4 13 12 42 31 39 78 51 29 23 33 34 49 38 68 64 3 80 40 60 61 56 37 28 27 50 5 75 77 79 16 73 7 76 69 71 67 58 9 20 65 74 55 59 17 18 63 57
58 59 52 75 76 30 55 36 33 47 21 74 31 57 45 77 60 22 35 5 42 19 12 24 37 10 41 44 13 14 43 40 25 39 26 8 50 32 27 15 23 1 17 38 53 7 34 78 16 66 6 54 68 29 51 70 80 73 71 11 28 48 46 79 65 9 56 69 49 72 63 18 4 2 20 61 64 67 62 3
54 67 17 34 24 21 65 62 30 31 9 36 43 71 77 14 40 26 51 45 29 52 64 42 4 8 25 38 50 35 49 20 19 22 48 12 10 44 5 27 39 47 15 23 2 32 33 1 56 63 53 41 18 58 69 37 76 6 46 80 59 28 57 72 79 68 78 55 60 16 13 66 7 73 3 11 61 75 74 70
41 69 23 72 26 53 54 37 9 19 31 43 66 47 73 29 44 12 42 7 35 46 8 3 36 30 13 40 2 17 28 45 50 14 21 22 27 18 32 25 4 33 39 1 11 15 62 71 55 6 51 57 60 38 58 49 78 34 75 20 64 80 24 77 10 5 70 74 79 56 52 68 76 67 48 16 63 65 59 61
62 70 59 67 41 23 68 39 34 46 38 15 65 72 3 37 33 74 50 12 17 55 35 31 29 42 8 10 40 22 25 27 2 5 36 44 21 19 51 43 47 24 7 32 26 6 30 45 1 76 13 18 63 60 57 48 49 54 28 78 73 52 80 66 16 77 61 20 69 79 71 56 75 4 9 53 11 14 64 58
69 63 67 23 55 37 41 46 26 62 40 29 77 9 30 68 66 31 2 56 45 59 25 16 22 34 64 47 15 7 36 10 35 8 13 19 17 42 43 5 14 11 27 20 32 39 38 44 12 74 49 50 3 21 18 51 28 48 4 54 76 58 53 6 80 24 75 60 1 61 72 79 73 52 33 70 71 57 65 78
57 32 13 69 30 61 63 60 56 50 23 20 70 36 72 55 45 46 33 2 59 29 43 26 5 39 31 42 3 34 47 24 14 25 9 21 12 16 44 8 48 40 22 17 51 19 27 53 38 37 4 6 35 64 7 66 54 78 62 68 52 41 28 74 67 80 65 11 77 75 15 1 79 49 10 71 58 76 18 73
49 33 69 9 65 62 71 40 18 41 60 48 64 31 68 26 59 72 21 32 37 16 36 39 19 35 61 43 47 42 38 23 10 20 4 1 13 30 73 45 44 25 46 29 8 11 55 15 53 34 17 3 50 63 52 74 7 27 22 24 12 78 70 75 14 28 76 80 66 2 57 77 51 79 58 54 6 5 67 56
73 65 18 12 58 57 69 13 32 54 35 66 46 41 28 71 37 53 36 38 23 22 55 21 43 44 60 64 10 19 17 30 42 45 20 11 26 47 62 9 33 31 25 8 29 24 51 27 59 1 34 49 39 40 16 52 61 15 14 70 7 76 50 78 3 4 48 68 72 6 5 63 56 80 74 79 67 77 2 75
53 37 15 62 69 25 67 61 57 29 28 58 73 11 39 30 43 66 40 49 38 23 33 12 64 1 5 59 60 32 31 41 36 10 34 24 20 46 21 42 50 14 8 45 9 44 19 47 65 3 22 35 17 27 55 16 51 52 26 13 70 18 7 56 2 54 74 4 63 68 6 48 77 72 75 80 78 71 76 79
79 44 25 45 67 48 61 41 17 60 58 56 69 15 53 10 63 40 74 70 34 12 72 59 11 46 28 26 62 36 14 43 31 35 47 30 42 21 9 19 37 38 23 16 3 22 32 24 29 55 7 20 33 13 27 18 66 39 50 6 8 64 2 1 73 57 49 52 4 51 78 54 68 71 5 65 76 80 75 77
75 38 22 8 34 60 58 12 67 69 56 63 61 55 76 66 24 27 3 23 19 51 46 9 25 29 4 31 43 15 42 37 13 36 40 14 5 2 71 44 41 26 20 35 48 45 11 30 57 47 28 21 32 50 39 33 64 72 65 10 54 62 17 53 6 7 1 70 59 49 16 52 78 68 18 77 74 79 73 80
0
7
10 12 9 11 2 8 7 4 3 1 5 6
2 8 12 9 3 11 5 10 7 6 1 4
5 11 10 12 9 6 4 7 8 2 3 1
6 4 8 2 12 9 1 5 10 7 11 3
11 1 7 6 10 5 3 9 4 12 8 2
4 9 6 7 8 1 2 3 5 10 12 11
7 2 11 5 1 4 6 8 9 3 10 12
9
14 16 2 13 15 12 5 9 3 8 7 11 10 4 1 6
11 15 16 8 13 2 3 12 14 7 9 4 1 6 10 5
8 12 15 16 10 7 11 2 4 14 1 6 3 9 5 13
6 1 8 12 16 9 15 11 5 10 4 7 14 13 2 3
3 2 10 6 7 16 14 5 8 15 13 12 11 1 4 9
7 8 6 11 3 5 16 10 12 2 15 9 4 14 13 1
5 6 9 1 11 3 13 4 7 16 12 2 8 15 14 10
15 10 13 9 6 1 4 7 11 5 8 3 16 2 12 14
9 5 7 14 12 13 8 1 6 11 3 10 2 16 15 4
5
74 60 78 70 77 80 75 67 42 51 31 79 59 62 38 24 23 45 76 40 72 69 52 71 37 68 73 64 57 56 41 53 36 27 48 12 44 34 21 47 35 63 50 39 29 33 65 61 49 55 26 54 5 30 32 2 3 10 66 43 20 18 17 25 58 8 28 22 15 13 46 14 19 16 7 1 11 9 6 4
34 44 49 33 53 65 52 20 36 60 21 23 56 75 79 31 38 67 47 42 58 76 62 74 70 80 77 61 59 57 22 73 40 41 5 10 51 71 24 69 1 64 78 16 17 37 68 63 50 3 25 28 48 8 2 32 55 12 72 7 45 6 29 26 66 30 54 27 13 15 14 46 4 39 43 35 9 11 18 19
29 39 32 18 26 30 48 11 35 16 19 12 54 5 10 4 79 9 43 1 46 7 75 17 6 8 25 55 28 59 15 77 42 13 62 38 60 74 31 76 40 3 2 51 71 70 80 64 78 63 73 57 52 68 50 49 61 23 14 69 67 37 34 53 72 65 56 41 27 22 66 58 24 44 47 36 45 20 33 21
17 16 2 6 25 8 5 9 1 44 4 10 28 52 23 21 12 20 7 36 14 47 48 34 33 65 53 3 56 54 13 26 35 22 75 79 39 29 19 43 42 61 49 60 74 18 30 55 32 64 77 59 62 80 78 50 63 38 58 76 11 70 71 73 46 68 57 15 41 27 72 66 31 51 69 40 67 45 37 24
71 51 50 37 73 68 62 45 40 39 24 38 57 48 12 19 10 11 69 35 66 43 5 29 18 30 26 63 54 28 27 25 1 15 52 23 16 17 4 7 36 55 32 44 34 6 8 3 2 61 53 56 75 65 49 78 64 79 46 47 9 33 74 77 14 80 59 13 22 41 58 72 21 60 76 42 20 67 70 31
55
80 77 79 72 71 78 76 73 75 74 50 69 60 63 70 66 57 68 65 64 56 67 59 51 44 62 61 36 54 43 52 33 46 55 29 21 58 53 32 39 34 10 42 38 47 41 25 28 45 49 6 23 37 16 2 48 30 24 19 20 40 3 1 17 12 35 14 7 26 13 27 11 22 5 18 8 31 4 9 15
77 80 75 79 73 76 78 74 71 72 70 57 56 69 64 59 63 66 61 38 67 65 21 37 68 60 58 51 28 46 50 48 43 62 44 55 45 54 53 52 32 1 34 33 36 20 47 2 29 40 25 42 23 6 41 9 3 49 39 17 16 18 10 30 19 13 4 24 7 5 12 35 14 22 11 27 15 31 26 8
78 72 69 77 80 79 74 75 76 73 21 63 71 37 66 64 70 57 59 60 61 62 68 65 56 67 46 43 42 50 54 51 34 38 58 52 55 47 36 33 35 29 6 48 39 4 53 24 25 44 49 32 2 30 40 45 27 31 10 7 20 41 19 8 5 12 15 1 28 11 16 23 3 13 9 17 22 14 18 26
73 70 74 64 79 80 77 72 78 76 65 75 67 66 59 71 68 58 63 57 69 32 60 56 36 51 49 61 6 53 44 35 47 54 55 31 38 62 40 18 45 52 50 21 16 29 34 41 23 24 2 48 43 46 20 17 33 22 5 8 28 39 13 10 42 25 37 14 12 26 4 19 7 9 3 1 27 15 11 30
63 21 73 75 77 36 80 79 69 78 61 71 76 60 44 72 66 45 70 74 65 55 62 59 67 64 32 56 51 68 53 57 23 50 46 58 17 38 47 35 54 5 2 39 6 18 16 52 48 33 42 34 29 40 49 43 24 7 41 13 30 26 20 22 9 37 25 19 31 8 10 14 12 1 4 28 11 27 15 3
70 75 77 74 72 59 79 50 80 69 78 73 55 54 76 68 65 71 27 31 64 57 58 62 61 63 66 67 56 11 38 60 18 42 47 51 53 43 7 28 8 20 17 36 52 37 14 4 5 32 45 40 19 24 46 44 48 1 21 49 25 15 2 39 22 41 34 33 29 6 9 3 30 26 35 16 23 10 12 13
76 64 11 59 55 71 73 69 79 80 48 78 74 77 75 56 61 72 66 49 45 70 63 60 31 65 43 39 68 57 28 62 44 58 38 67 1 4 33 53 5 54 52 50 18 46 21 42 47 27 19 36 34 23 8 14 51 40 37 9 24 32 25 7 41 17 30 26 20 16 15 6 10 2 22 35 12 3 13 29
47 76 70 68 64 73 66 51 77 79 80 10 78 71 74 69 72 17 75 59 58 63 65 38 48 27 60 54 61 62 32 53 28 67 35 20 57 52 56 23 55 25 1 42 41 50 33 8 15 12 46 21 13 44 6 49 37 29 26 4 11 9 14 43 40 24 39 22 45 31 34 2 18 7 19 30 36 5 3 16
71 47 66 73 75 77 22 32 74 56 79 58 80 78 69 76 67 49 43 72 57 64 55 50 70 44 68 65 60 61 63 46 17 45 51 33 8 27 54 59 24 41 39 4 15 62 11 5 19 37 53 35 52 28 14 21 26 2 9 38 34 10 48 40 16 18 1 12 30 7 13 29 23 3 36 42 20 25 6 31
72 74 54 44 57 64 70 68 73 77 76 61 79 80 71 78 75 50 21 66 51 31 69 58 33 38 55 59 63 65 29 17 67 25 19 53 60 49 8 3 62 40 37 56 45 15 27 9 41 48 43 10 47 11 24 36 16 28 34 5 7 42 26 52 13 46 35 32 39 22 30 20 2 14 6 12 18 1 4 23
60 73 41 58 42 62 59 64 72 15 68 76 77 79 80 75 78 43 67 44 70 74 66 71 3 69 31 63 49 51 56 52 65 19 54 2 61 37 48 16 23 55 35 57 46 34 28 10 26 20 47 50 53 36 21 27 45 32 4 12 5 29 38 33 24 30 11 18 40 39 22 9 6 8 14 13 17 7 1 25
65 71 76 41 66 60 23 61 54 68 63 55 75 30 79 80 77 78 74 34 72 51 70 26 73 58 69 37 15 31 42 40 64 59 28 39 16 9 49 27 53 62 7 67 57 1 36 44 35 52 22 46 56 33 11 25 12 8 50 45 21 48 43 14 4 3 47 10 38 19 5 18 29 24 20 32 13 6 17 2
75 78 56 69 74 55 63 27 47 64 32 31 62 68 73 79 80 77 72 71 76 45 54 70 49 57 39 5 38 59 34 3 53 12 65 66 51 67 60 15 50 17 25 58 40 23 13 16 61 6 28 14 42 52 48 33 43 19 44 21 8 36 41 29 46 10 9 11 35 20 7 30 37 4 26 18 2 24 22 1
50 57 48 56 78 75 62 71 67 61 42 27 58 74 60 63 76 80 79 77 54 22 52 72 51 73 70 49 37 39 64 59 16 28 69 46 68 55 66 65 31 43 41 2 53 35 40 36 13 4 17 47 18 26 25 30 6 15 7 1 44 21 9 32 11 33 8 23 14 38 29 10 24 45 12 3 19 20 34 5
44 43 60 11 59 65 35 54 63 66 75 72 57 42 61 77 38 79 78 80 47 68 67 73 74 76 33 69 46 70 24 6 71 40 9 62 20 18 25 58 36 50 64 8 55 53 26 56 12 23 30 28 1 13 45 41 31 34 3 29 15 49 51 5 32 48 21 52 4 27 19 7 16 37 10 22 39 2 14 17
61 41 57 62 47 28 50 65 56 59 38 15 69 75 17 60 44 64 55 78 80 79 43 53 72 77 74 71 76 73 39 63 70 37 34 8 52 29 4 45 68 67 54 66 42 36 5 20 51 46 58 33 27 10 13 2 18 35 23 19 48 16 40 3 49 32 22 25 6 12 11 1 9 31 21 26 14 30 7 24
48 18 53 43 44 19 64 76 65 6 11 41 49 59 2 22 74 23 77 28 79 80 61 25 78 72 24 73 69 15 70 20 63 68 75 71 62 17 67 56 33 51 29 52 37 60 58 54 57 26 21 27 30 66 34 8 46 10 45 50 4 55 31 9 35 14 42 47 13 3 38 36 1 32 39 40 16 12 5 7
42 55 47 57 28 22 58 19 53 38 74 2 73 51 27 1 41 75 56 62 77 72 80 79 71 78 40 4 59 54 76 68 7 69 60 24 70 64 43 46 65 11 61 37 67 66 63 13 21 9 35 12 3 31 15 39 52 45 20 16 50 8 23 34 14 5 49 29 48 17 26 33 44 36 30 6 25 32 10 18
49 66 21 50 70 42 72 14 43 57 62 7 59 73 11 74 58 38 76 55 78 75 79 80 53 61 77 32 1 45 69 5 40 71 8 3 54 6 44 64 60 26 20 65 56 67 68 19 36 13 9 30 4 63 39 52 22 23 12 33 46 34 37 51 10 47 18 41 16 28 48 17 31 27 2 15 24 29 25 35
45 22 2 33 48 43 36 12 32 21 51 65 47 56 55 19 15 63 23 75 71 69 76 78 79 80 64 66 77 74 73 44 1 70 72 60 13 34 68 62 61 58 59 46 50 8 4 53 52 57 40 24 25 67 35 6 29 5 31 3 9 14 39 38 30 20 7 49 54 41 28 16 11 18 27 37 26 17 42 10
66 49 36 47 37 44 7 31 18 27 71 59 50 64 34 57 73 61 19 54 74 78 77 55 69 79 80 75 22 72 43 76 35 9 70 1 30 63 62 68 67 53 45 25 65 21 15 3 10 51 52 29 58 14 12 60 56 6 33 39 17 5 28 42 2 26 40 16 41 24 23 38 46 11 32 4 8 13 20 48
19 63 71 49 36 38 30 55 50 22 66 54 32 61 12 3 42 2 11 27 75 59 78 76 46 53 79 74 80 24 77 39 60 73 20 69 7 72 13 70 58 16 5 35 62 51 64 33 34 8 37 67 14 43 29 40 65 56 1 6 31 28 47 15 48 9 68 45 21 57 17 26 52 41 25 23 10 18 44 4
34 6 55 54 58 61 27 44 36 9 64 47 17 48 29 42 23 37 60 45 14 71 50 66 28 74 78 79 73 80 59 69 76 15 39 75 63 77 20 38 25 65 12 72 70 16 46 51 62 5 57 68 10 7 1 56 67 43 49 53 2 52 11 26 3 40 41 30 33 18 31 13 35 21 8 19 4 22 24 32
4 13 3 48 22 11 37 67 31 30 44 14 15 32 19 73 35 42 52 23 63 60 75 74 6 59 50 77 79 78 65 80 29 51 45 68 72 76 64 40 20 70 69 55 66 7 71 1 46 36 12 54 8 25 58 28 62 57 24 56 53 17 61 18 43 21 33 34 10 9 39 47 26 38 41 2 5 16 27 49
29 37 45 66 62 2 69 33 14 36 9 1 10 3 32 67 64 41 6 17 28 76 72 75 55 39 63 27 44 79 78 73 80 74 77 16 35 59 24 20 71 7 48 68 11 70 65 61 53 58 51 52 54 8 23 57 38 60 13 22 56 4 46 49 18 50 12 43 25 15 42 34 21 47 40 5 30 26 31 19
53 61 37 31 2 69 57 11 64 62 5 36 6 43 48 65 60 12 38 19 55 23 17 32 35 47 71 24 75 76 79 78 54 80 74 77 15 13 72 34 63 39 73 70 20 27 22 66 56 67 41 8 9 58 26 42 68 50 59 14 18 44 3 21 52 49 10 46 51 1 45 4 25 16 7 29 28 33 30 40
43 54 18 40 34 1 42 10 49 53 13 60 45 76 56 36 48 24 51 46 19 77 64 44 9 75 73 41 4 23 61 70 78 79 80 63 74 71 38 14 39 59 65 28 68 30 72 17 11 55 16 5 15 27 3 50 57 67 66 26 69 62 32 37 25 6 20 2 8 21 52 12 33 58 47 31 7 35 29 22
28 56 17 5 18 6 49 57 27 43 58 45 70 7 53 9 10 3 37 4 1 12 74 23 66 52 34 26 24 63 46 61 50 78 79 80 32 75 42 55 64 73 62 60 77 54 76 15 16 2 36 31 35 59 65 13 14 68 67 69 71 51 44 11 20 39 72 48 22 25 40 8 19 30 29 21 33 38 47 41
30 29 4 14 65 12 31 59 1 17 73 38 18 33 40 70 27 5 2 69 32 61 57 46 19 23 76 3 8 75 72 54 62 77 71 79 80 16 41 63 9 45 60 51 74 55 39 78 68 64 34 53 6 47 36 35 44 42 11 52 43 13 24 50 26 67 66 15 49 37 25 22 20 10 28 7 56 48 21 58
26 14 64 29 41 53 11 17 51 1 22 50 27 5 68 10 9 44 31 30 52 25 71 35 12 34 28 18 66 4 74 72 77 3 78 73 79 80 75 54 76 57 63 62 60 59 55 7 65 70 13 16 33 20 19 58 69 61 6 15 49 67 56 48 47 2 45 37 42 23 43 24 8 39 38 36 21 40 32 46
46 3 9 8 30 20 43 36 58 32 31 52 21 49 18 33 22 6 42 73 39 19 48 34 23 12 56 14 26 64 71 75 51 76 4 25 5 79 80 77 72 78 10 69 63 74 60 62 17 61 54 57 7 53 44 47 66 13 65 11 38 37 68 41 67 1 59 50 15 35 2 27 40 29 16 24 70 45 28 55
13 45 10 21 6 48 41 28 17 18 14 29 51 50 30 47 32 1 8 2 49 26 23 5 75 56 12 55 27 3 60 38 74 35 57 61 4 25 9 80 79 76 78 64 73 68 69 39 63 71 62 11 77 34 52 16 72 70 58 31 54 53 7 46 65 22 43 67 59 44 66 15 36 33 24 20 37 19 40 42
40 46 38 52 13 30 18 66 7 35 6 21 23 1 43 27 19 11 10 65 44 42 51 3 2 14 47 9 71 56 58 74 61 72 59 5 73 78 77 79 80 24 55 54 76 69 8 60 67 41 70 64 12 4 22 26 75 25 17 63 68 33 29 31 15 62 48 57 53 36 32 28 49 34 37 50 45 39 16 20
33 40 42 26 21 9 14 2 29 48 67 6 22 27 50 11 13 31 39 36 37 38 3 18 57 43 17 28 12 77 35 4 75 5 66 65 71 58 51 74 46 79 80 1 72 61 7 63 76 56 60 78 32 54 16 15 34 53 62 68 10 24 8 55 64 69 70 73 44 30 59 25 47 20 23 41 52 49 19 45
55 34 72 3 8 41 32 9 21 23 29 22 11 6 26 50 7 10 20 1 42 27 56 28 38 2 65 19 31 33 18 47 59 17 40 78 44 5 63 66 52 64 79 75 80 77 73 14 24 76 4 58 16 62 30 54 35 36 57 61 39 70 69 13 60 74 71 68 46 49 51 37 15 12 45 25 48 53 43 67
20 10 65 6 4 29 25 53 30 49 36 26 9 14 45 15 3 47 22 18 43 56 2 67 27 33 23 58 17 32 12 24 13 46 1 72 78 74 5 76 77 71 75 79 54 80 50 64 60 16 48 63 40 69 31 7 39 37 35 73 19 11 62 44 8 52 57 59 68 70 41 21 66 28 51 34 42 55 38 61
54 20 13 17 53 34 24 47 4 2 37 32 42 36 15 45 21 19 62 52 3 28 6 30 14 9 75 44 18 40 23 8 12 61 68 76 10 35 73 78 48 38 16 22 79 64 66 74 80 63 56 55 26 1 77 11 7 65 29 51 58 59 71 25 70 27 31 69 72 50 67 5 39 49 33 43 57 46 41 60
36 28 59 63 68 18 60 20 61 41 45 43 14 12 1 6 71 8 17 50 2 11 38 22 64 55 27 40 3 19 25 29 33 47 32 57 24 23 30 10 21 75 4 5 26 79 78 37 54 80 77 13 31 9 7 53 70 58 56 65 66 35 73 16 76 72 62 74 34 52 44 67 42 15 46 48 49 51 69 39
24 48 30 34 29 70 67 5 41 60 17 44 7 21 37 18 6 32 15 11 38 43 28 36 26 22 14 23 9 12 55 27 20 64 61 45 3 40 1 2 78 8 33 10 75 56 79 73 59 25 80 62 57 77 42 31 13 16 63 74 65 58 66 19 72 76 54 71 69 4 46 68 51 53 52 39 35 47 49 50
39 30 6 55 46 37 21 23 25 31 4 20 2 9 51 41 26 53 57 7 16 52 34 69 1 28 11 64 47 22 27 15 19 33 24 59 50 8 3 60 44 63 77 40 78 10 12 79 75 29 18 80 36 17 54 62 76 14 61 66 13 45 58 67 74 71 32 65 73 48 70 72 43 68 5 49 38 42 35 56
17 9 14 65 56 4 48 30 59 13 2 51 53 58 31 61 36 15 33 42 11 44 16 45 32 26 72 34 52 28 1 18 22 24 6 12 29 46 55 41 10 3 23 63 25 78 77 68 79 21 27 19 80 64 37 20 74 39 8 62 70 60 67 66 7 43 75 5 71 40 69 73 38 35 49 47 50 54 76 57
64 12 39 53 16 25 65 29 2 7 26 4 30 62 14 40 51 13 50 8 15 18 37 42 11 36 38 22 19 49 31 43 69 57 23 9 41 32 35 24 59 77 21 61 17 6 1 75 20 79 3 45 78 80 60 10 5 48 28 58 33 66 52 68 44 63 73 72 67 71 54 74 27 55 34 46 47 56 70 76
37 33 26 39 25 47 34 62 13 20 7 17 36 2 6 14 11 27 18 22 60 8 49 31 45 1 44 38 5 67 51 23 42 32 43 35 28 12 16 29 40 72 24 76 64 57 70 59 66 10 79 4 55 15 80 63 61 9 53 30 3 65 75 56 73 58 74 21 19 69 78 77 41 48 54 68 46 50 52 71
58 16 31 38 1 17 55 4 3 11 33 13 48 25 39 32 37 20 7 10 26 30 15 27 52 6 36 2 23 9 14 28 49 34 50 47 19 22 29 75 12 21 8 59 44 5 56 46 40 35 24 79 61 68 64 18 60 63 42 67 62 54 57 65 69 80 78 76 77 73 53 70 72 71 43 45 41 66 51 74
16 24 29 27 54 10 44 13 6 14 30 48 25 11 21 17 45 34 12 32 41 7 4 8 43 37 1 70 2 18 19 26 31 60 33 49 36 28 50 67 38 15 47 20 5 76 23 65 78 53 61 3 39 79 9 22 64 55 40 71 63 72 35 57 66 77 80 56 74 51 58 42 69 59 75 73 68 52 46 62
15 58 8 1 43 49 16 42 24 10 20 33 31 17 36 30 47 60 9 51 66 41 11 19 18 32 53 46 14 21 37 7 52 27 22 38 39 3 74 4 26 13 28 29 12 40 61 25 6 65 5 77 59 50 79 34 23 62 64 35 55 71 45 2 54 75 63 80 56 76 57 78 48 69 72 44 67 73 68 70
8 26 24 22 17 16 10 21 11 37 1 34 29 65 41 49 30 39 3 13 25 15 42 14 58 45 52 53 74 7 40 2 38 31 27 32 33 20 46 9 43 36 19 23 35 12 18 69 28 66 78 6 50 55 4 79 77 51 47 64 60 68 63 62 61 70 76 54 5 80 56 59 67 57 48 72 73 75 71 44
68 62 49 71 31 56 26 3 9 24 10 46 44 23 57 21 33 59 48 14 17 39 27 15 8 7 42 6 41 47 11 66 25 16 30 19 37 61 28 1 18 4 13 73 2 45 20 35 55 60 76 22 5 32 53 29 36 12 43 40 64 38 54 63 58 79 52 78 50 65 72 80 70 51 69 77 34 74 67 75
18 35 62 20 63 24 68 45 57 50 56 49 43 41 22 48 29 21 5 15 33 3 10 11 42 31 37 13 36 44 17 19 66 14 16 7 27 51 6 25 74 2 32 34 8 52 9 38 64 30 26 39 46 12 47 23 40 4 60 28 1 61 55 53 75 54 79 77 65 67 76 69 78 80 70 71 58 72 73 59
52 53 40 16 35 50 38 39 55 42 54 64 4 67 7 31 49 29 58 5 18 21 25 10 62 3 51 47 13 17 57 11 9 23 2 28 26 24 27 19 6 32 14 43 34 65 45 48 1 22 20 37 41 70 56 12 8 59 30 60 36 63 15 61 33 44 46 79 78 68 74 76 75 72 80 69 66 71 77 73
67 36 63 9 69 35 54 6 48 8 24 19 38 55 13 7 17 56 16 43 27 5 18 12 22 30 15 45 70 37 20 1 39 11 31 40 25 10 52 47 41 23 51 26 59 33 44 58 42 62 29 49 21 2 28 46 32 3 14 34 57 64 60 4 50 65 61 75 79 53 71 66 73 74 76 80 78 77 72 68
35 68 16 10 49 21 61 22 44 63 8 66 37 40 38 54 55 33 4 29 13 48 46 43 15 25 30 42 11 58 47 56 24 7 62 6 31 60 34 17 27 9 3 18 51 19 2 12 74 14 39 20 28 5 32 1 59 26 36 23 41 69 64 45 57 73 65 70 52 77 75 50 71 76 53 79 80 67 78 72
57 52 28 30 24 26 47 60 10 70 40 56 20 31 49 35 43 16 44 3 34 36 39 41 4 21 45 29 58 5 68 14 8 53 18 22 12 7 11 6 13 33 15 9 48 42 54 55 37 1 32 25 17 19 63 38 73 46 27 2 51 23 72 59 62 64 77 61 75 66 65 71 74 50 67 76 69 80 79 78
23 25 51 35 27 13 52 40 46 54 59 70 61 22 4 29 69 28 32 26 48 16 1 63 60 10 21 50 45 30 49 37 2 8 14 34 43 39 31 71 7 19 72 6 9 3 57 11 18 15 33 17 24 41 55 5 20 44 38 36 12 47 53 64 56 66 58 42 62 78 77 65 76 75 73 67 74 68 80 79
69 79 20 25 26 7 71 63 16 58 55 35 72 15 62 51 40 65 54 41 50 33 5 64 29 46 19 21 57 34 45 36 3 44 67 11 49 31 23 8 17 14 53 13 4 24 30 6 38 42 10 1 22 48 27 37 9 18 32 47 52 2 70 12 28 59 56 39 61 43 60 75 68 73 66 78 77 76 74 80
9
10 9 8 7 5 6 4 3 1 2
8 10 9 1 7 5 6 2 3 4
3 8 10 9 2 4 5 6 7 1
7 5 3 10 9 8 1 4 2 6
4 7 2 3 10 9 8 1 6 5
2 1 7 6 4 10 9 5 8 3
6 2 5 8 3 1 10 9 4 7
9 4 6 2 1 3 7 10 5 8
5 6 1 4 8 2 3 7 9 10
11
11 15 14 13 9 12 6 4 10 8 3 7 1 2 5
4 11 12 15 14 13 8 5 2 9 1 10 7 6 3
10 1 4 11 15 6 14 12 13 7 2 5 3 8 9
3 13 10 6 12 9 15 14 7 2 5 11 8 4 1
9 14 1 5 4 10 12 15 3 13 7 8 2 11 6
6 4 3 8 5 11 1 7 15 14 13 2 12 9 10
2 12 13 3 6 5 11 8 14 15 9 1 10 7 4
8 7 2 9 1 4 5 6 12 3 15 14 13 10 11
14 8 7 10 2 1 4 11 5 6 12 9 15 3 13
12 10 8 2 3 7 13 1 11 5 6 4 9 15 14
7 2 5 1 11 8 9 3 6 10 4 12 14 13 15
0
3
11 5 2 1 6 17 10 9 12 8 14 13 7 16 4 15 3
14 11 4 2 3 10 17 5 6 7 1 12 9 15 16 13 8
13 16 5 4 8 11 15 1 2 12 10 3 6 14 17 7 9
7
8 15 14 12 7 1 2 5 4 11 10 13 9 3 6
9 12 15 14 10 8 13 11 3 7 2 1 4 6 5
4 7 13 15 11 10 3 9 6 8 1 14 2 5 12
6 8 5 11 9 15 12 13 7 3 4 10 14 1 2
3 4 7 8 13 11 15 10 9 2 12 6 5 14 1
10 9 2 13 5 6 7 15 11 4 3 8 1 12 14
14 1 12 4 6 3 8 2 5 9 7 11 13 10 15
7
12 11 10 14 13 8 9 6 5 7 3 2 1 4
10 12 11 8 14 13 5 9 4 2 7 1 3 6
4 10 12 1 8 14 11 5 6 13 2 3 7 9
11 6 4 13 3 1 12 10 9 14 8 7 2 5
5 4 9 2 1 7 6 12 11 3 14 13 8 10
9 5 6 7 2 3 10 4 12 8 1 14 13 11
6 9 5 3 7 2 4 11 10 1 13 8 14 12
0
0
5
18 19 16 15 13 20 9 11 17 3 6 14 10 2 12 8 7 4 1 5
12 11 9 19 16 10 13 15 20 2 5 18 17 3 14 7 8 1 4 6
8 3 6 2 5 4 16 19 1 15 13 7 20 11 18 14 12 17 10 9
7 2 5 11 9 1 6 3 10 19 16 12 4 15 8 18 14 20 17 13
14 15 13 3 6 17 5 2 4 11 9 8 1 19 7 12 18 10 20 16
0
0
80
80 79 78 77 76 75 74 73 72 71 70 69 68 67 66 65 64 63 62 61 60 59 58 57 56 55 54 53 52 51 50 49 48 47 46 45 44 43 42 41 40 39 38 37 36 35 34 33 32 31 30 29 28 27 26 25 24 23 22 21 20 19 18 17 16 15 14 13 12 11 10 9 8 7 6 5 4 3 2 1
78 80 79 75 77 76 72 74 73 69 71 70 66 68 67 63 65 64 60 62 61 57 59 58 54 56 55 51 53 52 48 50 49 45 47 46 42 44 43 39 41 40 36 38 37 33 35 34 30 32 31 27 29 28 24 26 25 21 23 22 18 20 19 15 17 16 12 14 13 9 11 10 6 8 7 3 5 4 1 2
73 78 80 79 75 74 76 77 70 67 72 68 71 69 64 61 66 62 65 63 58 55 60 56 59 57 52 49 54 50 53 51 46 43 48 44 47 45 40 37 42 38 41 39 34 31 36 32 35 33 28 25 30 26 29 27 22 19 24 20 23 21 16 13 18 14 17 15 10 7 12 8 11 9 4 1 6 2 5 3
76 69 74 80 79 78 77 71 75 65 67 72 70 73 59 53 63 68 66 57 64 61 55 60 58 62 47 41 51 56 54 45 52 49 43 48 46 50 35 29 39 44 42 33 40 37 31 36 34 38 23 17 27 32 30 21 28 25 19 24 22 26 11 5 15 20 18 9 16 13 7 12 10 14 2 6 3 1 8 4
71 66 70 78 80 79 67 76 77 74 75 73 72 62 65 69 57 56 64 68 63 58 53 51 61 60 59 45 46 54 55 47 50 52 41 39 49 48 33 34 29 42 43 44 38 40 37 35 27 36 21 22 17 30 31 32 26 28 25 23 15 24 9 10 5 18 19 20 14 16 13 11 3 12 1 8 2 7 4 6
67 73 71 74 78 80 79 75 68 77 58 76 64 65 72 62 54 69 70 60 66 63 57 50 48 53 56 59 47 61 52 55 38 44 51 49 36 42 46 43 45 27 31 40 35 39 41 26 28 34 33 30 37 23 19 14 32 29 15 25 24 16 17 22 20 4 21 2 18 3 9 13 12 11 5 7 1 10 6 8
70 76 75 73 65 77 80 79 78 62 59 74 60 66 69 64 71 72 61 56 68 67 52 54 53 63 50 58 55 57 49 46 36 51 37 41 48 30 44 42 43 45 47 27 39 26 32 38 40 35 14 31 18 33 28 34 29 20 13 11 19 25 24 23 12 22 7 17 21 1 16 15 4 3 9 2 8 6 10 5
65 64 76 60 72 69 78 80 79 75 77 55 73 74 68 67 49 71 54 70 57 52 66 62 63 61 58 46 59 44 51 56 53 38 50 47 40 41 25 35 48 28 45 43 42 24 39 23 37 21 32 34 36 31 27 33 30 26 29 19 16 17 14 7 11 10 22 18 20 15 2 1 9 6 8 4 12 5 3 13
74 53 72 71 63 62 73 78 80 79 69 77 76 61 75 58 70 51 67 65 55 68 56 52 50 49 57 60 66 64 59 48 43 40 39 42 38 54 36 45 47 32 37 46 44 34 28 25 41 23 27 35 33 12 22 31 20 18 30 2 21 29 13 16 14 24 26 19 9 4 3 6 5 1 11 15 17 8 7 10
68 65 63 76 58 72 75 69 74 80 79 71 77 78 73 51 59 53 56 49 70 62 67 55 60 66 35 47 64 45 61 42 57 48 54 36 34 39 27 40 50 52 30 41 46 43 44 28 31 26 37 33 38 25 21 23 10 24 32 29 1 18 8 19 22 6 16 12 5 20 17 2 15 4 3 14 13 9 11 7
54 70 62 69 61 60 68 67 71 78 80 79 58 72 77 73 76 74 45 66 75 53 47 39 64 51 48 63 56 65 43 57 59 50 52 38 33 46 26 44 55 31 40 35 49 25 30 24 20 41 42 13 21 37 36 18 23 34 28 14 32 12 7 29 27 17 4 11 8 2 6 3 1 5 16 22 10 19 15 9
77 74 73 62 68 64 66 56 52 72 78 80 79 70 71 76 67 75 58 43 69 46 51 59 41 54 63 55 50 37 60 61 65 32 42 57 53 47 45 23 49 17 29 48 33 38 21 31 44 20 40 26 35 18 6 28 27 30 36 39 34 8 1 9 3 13 25 4 2 22 15 5 14 10 19 12 7 24 16 11
69 77 61 54 56 55 70 65 60 76 52 51 80 79 74 72 73 78 68 75 67 47 71 63 66 59 62 64 42 49 57 41 37 46 45 31 35 38 48 58 53 21 32 30 29 50 16 8 18 44 43 36 40 22 20 39 2 33 12 34 6 5 28 24 23 25 11 27 3 26 1 4 7 15 10 19 9 13 17 14
61 67 66 70 57 71 59 63 76 60 74 75 52 80 79 78 45 77 69 72 73 34 43 64 65 68 31 44 62 58 47 32 41 53 55 51 50 35 54 25 56 33 49 42 22 23 48 37 46 40 38 24 13 36 17 9 6 27 26 28 29 39 15 21 1 30 5 3 4 10 8 7 20 2 14 11 19 12 18 16
42 68 77 63 67 53 58 55 57 66 76 78 59 75 80 79 48 61 50 73 71 74 69 29 72 64 70 34 40 39 62 65 56 36 28 54 45 37 60 52 51 46 44 47 31 15 43 41 49 11 26 38 23 19 9 22 16 14 20 5 33 32 27 35 8 3 6 1 7 18 4 25 2 21 13 10 30 17 24 12
55 46 58 45 74 49 60 59 64 56 44 66 78 71 76 80 79 70 77 69 62 75 72 68 47 67 73 65 48 42 63 38 30 61 26 37 43 53 57 54 31 50 52 25 27 51 13 11 21 2 29 39 24 34 32 40 35 36 41 9 4 33 6 1 10 7 3 8 28 14 5 18 23 22 15 17 20 16 12 19
53 38 57 59 70 54 46 62 55 47 73 67 74 51 78 66 80 79 76 77 72 44 65 75 68 71 61 43 20 69 33 64 63 60 24 58 52 31 18 56 14 29 48 32 45 49 40 39 42 28 50 41 9 16 13 8 34 35 10 36 11 27 37 3 4 2 1 7 6 5 22 26 21 19 12 23 15 30 25 17
66 50 69 72 64 52 61 43 54 44 60 48 67 35 62 71 78 80 79 74 59 73 76 40 75 77 45 68 70 27 58 36 55 57 65 56 63 49 31 38 32 53 17 14 51 42 19 47 39 7 24 46 25 20 41 4 37 5 34 15 10 28 3 18 30 8 2 6 1 12 21 29 26 33 23 13 16 11 9 22
30 45 68 48 51 56 55 72 36 61 54 59 57 77 53 74 46 39 80 79 78 71 75 73 76 65 67 66 63 62 70 43 69 34 40 33 64 58 41 60 44 18 22 3 52 28 29 49 50 16 47 19 8 42 35 12 7 31 14 32 26 37 4 38 2 1 10 5 27 6 23 20 24 17 25 9 11 21 13 15
75 40 65 39 46 50 48 58 53 59 64 57 62 76 54 70 77 73 78 80 79 36 61 66 33 72 71 69 67 74 19 27 23 68 63 60 51 55 24 18 12 43 56 49 16 29 52 42 45 47 17 3 2 21 38 41 11 44 1 31 30 6 5 4 7 37 9 10 34 8 32 22 28 13 26 35 14 15 20 25
47 36 49 44 48 42 71 39 41 57 53 61 63 64 24 50 69 76 75 78 80 79 74 77 73 70 60 72 58 40 67 62 66 21 56 59 65 68 16 51 10 6 33 31 54 14 27 29 52 43 46 1 12 45 37 55 3 7 35 8 2 4 30 32 9 5 15 26 11 38 20 28 13 25 17 18 23 22 19 34
51 61 37 42 73 70 47 49 69 68 62 53 75 46 50 77 74 65 71 58 56 80 79 72 78 76 64 36 33 35 18 67 34 59 60 55 57 26 66 15 52 63 54 12 24 48 10 43 22 5 8 44 7 40 39 3 1 2 45 4 25 9 29 6 21 11 13 16 41 32 31 19 17 28 38 20 27 23 14 30
34 71 39 28 50 51 54 64 48 53 65 49 43 55 31 75 72 46 63 76 77 78 80 79 74 58 69 35 68 32 73 66 60 62 57 29 70 59 30 67 20 61 26 23 15 56 18 16 47 37 44 5 52 11 33 24 13 4 3 1 7 10 12 2 6 9 8 45 42 40 19 17 36 41 22 38 25 14 27 21
59 54 67 61 69 66 44 40 46 37 63 64 41 32 52 60 75 45 73 34 74 77 70 80 79 21 76 78 65 72 68 33 62 71 49 50 56 23 55 24 58 47 14 4 57 13 42 53 6 30 51 10 31 9 1 5 39 8 2 3 36 7 43 11 48 12 38 35 15 17 29 27 19 16 20 28 26 25 22 18
52 32 21 40 42 58 57 46 39 49 37 60 51 63 70 59 68 50 74 45 29 54 78 71 80 79 72 67 77 73 76 75 28 69 19 66 7 62 9 65 64 23 61 34 17 55 33 44 53 22 48 56 11 6 43 1 4 3 5 10 8 15 2 12 13 35 41 36 31 47 30 14 25 24 27 16 18 38 26 20
45 51 34 68 11 40 35 70 67 33 39 63 30 52 61 56 50 55 49 32 28 76 77 78 38 80 79 75 71 47 74 13 72 73 62 25 60 69 65 66 57 64 7 58 53 21 26 59 36 4 2 15 20 48 5 44 54 9 6 12 3 1 10 8 37 43 27 22 17 19 14 16 29 46 31 41 42 18 23 24
11 37 38 65 22 63 64 35 62 55 49 45 44 30 56 33 60 28 40 54 76 72 73 69 77 78 80 79 61 75 71 70 68 74 67 52 24 27 34 26 66 59 2 50 47 36 58 48 51 13 4 9 10 15 7 17 5 1 8 6 12 3 57 14 29 42 43 25 19 46 53 41 16 23 18 32 21 20 31 39
63 60 48 27 53 28 25 17 38 70 33 35 36 42 57 46 51 37 31 64 54 65 62 76 71 69 78 80 79 77 75 44 73 72 74 67 66 61 49 32 3 19 21 68 13 47 9 56 1 52 15 16 14 8 11 10 12 6 4 7 5 2 55 59 50 41 58 23 40 45 26 39 18 20 30 24 22 43 34 29
29 59 51 31 71 43 69 52 32 73 45 26 5 28 20 48 47 25 44 22 65 70 46 74 57 19 66 77 80 79 35 78 75 67 76 61 68 56 72 36 38 62 63 8 14 3 49 12 60 1 13 40 4 17 2 6 15 10 7 16 9 11 58 64 33 54 55 53 24 37 50 21 41 18 42 34 39 27 30 23
37 47 64 66 41 29 36 42 45 46 38 44 28 56 32 68 61 57 52 35 10 50 30 67 40 25 74 73 75 80 79 60 76 78 77 70 71 72 8 16 69 65 58 63 9 59 11 5 62 6 7 4 1 3 15 2 31 12 54 17 13 14 48 51 49 19 20 43 53 27 18 23 22 55 34 21 24 26 39 33
64 58 15 30 40 37 50 47 5 48 6 43 49 60 38 28 26 52 57 33 44 42 19 70 69 74 75 71 73 76 80 79 78 54 72 63 77 9 67 17 46 41 55 36 66 68 65 1 10 59 62 12 3 2 4 7 8 16 11 18 14 13 25 20 61 31 53 29 22 23 24 56 51 34 32 39 45 35 21 27
31 4 12 26 60 73 18 5 21 52 56 41 46 34 28 42 13 29 53 40 47 39 27 2 49 44 77 62 74 24 69 80 79 63 78 75 55 71 58 76 59 72 67 61 68 70 66 64 3 8 11 7 6 1 10 16 14 15 9 57 17 22 20 65 19 50 36 54 23 35 38 48 30 51 43 25 37 33 32 45
43 27 54 32 38 65 7 66 17 42 50 37 31 21 19 30 52 48 25 26 41 16 28 35 34 46 8 76 69 59 77 72 80 79 73 78 75 74 71 49 1 57 60 6 62 10 68 2 5 14 12 47 15 4 3 20 9 11 18 13 56 63 22 70 67 64 23 58 55 61 44 33 53 40 24 29 51 39 45 36
27 75 52 25 43 33 9 15 23 40 42 20 38 45 26 31 36 32 30 48 37 24 22 65 70 34 68 56 41 19 66 73 74 80 79 72 78 76 69 71 77 12 18 7 63 58 4 3 2 10 1 6 5 14 8 11 17 13 16 67 53 61 62 39 59 60 50 47 54 51 55 64 57 44 21 49 46 29 35 28
35 10 16 38 23 3 2 32 20 26 30 33 48 37 34 47 55 21 72 31 43 22 68 24 51 75 65 74 78 71 6 76 11 64 80 79 59 57 77 63 61 70 69 73 8 53 1 4 15 9 5 14 19 7 12 13 18 66 17 62 45 67 60 54 52 56 39 49 58 42 25 50 44 36 46 27 41 28 29 40
62 13 4 20 28 27 53 18 9 63 29 22 24 41 42 36 34 31 35 38 51 60 39 37 12 11 1 70 26 78 72 77 67 55 64 80 74 79 73 48 65 69 76 59 71 7 54 6 8 3 10 2 16 5 14 15 19 17 43 68 75 52 61 66 56 23 33 30 25 21 57 49 46 50 40 58 47 45 44 32
3 17 56 24 13 68 5 33 51 15 47 31 39 43 29 54 20 41 26 1 38 14 37 53 19 42 49 27 76 2 78 74 70 65 69 77 80 75 79 55 35 16 66 72 7 63 8 9 4 12 6 11 67 10 18 73 71 22 50 58 64 59 23 62 45 40 61 21 60 25 52 34 48 30 28 46 32 36 57 44
23 35 11 57 9 45 16 54 66 43 1 47 69 4 30 41 42 67 37 71 34 10 31 61 2 32 5 39 29 25 64 63 77 18 68 21 79 80 62 73 72 58 78 20 6 12 7 17 14 15 3 8 22 13 74 19 60 76 75 65 70 55 40 53 46 52 48 59 36 50 51 24 27 56 33 44 38 49 28 26
6 18 53 15 3 35 51 36 12 58 66 25 13 14 55 29 44 2 33 24 48 64 41 45 16 38 9 22 10 70 1 17 32 76 59 74 61 78 80 79 73 75 77 11 4 8 5 67 7 42 19 20 65 68 72 63 46 57 71 69 43 23 31 56 62 21 60 34 50 49 54 30 52 27 39 26 28 37 40 47
2 12 20 1 4 61 56 57 49 13 16 21 14 40 22 17 10 19 39 15 5 69 36 43 29 8 34 3 45 53 65 58 64 77 33 32 67 7 78 80 79 74 75 76 55 60 6 68 11 18 9 52 62 73 23 72 66 63 51 71 50 47 70 46 25 59 31 28 48 24 27 38 42 26 54 30 44 41 37 35
22 2 9 67 24 1 31 4 3 23 5 58 34 38 35 14 37 40 47 12 21 15 33 42 39 50 10 52 43 6 30 8 13 70 71 76 11 63 68 75 80 79 64 77 78 74 72 7 17 19 20 18 51 61 16 65 62 69 73 53 66 57 46 25 55 27 59 60 26 41 28 45 49 48 44 56 29 32 36 54
4 24 13 33 36 59 32 12 50 3 22 39 16 31 47 5 27 60 23 17 19 8 7 46 45 20 44 6 11 14 2 71 10 75 70 43 76 1 74 68 15 80 79 69 48 72 78 66 9 77 18 51 55 56 25 67 73 61 64 52 65 53 21 63 26 49 62 42 30 28 58 40 38 57 29 54 35 34 41 37
13 62 23 37 1 67 24 60 25 12 17 9 47 27 4 55 38 14 8 50 49 19 16 48 7 10 36 61 30 3 56 2 54 66 6 5 20 70 75 78 76 73 80 79 72 11 15 18 77 69 22 59 74 71 63 64 58 65 21 51 68 43 26 45 53 44 28 41 57 39 35 42 32 29 52 33 34 40 46 31
39 23 44 7 29 6 15 14 56 17 34 5 8 25 43 38 53 9 22 28 18 2 11 10 20 73 41 12 21 67 4 19 1 3 75 71 62 77 70 69 78 76 57 80 79 64 74 61 13 66 16 63 72 47 68 50 51 59 65 54 55 60 52 27 31 26 30 24 45 58 36 35 37 32 48 42 40 46 33 49
8 34 60 64 10 31 41 44 14 27 12 3 20 16 6 18 1 43 15 29 22 13 21 23 62 30 11 9 37 7 40 54 33 19 5 73 72 2 4 77 74 66 71 53 80 79 57 78 76 17 25 69 75 59 52 48 70 42 68 56 67 58 65 26 28 61 24 63 46 36 47 32 39 35 50 45 49 51 38 55
44 19 1 8 31 14 29 34 18 51 15 4 3 10 5 40 58 12 7 67 2 6 32 21 11 17 22 42 57 63 9 25 20 13 53 65 16 36 76 70 71 78 59 75 77 80 79 74 68 73 60 23 66 72 54 35 64 43 55 26 27 62 49 28 24 39 46 69 38 30 61 52 56 37 45 48 33 50 47 41
15 72 19 21 17 11 13 10 24 18 55 50 65 23 14 22 8 16 2 53 45 32 54 9 67 7 25 20 3 1 5 35 4 27 61 12 69 6 63 59 75 68 51 74 76 77 80 79 64 78 39 42 26 41 66 52 57 73 70 47 40 71 44 30 43 28 34 56 62 29 37 46 33 60 36 31 58 48 49 38
9 52 25 36 26 15 6 8 33 11 3 54 42 18 23 7 22 58 5 16 20 29 4 30 32 40 13 48 31 12 14 1 19 2 66 64 73 10 38 61 17 51 70 65 75 62 76 80 79 63 78 77 45 24 71 74 21 67 27 50 28 68 72 69 57 46 56 39 43 34 60 47 35 49 41 37 55 44 53 59
19 55 7 56 25 9 65 20 43 34 27 12 45 57 11 2 6 17 3 5 52 23 35 15 18 14 30 1 4 22 41 28 16 10 13 24 8 64 59 21 26 71 72 78 70 76 73 50 80 79 67 74 77 63 75 69 68 54 42 66 49 48 38 44 32 62 40 37 29 60 33 58 31 39 47 61 36 53 51 46
5 8 2 13 34 36 19 38 65 4 25 11 6 15 44 24 18 1 16 51 31 66 49 3 14 26 23 21 60 20 12 22 7 58 10 9 17 28 50 64 63 77 73 70 69 75 62 72 74 80 79 78 76 43 67 59 41 68 57 27 42 30 71 55 40 32 29 46 47 33 39 37 61 45 35 52 53 54 56 48
20 9 6 51 19 47 52 1 40 24 21 2 4 8 13 3 17 15 18 11 12 41 38 14 42 16 39 25 72 68 27 7 61 5 44 62 10 73 22 50 23 67 28 26 56 46 63 71 75 70 80 79 78 49 77 76 74 37 48 30 69 66 33 60 35 29 32 65 59 53 45 55 34 64 58 36 54 31 43 57
16 56 26 11 59 25 21 68 6 50 14 8 7 2 27 57 12 20 28 18 36 33 5 17 15 3 24 13 9 48 10 4 51 31 1 53 19 67 64 46 70 22 62 52 65 78 38 77 23 71 69 80 79 29 76 30 45 75 74 72 37 49 73 58 42 34 35 32 39 43 41 44 47 63 66 40 61 55 54 60
49 7 22 41 44 38 10 24 1 30 9 28 29 12 37 11 5 23 42 25 40 43 26 20 21 36 15 14 6 4 8 68 71 17 16 13 2 3 61 27 18 35 74 64 59 19 67 75 78 57 52 72 80 79 73 66 77 47 76 33 62 34 39 50 60 70 51 31 32 54 46 69 45 58 63 65 48 56 55 53
17 3 30 18 35 23 11 9 15 14 68 62 12 19 25 4 28 59 41 6 26 37 13 5 55 33 46 54 8 21 24 20 22 16 2 1 39 66 7 74 27 60 10 56 61 69 77 40 29 75 72 76 64 80 79 78 38 52 44 70 48 73 32 31 71 36 45 67 63 65 34 57 43 53 49 47 50 58 42 51
7 5 47 49 45 2 1 61 26 8 18 16 55 6 12 35 15 30 59 4 23 17 63 11 3 28 37 33 24 46 29 21 27 22 32 10 13 40 14 19 67 20 9 62 74 71 25 76 65 68 56 58 44 78 80 79 75 72 77 41 52 69 34 48 39 38 64 70 73 31 66 36 60 54 51 53 43 57 50 42
41 22 32 12 49 13 40 11 61 10 48 19 17 3 36 27 2 26 1 55 24 4 23 16 30 5 29 38 18 60 15 6 35 9 14 20 58 52 53 7 8 25 39 21 67 54 71 69 66 76 77 28 70 44 56 80 79 74 78 75 46 72 64 73 34 45 63 68 33 62 65 31 50 42 37 51 57 47 59 43
21 44 14 9 39 19 63 7 13 64 20 32 27 17 48 23 56 18 51 10 6 5 2 26 24 15 4 8 22 38 28 3 29 35 30 16 1 11 12 62 60 49 25 55 58 61 69 65 43 74 75 73 71 46 78 70 80 79 47 45 76 36 41 34 72 68 77 33 37 59 67 54 40 52 53 57 31 42 66 50
32 31 41 17 2 16 23 25 10 7 46 24 19 53 49 6 11 44 13 8 3 9 12 1 28 22 14 18 36 26 42 15 58 37 34 30 21 4 5 20 68 54 65 57 64 73 51 27 72 67 55 48 59 74 45 29 40 80 79 61 39 77 78 76 75 33 47 66 35 70 71 43 69 38 60 50 63 62 52 56
57 39 18 5 16 44 42 19 35 9 10 1 22 49 58 13 25 7 34 27 11 31 45 28 6 37 20 24 17 8 23 59 14 29 12 4 30 21 15 33 2 3 46 60 26 41 70 73 71 53 76 65 56 69 50 77 78 32 80 79 74 40 63 75 36 67 72 38 66 68 64 51 54 47 55 43 52 61 48 62
18 21 29 14 54 17 4 48 16 39 19 10 32 24 33 43 35 11 46 9 25 1 40 13 23 2 12 31 7 15 3 30 8 26 58 34 27 20 28 6 22 5 53 51 73 67 45 70 56 49 74 50 69 38 42 37 36 77 72 80 79 41 76 78 47 75 44 62 61 63 59 66 71 65 57 55 68 64 60 52
58 41 10 6 20 46 22 51 11 35 7 30 9 39 21 1 4 13 24 19 53 45 29 33 43 23 26 32 5 17 16 14 12 15 8 2 18 25 3 72 28 56 50 66 60 27 64 52 73 61 63 67 48 76 34 49 69 78 38 59 80 79 36 77 54 47 37 40 44 57 42 75 55 31 70 68 62 74 71 65
14 63 50 2 7 39 8 41 42 38 11 46 21 29 10 49 32 35 27 37 15 18 6 12 52 4 16 23 25 31 22 5 3 1 20 26 9 19 51 13 54 30 68 24 28 17 47 45 58 60 36 55 34 77 57 75 76 56 61 74 44 80 79 33 69 78 73 71 67 48 40 53 66 43 62 70 72 59 65 64
26 43 59 47 18 21 30 29 19 36 23 40 35 5 39 34 3 38 14 7 9 51 17 25 27 12 2 50 32 11 31 16 6 28 4 22 15 8 10 1 33 13 20 54 41 45 46 58 24 65 53 70 63 55 69 71 42 60 37 78 77 74 80 79 73 57 49 61 64 44 48 62 76 68 75 72 56 52 67 66
48 14 28 19 37 18 26 23 59 2 32 52 15 7 8 45 16 49 21 42 4 38 9 36 17 27 6 29 13 66 11 53 5 25 22 40 3 33 47 10 34 24 1 71 30 20 60 55 12 39 73 64 50 51 46 61 44 41 31 76 78 75 35 80 79 65 54 57 72 77 43 74 67 70 56 62 69 68 63 58
56 16 8 46 12 26 43 50 22 5 13 42 11 47 18 9 30 27 4 3 1 28 44 31 10 29 17 37 15 23 25 69 39 6 7 19 14 32 20 2 62 34 24 45 21 57 75 54 59 58 65 66 41 35 61 53 33 70 40 38 51 78 77 36 80 79 68 48 52 55 49 73 74 76 67 71 60 72 64 63
50 28 40 22 14 8 45 3 31 6 41 56 18 20 15 16 43 54 10 39 35 21 34 7 37 9 32 4 27 30 26 23 2 42 29 68 12 17 11 47 24 48 5 19 1 65 55 13 25 51 57 75 73 64 49 36 53 38 33 46 59 76 66 52 78 80 79 44 71 74 72 77 63 62 61 69 67 60 58 70
10 1 36 16 8 7 49 21 44 31 40 38 2 48 17 20 33 6 55 14 42 25 18 32 13 43 28 26 39 41 45 12 9 24 23 35 5 60 29 3 11 4 34 15 19 22 50 30 54 27 70 53 58 57 65 47 56 46 63 77 73 51 69 37 76 74 80 79 68 52 78 72 59 61 64 75 66 71 62 67
28 42 35 29 33 10 17 22 37 41 26 14 25 44 9 19 40 5 36 21 7 27 3 38 46 24 18 15 1 55 34 31 47 12 11 8 32 16 52 53 6 2 4 13 23 30 20 62 57 45 58 68 39 54 48 43 49 51 56 73 63 65 50 67 77 76 78 80 79 75 69 61 70 59 72 60 64 66 74 71
24 57 17 34 32 41 39 26 63 45 51 7 33 54 60 8 29 36 11 23 13 30 48 18 1 31 38 28 12 9 21 10 15 20 3 6 4 14 2 5 25 55 27 67 43 44 22 19 16 46 71 62 49 75 53 56 50 58 52 37 35 42 47 40 65 73 76 78 80 79 70 68 72 66 77 64 59 69 61 74
25 30 3 58 55 22 62 45 27 21 35 13 23 50 41 32 19 8 38 36 16 26 14 34 4 39 43 11 2 10 37 24 18 33 15 28 54 5 17 9 7 1 6 29 20 52 12 57 61 64 66 60 42 67 40 51 72 49 53 48 31 46 56 47 44 77 65 76 78 80 79 71 68 75 74 59 70 63 73 69
12 25 27 55 62 20 37 53 47 16 36 23 50 11 46 10 7 22 19 2 8 35 24 41 26 45 42 17 14 13 38 39 21 30 9 18 6 34 56 4 5 15 3 28 32 1 61 60 33 29 49 43 54 58 51 68 52 40 59 44 57 31 67 74 64 48 66 72 76 71 80 79 75 78 65 63 77 70 69 73
33 20 5 52 27 48 12 31 8 22 24 15 26 36 45 39 21 10 43 30 17 7 64 19 35 1 51 57 34 29 13 11 42 4 18 14 25 65 32 28 16 37 23 9 3 6 2 46 55 54 41 71 68 70 47 60 67 50 58 40 38 44 53 49 63 66 75 73 56 78 62 80 79 69 59 76 74 77 72 61
40 33 46 43 5 34 20 37 29 32 57 18 53 9 63 52 14 24 17 41 27 11 8 22 25 13 21 7 16 36 39 26 31 23 35 3 28 51 6 12 30 10 19 1 2 4 56 15 38 48 45 54 47 60 44 42 55 62 69 64 61 50 59 72 58 71 74 77 49 66 68 78 80 79 73 67 75 65 70 76
1 15 55 53 6 5 28 13 34 19 31 17 61 26 7 37 23 3 48 44 33 56 25 4 36 47 40 10 38 43 46 9 24 8 27 11 29 22 39 30 21 14 12 16 18 2 59 20 67 62 35 32 60 50 58 54 63 71 49 42 72 64 45 41 51 69 57 52 75 73 74 70 78 80 79 66 65 76 77 68
36 6 42 35 66 30 27 28 58 20 61 34 1 13 2 25 62 4 12 52 50 48 15 8 31 41 3 19 44 33 17 29 40 39 21 23 26 24 37 11 9 7 16 10 5 18 14 22 70 56 54 45 32 65 60 46 43 64 67 49 47 38 51 57 74 53 71 55 69 76 63 59 73 77 80 79 78 75 68 72
38 11 43 4 47 24 34 30 7 29 28 6 10 33 3 12 39 42 20 59 14 49 50 44 5 52 19 40 23 18 32 37 45 56 36 27 22 15 1 31 13 9 8 2 25 16 17 51 26 55 64 21 57 53 70 58 61 48 46 35 41 54 75 68 66 63 69 74 65 72 76 60 62 73 78 80 71 67 79 77
60 29 31 3 21 4 33 16 28 1 2 27 37 22 40 44 9 47 32 20 46 12 42 6 8 18 7 30 49 34 36 52 17 11 25 15 41 13 23 14 19 26 35 5 50 66 24 10 63 72 61 57 53 39 59 38 48 45 62 55 54 56 68 43 70 58 67 51 77 64 73 76 65 71 69 74 80 79 78 75
72 49 33 10 30 57 38 6 2 28 4 36 56 58 1 26 41 66 29 47 32 40 20 27 44 48 53 16 19 5 7 34 25 14 31 17 23 12 13 22 37 8 15 18 11 9 3 21 69 24 59 61 46 62 55 45 65 39 60 43 71 35 54 42 68 51 52 50 70 67 77 63 64 74 76 78 73 80 75 79
79 48 24 23 52 32 3 27 4 25 8 29 54 1 51 15 31 34 6 46 30 20 10 47 9 35 33 2 28 16 44 40 26 41 17 7 37 18 21 57 36 11 13 22 12 5 53 14 19 50 68 49 43 66 64 62 59 55 39 63 60 45 42 61 38 72 70 75 74 69 56 65 58 67 71 77 76 73 80 78
46 26 45 50 15 12 14 2 30 54 43 65 40 59 16 21 24 33 9 13 39 3 1 49 22 6 27 5 35 28 20 18 44 7 38 69 31 29 19 8 4 36 11 17 10 32 23 63 48 25 34 37 61 52 62 57 47 53 66 60 58 70 74 71 41 55 42 64 51 56 75 67 77 72 68 73 79 78 76 80
20
79 76 70 63 75 59 58 60 78 55 73 80 53 68 77 74 72 71 67 69 48 65 45 66 61 50 51 64 62 44 47 35 42 32 49 31 57 43 40 39 56 38 34 27 28 37 25 33 54 52 26 23 46 24 41 21 20 36 22 19 16 18 17 30 15 29 13 14 11 12 6 8 4 2 7 5 10 1 9 3
73 60 59 70 76 63 48 75 79 47 78 74 58 66 80 77 69 72 68 71 53 50 42 67 65 61 55 57 64 45 51 31 44 35 39 32 62 49 33 43 52 27 38 34 24 40 18 37 56 54 28 16 36 26 46 14 23 41 25 21 20 22 10 13 4 30 29 19 9 7 15 12 6 1 8 3 17 2 11 5
62 32 44 59 60 70 63 76 73 75 79 61 48 78 74 80 77 69 66 65 45 71 53 64 72 43 47 67 68 58 35 51 37 55 34 26 54 50 20 38 41 49 39 22 19 42 10 23 57 46 31 40 56 21 52 28 33 29 27 24 6 17 25 9 1 36 11 8 30 3 16 14 2 15 5 12 18 4 13 7
67 51 53 33 24 45 70 35 52 76 64 71 63 79 39 65 80 77 78 74 59 72 58 73 49 69 75 68 56 40 60 55 48 28 25 47 66 34 15 50 30 43 61 17 12 20 27 42 41 57 19 37 54 31 62 26 44 11 18 32 2 10 38 36 16 13 9 5 46 14 4 7 1 23 3 21 22 6 29 8
56 28 40 16 14 37 59 26 36 60 54 49 70 73 27 43 74 80 79 77 63 34 20 78 71 72 76 41 67 53 75 19 58 51 65 55 68 69 45 61 64 50 10 25 35 48 22 44 66 62 47 42 57 32 9 31 1 30 17 3 15 39 18 29 6 11 52 12 13 8 2 5 33 4 24 7 38 23 46 21
41 19 20 44 32 40 45 28 62 35 56 34 59 64 61 49 65 74 73 80 70 77 63 79 69 38 60 78 66 48 76 75 23 47 72 21 46 18 58 71 68 22 25 50 55 4 17 53 13 67 7 6 29 51 30 8 15 57 10 12 42 43 27 11 2 9 54 31 36 5 1 3 37 16 26 14 39 33 52 24
54 26 37 53 51 48 44 47 67 32 66 43 15 62 71 69 61 25 30 72 58 80 70 68 77 74 12 79 78 63 55 76 59 75 18 60 73 17 4 65 13 34 27 10 7 2 39 45 11 64 5 20 41 35 36 19 16 9 49 14 1 38 22 52 33 56 46 3 29 24 40 28 23 6 21 8 50 42 57 31
30 12 15 6 8 53 1 51 29 3 67 25 42 9 22 71 10 50 57 39 33 74 59 52 80 77 31 73 79 70 24 60 63 76 69 75 78 72 48 18 66 61 17 65 47 58 49 4 68 13 55 44 62 7 11 32 2 64 38 5 45 34 43 56 40 46 41 35 54 28 23 21 20 37 19 26 27 16 36 14
64 35 45 58 55 44 42 32 68 31 62 65 4 57 72 61 50 18 13 49 40 25 15 56 39 80 7 30 52 33 28 12 70 24 77 76 79 10 63 17 78 71 22 74 75 1 38 2 9 11 3 53 67 5 29 51 6 73 69 8 59 27 34 46 23 66 36 60 41 21 48 47 16 20 14 19 43 37 54 26
29 8 6 20 19 16 2 14 41 5 36 22 37 11 34 27 17 43 54 18 4 39 33 13 74 10 26 52 73 59 7 24 1 60 80 3 9 77 70 69 79 72 71 38 76 63 65 48 78 66 75 58 68 47 67 55 53 46 50 51 23 61 49 64 45 57 62 21 56 35 42 31 44 40 32 28 25 15 30 12
46 21 23 45 35 58 6 55 64 8 68 38 2 29 65 72 22 17 11 10 1 61 44 9 27 49 5 62 36 16 3 32 40 14 50 28 56 80 42 77 57 18 43 71 31 70 69 63 79 78 76 4 13 75 54 7 37 67 34 26 53 25 39 66 48 41 30 51 52 47 20 19 15 33 12 24 74 59 73 60
9 3 1 37 26 20 33 19 54 24 41 10 23 52 43 34 39 38 46 17 2 22 6 11 50 25 21 29 57 42 5 8 15 31 71 12 30 27 53 80 67 77 74 18 51 16 72 70 36 79 14 63 78 76 73 75 59 13 65 60 4 69 61 68 58 64 66 7 62 55 45 35 48 44 47 32 49 40 56 28
66 47 48 40 28 4 16 7 56 14 13 69 1 36 49 18 27 10 9 25 15 17 2 30 38 22 3 11 46 23 12 5 6 21 61 8 29 39 44 72 62 80 77 43 32 33 74 58 52 68 24 70 79 55 78 76 63 54 71 75 37 50 65 73 59 67 57 26 64 60 53 51 42 45 31 35 34 20 41 19
13 7 4 42 31 2 40 5 57 28 11 18 6 56 50 17 49 22 29 43 37 27 16 54 25 34 8 36 30 15 26 14 20 12 38 19 41 71 23 10 46 39 80 77 21 53 61 1 67 9 51 33 52 3 79 24 70 78 72 76 63 74 69 62 44 68 73 75 66 32 58 55 59 48 60 47 65 45 64 35
68 55 58 2 5 6 53 8 11 51 29 72 20 67 17 22 71 34 41 27 16 38 23 36 10 39 19 46 9 1 14 21 33 3 74 24 52 25 59 49 73 69 18 80 60 15 77 40 30 56 12 48 66 28 13 47 4 79 43 7 70 65 50 78 63 54 64 76 57 75 37 26 45 42 35 31 61 44 62 32
36 14 16 23 21 33 4 24 46 7 52 27 45 13 38 39 18 65 64 22 6 43 37 29 34 71 35 54 41 20 8 26 53 19 17 51 67 74 2 25 11 10 50 61 5 59 80 15 73 30 60 1 9 12 57 3 42 62 77 31 44 49 72 79 70 78 56 32 68 76 63 75 40 58 28 55 69 48 66 47
11 5 2 1 3 23 20 21 9 19 46 17 40 41 10 38 34 49 56 50 42 69 48 57 18 27 28 66 13 4 31 47 16 7 22 14 36 61 6 74 29 25 65 39 8 44 43 59 62 73 32 15 30 60 64 12 45 52 80 35 33 77 71 54 37 79 78 24 67 26 70 76 63 53 75 51 72 58 68 55
52 24 33 48 47 1 15 3 66 12 9 39 44 30 69 10 25 61 62 38 23 18 4 46 43 17 32 13 54 37 21 7 2 26 27 5 11 22 16 34 36 65 72 49 14 6 50 20 29 41 8 45 64 19 68 35 58 56 74 55 40 80 77 57 42 73 79 28 78 31 59 60 70 63 76 75 71 53 67 51
57 31 42 4 7 15 37 12 13 26 30 50 16 54 18 25 43 27 36 61 44 49 40 62 17 65 14 56 11 2 32 28 45 5 10 35 64 38 1 22 9 74 69 72 3 23 34 6 46 29 21 59 73 8 66 60 48 68 39 47 58 71 80 41 20 52 67 55 79 19 33 24 53 70 51 76 77 63 78 75
78 75 63 15 12 42 23 31 30 21 57 77 33 46 25 50 38 39 52 34 20 10 1 41 22 18 24 9 29 6 19 3 4 8 43 7 13 65 37 27 54 17 49 69 26 45 71 16 64 36 35 2 11 14 56 5 40 66 61 28 48 72 74 67 53 62 68 47 73 51 44 32 58 59 55 60 80 70 79 76
6
12 13 10 11 9 8 7 3 5 2 1 6 4
9 7 13 12 11 4 10 1 6 3 2 8 5
5 3 2 6 12 11 13 10 9 1 7 4 8
8 1 7 4 5 6 2 13 12 10 3 9 11
11 2 3 9 8 5 1 7 4 13 10 12 6
6 10 1 8 4 9 3 2 11 7 13 5 12
1
7 10 4 5 6 11 3 12 9 2 1 8 13
3
3 2 1
1 3 2
2 1 3
4
5 9 8 6 7 4 3 1 2
2 4 3 9 8 5 1 7 6
4 6 7 2 1 9 8 3 5
6 5 1 4 3 2 7 8 9
1
11 4 1 6 9 5 3 13 10 7 8 2 12
0
2
2 1
1 2
4
4 3 2 1
2 4 1 3
3 1 4 2
1 2 3 4
2
2 1
1 2
3
13 14 12 9 11 3 5 8 6 2 10 7 1 4
11 7 3 2 13 12 1 4 8 9 14 10 5 6
12 10 11 5 3 13 2 6 4 1 7 14 9 8
3
3 2 1
1 3 2
2 1 3
5
12 10 11 9 5 6 4 3 2 8 7 1
6 12 8 11 9 10 7 2 3 5 1 4
3 2 7 5 1 12 11 10 6 4 9 8
2 6 5 8 4 3 1 12 10 7 11 9
10 3 9 4 7 2 5 6 12 1 8 11
1
8 6 3 5 4 1 9 7 2 10
5
13 5 6 7 3 4 8 1 9 12 11 10 2
5 13 2 9 4 6 7 8 12 11 10 1 3
4 2 13 5 6 3 1 7 10 9 8 11 12
11 4 5 3 2 1 6 9 8 7 12 13 10
6 1 8 2 5 7 3 4 11 10 9 12 13
3
13 18 17 9 4 12 7 2 11 8 15 14 10 6 3 1 5 16
12 17 10 18 6 13 11 3 4 9 14 8 1 5 2 16 7 15
6 9 2 14 13 5 8 4 7 15 11 3 12 17 10 18 16 1
8
8 7 6 5 4 3 2 1
6 8 7 3 5 4 1 2
1 6 8 7 3 2 4 5
4 1 2 8 7 6 5 3
2 4 1 6 8 5 3 7
7 3 5 2 1 8 6 4
3 5 4 1 2 7 8 6
5 2 3 4 6 1 7 8
0
79
80 79 76 78 77 75 74 71 73 72 70 69 68 67 66 65 64 61 63 62 60 59 58 57 56 55 54 50 53 52 51 48 49 47 46 41 45 44 43 42 38 40 37 39 35 36 33 34 31 32 30 27 29 25 28 26 23 24 22 20 19 21 17 14 18 15 12 16 11 13 8 7 10 9 6 1 4 2 5 3
78 80 79 77 74 76 72 75 70 73 71 67 69 68 64 66 65 62 61 63 58 60 59 55 57 56 53 54 50 48 52 51 46 49 47 44 41 45 38 43 42 39 40 37 33 35 36 32 34 31 29 30 27 23 24 25 28 20 26 22 17 19 21 15 14 18 11 12 16 7 13 8 6 10 9 2 1 4 3 5
72 74 80 79 76 78 77 69 75 65 73 71 70 63 67 64 68 59 66 60 61 62 56 50 58 54 57 55 51 47 53 49 52 48 45 42 46 43 41 44 37 36 38 35 40 39 31 27 33 30 34 32 28 26 29 23 24 25 20 21 22 18 14 19 17 13 15 10 12 16 7 11 8 4 3 6 2 5 9 1
76 72 75 80 79 70 78 77 68 74 66 73 67 71 69 61 63 57 65 55 62 64 60 59 50 58 56 52 41 40 48 54 53 44 51 47 42 39 45 49 46 34 43 25 38 32 37 36 27 33 31 35 24 28 26 30 29 23 12 19 20 22 16 10 8 14 17 21 18 3 15 13 1 11 7 5 9 6 4 2
69 78 77 73 80 79 64 67 72 76 61 75 71 74 51 70 66 60 68 65 55 57 49 63 62 59 45 58 54 53 50 52 56 35 36 46 48 42 47 30 41 33 44 43 26 40 38 37 29 34 39 31 19 17 27 32 20 18 28 25 23 24 15 11 12 21 22 8 14 1 2 6 16 13 10 3 5 9 7 4
77 69 67 75 68 80 79 76 71 78 64 72 74 66 65 62 70 73 52 53 59 54 46 60 61 57 58 63 48 35 55 56 47 38 49 51 50 27 40 45 43 41 36 34 44 31 42 28 39 22 33 29 20 37 15 19 25 32 24 12 21 30 26 23 16 11 13 17 4 18 3 14 7 1 5 8 6 10 2 9
67 71 73 66 78 74 80 79 62 68 77 76 75 70 72 50 60 69 59 64 56 65 52 58 36 61 63 44 49 57 43 55 54 45 48 53 51 47 33 38 40 42 46 41 31 30 28 35 32 39 25 24 14 34 22 27 37 12 29 17 26 13 7 20 23 6 18 19 8 11 21 9 2 5 1 4 16 3 15 10
57 77 65 64 73 63 76 80 79 75 74 70 78 54 68 71 72 58 62 69 53 46 66 67 47 52 60 61 55 45 59 50 51 56 42 31 40 49 48 41 32 37 39 26 43 44 23 21 22 38 28 33 35 36 34 17 27 30 25 29 12 11 24 18 13 2 20 5 19 10 14 16 9 8 4 7 3 1 6 15
55 58 68 74 65 62 66 78 80 79 63 50 76 73 71 75 69 77 72 56 70 67 42 61 64 48 46 59 47 51 54 60 43 57 31 38 52 33 49 39 53 45 27 36 32 24 41 19 40 35 44 26 13 30 37 15 21 4 23 28 29 34 1 22 20 25 7 9 5 17 18 3 14 16 2 10 12 11 8 6
66 76 62 72 71 69 65 74 78 80 79 58 77 75 57 55 53 63 70 73 52 68 64 47 59 44 67 33 61 50 60 41 48 43 37 56 39 36 32 51 49 54 30 46 34 29 27 20 42 45 19 22 40 35 38 8 31 14 6 9 24 28 4 26 21 10 25 23 17 15 12 5 3 2 18 13 7 16 1 11
75 64 53 60 63 56 71 59 65 58 80 79 66 78 77 76 57 67 74 68 73 69 72 70 51 62 49 46 30 54 61 44 41 27 35 55 33 28 50 52 48 10 47 22 39 42 43 40 38 36 45 23 34 4 9 16 26 31 37 15 14 32 20 25 11 29 19 24 6 2 17 1 5 3 12 21 18 8 13 7
61 45 57 65 48 72 70 73 77 69 55 80 79 53 58 78 71 75 67 76 66 39 68 64 74 42 34 41 60 62 63 35 59 50 44 49 56 52 54 47 22 38 51 31 29 43 24 25 23 46 40 36 21 20 30 12 33 37 16 3 7 9 18 27 28 26 32 2 15 5 1 4 13 6 14 17 10 19 11 8
60 57 72 76 59 68 75 64 74 48 78 61 80 79 73 77 62 55 71 58 69 70 53 56 54 63 66 42 67 36 47 43 40 46 28 45 65 51 22 35 20 52 32 49 30 41 26 50 17 25 24 38 39 44 33 34 4 29 31 37 6 23 27 21 3 9 2 1 10 19 5 12 18 14 11 15 8 7 16 13
62 61 69 57 72 77 68 70 76 67 46 78 73 80 79 74 75 54 48 43 51 50 71 66 60 38 55 65 37 42 58 64 45 52 63 32 59 56 36 40 33 20 53 44 49 7 47 30 2 23 35 13 41 29 14 28 39 34 1 18 16 5 10 31 22 3 26 27 21 6 11 17 4 12 8 9 25 15 24 19
53 67 49 54 57 52 56 72 59 64 76 77 45 35 80 79 78 70 69 75 74 73 65 62 43 68 61 71 63 58 40 32 36 66 60 24 23 18 31 55 15 50 29 51 21 46 44 38 26 48 42 41 47 19 17 13 16 33 10 27 30 39 34 37 5 8 6 3 1 9 4 2 28 7 25 12 11 22 14 20
36 44 61 67 75 46 60 43 55 47 56 74 65 76 78 80 79 72 37 70 77 38 69 73 66 71 33 29 68 64 62 63 58 59 21 57 28 53 30 48 50 35 12 40 51 49 45 52 18 16 41 7 54 39 42 3 10 13 14 32 34 27 6 1 4 31 5 26 2 8 9 23 24 22 19 11 15 17 20 25
59 68 66 51 62 61 58 41 56 77 72 49 57 64 70 73 80 79 60 74 78 34 67 75 71 53 69 76 36 43 39 46 33 32 65 63 54 19 14 16 55 48 52 50 47 21 40 45 30 26 2 28 42 9 44 37 38 11 5 31 18 20 29 35 7 1 8 4 3 27 6 15 12 25 24 22 23 13 10 17
71 49 60 61 50 47 62 58 43 44 65 63 72 77 76 51 74 80 79 52 39 78 73 26 70 66 75 37 69 68 67 33 8 53 64 18 57 17 56 54 59 55 45 42 46 38 19 16 6 41 48 40 31 32 10 35 36 3 11 14 27 15 2 24 1 5 34 7 9 4 29 30 21 28 20 25 13 23 12 22
74 42 47 63 54 49 44 31 66 59 69 62 58 72 75 68 61 78 80 79 71 77 76 48 53 65 70 73 33 30 64 29 67 51 55 27 38 57 25 56 24 60 26 12 52 45 46 43 50 17 16 39 1 40 8 7 41 36 4 5 28 2 22 32 9 23 3 6 34 37 10 21 11 15 13 19 14 20 35 18
73 63 43 32 56 51 57 49 52 24 67 65 42 47 61 54 58 46 78 80 79 75 40 76 72 69 77 68 74 71 70 34 38 64 66 50 60 59 27 62 14 17 33 53 48 8 55 44 37 29 36 11 25 45 31 21 6 15 3 16 1 4 5 39 2 28 9 13 7 41 26 10 19 35 23 30 20 18 22 12
65 75 51 45 27 53 46 47 50 60 38 41 54 58 35 52 76 71 77 67 80 79 74 72 69 73 78 56 66 37 68 62 26 34 70 59 49 25 63 61 30 29 64 55 11 48 57 24 12 43 14 2 23 22 1 44 13 39 42 7 8 3 9 5 6 4 10 32 36 21 40 31 15 20 28 18 19 33 17 16
41 62 56 39 53 71 63 54 21 46 58 44 61 31 55 43 38 64 75 77 68 80 79 51 76 78 74 70 65 66 30 73 69 72 67 60 20 40 29 34 28 57 16 59 25 15 52 47 49 42 11 48 5 18 19 2 8 1 7 24 9 26 3 6 10 22 4 36 13 35 50 45 32 37 33 27 17 12 23 14
52 55 48 68 67 57 47 66 58 54 40 45 43 46 59 72 44 76 73 78 63 74 80 79 77 64 65 75 71 69 38 28 42 70 19 61 8 62 35 25 39 49 5 60 56 26 53 15 41 10 21 12 2 31 20 51 9 6 17 34 4 29 13 3 50 7 1 11 37 30 36 33 27 24 22 16 32 14 18 23
48 59 44 69 45 50 54 61 49 38 42 60 56 36 23 58 41 74 46 72 76 71 78 80 79 77 52 22 75 70 65 37 73 63 29 67 64 55 68 66 62 14 25 13 3 47 30 51 43 24 27 53 57 7 5 1 2 9 21 6 10 8 11 4 19 35 28 34 33 12 16 20 17 18 15 32 39 40 26 31
45 70 39 37 36 42 48 57 61 43 47 64 49 38 53 44 59 50 76 34 65 72 51 78 80 79 73 17 62 75 74 71 77 69 58 4 63 67 21 68 66 32 55 52 15 10 6 60 28 12 18 54 30 8 35 11 5 2 13 1 3 7 56 9 41 46 31 22 27 40 23 25 20 33 16 14 24 29 19 26
39 65 74 38 42 45 67 23 63 52 43 48 50 69 41 56 25 19 44 36 72 33 77 14 75 80 79 51 78 76 35 30 62 73 71 68 58 64 60 70 29 11 66 20 57 59 61 54 4 55 53 3 6 10 40 5 22 47 9 2 13 1 8 7 34 12 16 15 49 31 27 18 37 46 17 26 28 24 32 21
23 11 28 29 37 59 26 42 40 19 33 43 52 50 18 67 77 41 57 48 45 66 34 65 73 75 80 79 72 78 71 74 70 76 5 62 68 60 64 63 51 69 9 47 1 53 39 56 58 44 61 49 15 55 3 6 7 10 8 4 2 12 36 13 46 16 54 35 31 14 24 38 30 17 27 20 22 25 21 32
40 66 34 52 44 38 73 28 46 61 39 55 26 65 24 48 51 68 56 47 5 63 36 74 78 70 76 80 79 72 77 75 71 60 59 64 69 20 67 21 58 62 42 57 53 18 50 9 54 49 1 17 12 16 4 10 3 7 2 13 11 6 37 8 15 33 43 14 35 32 22 29 41 19 45 23 30 31 25 27
12 73 30 34 43 64 27 60 54 39 23 57 32 40 48 46 37 53 55 35 31 42 70 24 28 72 68 67 80 79 66 78 74 61 76 75 71 58 77 15 13 65 69 4 62 56 63 26 59 19 52 10 3 6 7 9 1 8 47 11 5 16 45 2 49 17 14 18 20 50 51 22 25 29 41 38 36 21 33 44
13 46 64 44 51 34 59 20 32 56 29 39 62 49 63 53 47 26 41 12 6 76 57 37 67 74 72 78 77 80 79 58 50 71 73 66 75 68 70 60 69 61 65 28 7 19 48 11 52 1 9 8 18 3 2 4 14 5 54 10 15 17 38 16 36 24 35 55 23 42 25 43 22 45 31 40 21 30 27 33
46 33 70 56 69 41 35 53 60 55 45 30 51 43 40 38 39 44 19 24 50 37 62 29 26 76 59 77 57 73 80 79 68 78 75 72 74 11 71 14 64 63 48 61 65 13 4 1 7 3 10 5 9 2 6 18 17 16 15 8 66 67 58 12 25 36 42 20 32 22 34 27 47 23 21 49 52 28 31 54
70 18 7 14 47 40 53 35 42 36 34 23 60 33 56 30 46 49 3 44 75 52 55 69 24 41 10 72 76 67 78 80 79 62 50 77 2 65 58 71 61 68 74 54 64 16 8 4 15 9 5 6 11 1 13 73 12 66 48 59 51 57 63 17 45 43 38 25 22 29 20 19 31 21 26 28 27 32 39 37
31 28 45 17 41 37 34 50 20 49 57 51 55 21 33 69 73 48 7 32 35 61 39 77 15 60 64 74 42 3 72 65 80 79 78 71 76 75 66 26 67 70 1 16 13 2 29 18 10 4 6 9 8 5 12 22 11 44 68 62 46 14 47 58 59 63 24 56 52 25 19 53 23 36 30 43 38 27 54 40
54 22 25 31 61 29 37 51 27 53 59 20 34 32 28 63 26 56 35 40 42 9 10 39 46 47 6 49 73 77 76 72 75 80 79 52 78 71 57 19 8 64 68 3 50 12 15 13 5 2 7 1 4 11 16 14 18 17 70 67 74 44 69 66 60 58 21 65 41 23 55 62 45 48 43 24 33 36 30 38
24 21 58 35 30 32 69 52 18 27 51 53 31 56 26 45 1 17 16 39 57 41 48 49 40 10 13 66 3 65 14 76 78 77 80 79 70 73 75 72 5 74 71 2 54 60 59 6 9 68 8 4 7 12 11 50 15 22 64 63 62 61 19 36 67 20 23 47 25 55 44 42 33 38 46 34 29 37 43 28
2 17 31 7 28 11 32 45 9 62 24 13 6 27 3 22 52 38 40 61 48 12 63 68 65 67 42 57 39 60 73 77 34 5 72 80 79 69 78 76 44 71 14 74 66 64 75 8 1 70 4 16 10 15 18 20 49 21 35 53 58 25 23 30 37 19 55 54 47 46 59 56 43 41 50 33 51 26 29 36
1 6 15 70 33 58 36 24 26 35 62 31 40 44 5 11 45 32 25 49 16 18 29 30 12 37 48 9 22 2 69 66 72 74 54 78 80 79 10 77 75 67 8 76 71 4 68 7 13 60 3 20 17 14 21 55 57 73 19 23 64 38 52 59 65 41 63 61 50 51 53 28 34 27 56 39 47 46 42 43
9 20 40 10 70 65 7 13 48 32 21 15 30 29 36 37 27 33 18 4 67 17 38 6 16 8 71 47 56 1 2 39 76 75 62 54 72 80 79 78 68 77 61 64 5 73 58 3 55 11 12 14 22 66 23 57 50 19 74 60 25 69 28 53 52 45 41 63 46 43 42 59 49 44 35 31 26 51 34 24
38 31 59 22 12 28 17 26 23 3 60 34 9 30 21 29 43 37 1 33 46 7 20 10 45 6 62 69 5 74 11 67 14 54 16 73 55 70 80 79 76 4 77 78 75 71 64 2 8 15 13 18 66 65 61 63 19 41 72 49 50 35 25 68 57 27 40 48 58 36 56 24 51 52 32 47 42 53 44 39
25 1 27 18 66 26 12 48 69 70 30 59 41 34 16 49 6 22 9 23 3 31 13 19 2 5 14 4 7 46 29 68 17 58 10 76 11 78 52 80 79 75 72 45 74 67 65 71 56 8 20 15 61 21 77 42 44 64 36 38 43 60 73 54 62 53 57 51 24 47 33 32 50 55 40 63 37 39 28 35
63 25 5 59 23 9 39 44 28 71 52 42 18 45 14 35 21 7 24 37 19 3 12 54 17 34 50 1 15 31 8 6 2 4 69 70 77 10 65 75 80 79 73 66 78 72 20 74 11 13 22 64 16 49 76 38 61 57 41 68 60 56 62 67 27 48 51 46 40 33 32 55 26 53 29 36 58 43 47 30
68 50 14 13 24 66 4 29 36 25 75 16 48 22 9 6 7 35 45 71 43 19 41 18 31 11 12 8 64 63 1 38 57 65 77 3 67 74 23 69 78 80 79 27 17 5 2 10 20 54 15 21 76 73 72 62 52 40 46 42 49 53 70 61 44 56 58 33 60 28 30 26 39 32 37 55 59 34 51 47
49 15 46 21 6 3 33 68 4 13 20 1 25 39 11 10 18 45 36 30 32 40 23 35 22 51 5 2 14 9 7 8 61 17 74 16 66 41 53 65 12 76 80 79 69 70 77 78 57 64 75 19 72 71 60 47 56 27 73 44 63 52 67 48 24 62 37 43 55 34 28 50 29 26 42 59 31 54 38 58
32 8 19 2 31 14 3 56 7 9 68 21 22 25 6 33 20 11 38 1 18 27 75 13 30 12 4 53 17 15 34 70 16 55 23 58 10 76 74 5 77 78 62 80 79 50 73 63 44 67 49 60 48 72 71 40 43 69 66 64 61 65 59 51 35 57 46 28 26 24 52 36 54 42 39 45 41 47 37 29
14 36 1 62 2 67 11 32 37 4 18 68 3 13 19 34 9 31 28 66 21 29 22 41 7 23 24 20 6 8 15 61 25 16 43 10 73 63 76 12 71 47 78 77 80 79 69 70 74 5 17 65 60 75 58 64 54 59 27 72 48 50 33 52 55 49 56 38 39 26 46 40 42 30 44 53 57 35 45 51
17 9 16 40 1 4 10 11 3 2 44 52 36 15 8 13 24 6 22 20 47 45 33 28 5 18 21 19 32 27 49 57 30 23 39 69 12 77 73 67 70 72 76 7 61 80 79 14 78 56 65 25 74 63 75 54 55 58 62 71 68 64 66 60 26 59 29 31 43 48 38 35 53 34 51 37 46 50 41 42
37 12 50 55 21 8 2 4 19 18 28 14 13 6 54 25 32 47 27 31 44 5 35 22 41 40 17 24 20 23 57 9 63 3 38 7 1 72 16 58 11 15 10 68 76 78 80 79 73 77 74 70 69 52 65 67 71 75 60 26 59 42 64 62 51 66 33 30 61 53 39 49 46 56 36 29 43 45 48 34
19 41 3 16 34 25 8 22 2 11 53 27 59 55 17 57 15 9 6 18 4 20 43 23 68 14 47 30 12 21 13 69 65 10 7 1 26 66 62 74 72 58 49 71 77 76 5 80 79 73 64 42 78 24 70 75 32 52 39 54 67 40 51 46 33 44 61 29 28 63 31 37 36 50 60 35 45 38 56 48
35 13 55 20 9 1 5 17 29 8 27 11 23 59 2 21 28 43 58 42 36 51 18 40 33 15 38 12 31 16 25 7 10 19 14 6 22 26 4 3 74 24 63 67 73 77 78 76 80 79 50 71 65 64 54 61 75 72 57 41 47 68 44 49 70 32 66 37 30 39 48 60 56 62 69 46 34 52 53 45
5 2 33 46 3 16 25 12 11 23 4 19 1 20 29 59 54 24 13 22 9 32 21 27 37 7 26 6 52 41 10 53 66 18 56 15 14 8 72 73 17 51 75 63 58 69 49 64 70 80 79 77 71 78 68 76 74 45 50 43 40 48 30 28 47 60 36 39 67 62 57 61 38 31 34 44 35 42 65 55
6 56 71 43 4 2 51 14 38 10 11 12 64 23 47 31 16 3 21 5 1 58 9 8 52 35 18 36 29 25 22 13 60 20 33 19 53 7 69 50 27 73 15 75 70 17 74 77 63 57 80 79 26 68 67 24 78 28 76 45 55 66 39 72 32 65 30 59 54 44 37 34 61 40 49 42 48 62 46 41
56 38 17 11 46 33 6 25 53 26 1 4 19 24 27 42 14 12 64 13 40 21 28 5 9 39 31 60 18 7 20 22 23 36 3 48 15 16 55 8 2 30 67 70 68 58 10 73 72 65 54 80 79 76 78 45 77 61 69 74 75 71 32 34 29 37 62 49 57 66 41 52 35 43 47 51 44 59 63 50
21 14 24 15 55 35 22 38 64 16 10 8 7 28 12 18 2 30 11 6 13 4 54 33 3 25 9 62 1 29 42 17 20 26 27 5 19 31 37 23 65 56 60 73 59 75 70 39 77 74 69 52 80 79 51 53 76 78 49 58 32 36 40 63 61 34 68 72 66 45 43 71 67 47 48 41 50 44 57 46
33 19 6 5 8 48 41 65 10 30 12 29 44 4 13 40 23 28 54 2 26 43 17 1 63 22 20 25 21 11 56 24 15 39 9 74 18 3 7 31 60 27 58 72 16 62 14 68 75 78 70 76 45 80 79 36 34 77 32 73 37 47 50 71 69 42 67 64 38 57 35 46 66 51 53 61 55 49 52 59
10 39 26 8 15 55 38 46 14 5 17 7 53 16 1 12 11 65 32 21 24 30 31 25 6 4 28 3 9 22 27 20 18 2 57 36 37 61 19 33 23 59 13 62 60 66 76 69 68 75 77 67 56 54 80 79 35 71 34 78 42 73 74 50 43 72 64 45 29 70 47 51 44 49 63 48 40 41 58 52
11 52 36 28 22 43 31 7 15 50 2 35 14 9 4 19 29 20 10 17 25 8 26 44 32 16 39 5 70 12 46 3 13 1 24 21 27 23 34 64 73 18 6 48 67 54 71 59 53 37 68 45 77 61 55 80 79 65 78 75 76 33 57 47 30 51 74 42 72 49 69 41 62 60 38 66 56 58 40 63
30 35 11 4 16 31 43 9 5 15 26 25 10 7 39 2 49 13 34 8 12 36 19 53 27 29 3 23 40 61 28 18 37 14 17 33 44 21 24 32 1 6 70 65 22 20 67 46 71 47 57 63 68 74 73 78 80 79 77 55 45 75 42 76 38 64 59 41 51 54 66 58 60 72 52 62 69 48 50 56
50 51 9 30 40 17 61 34 16 20 15 28 63 2 52 3 13 1 4 10 8 11 24 32 19 43 35 26 46 33 12 42 39 7 41 14 21 5 18 37 25 53 56 6 27 23 66 22 76 59 60 62 49 77 74 29 67 80 79 36 78 31 54 44 73 47 72 75 70 38 45 48 71 68 58 65 64 69 55 57
7 5 8 12 26 44 40 1 45 51 16 2 28 61 37 4 33 52 43 25 27 48 6 34 14 32 19 10 24 13 21 11 35 9 22 17 36 15 59 18 47 23 3 58 20 63 62 66 69 76 78 74 46 41 39 71 30 49 80 79 73 77 68 29 31 38 65 50 42 67 54 70 75 57 72 56 60 55 64 53
27 24 12 42 18 10 49 19 57 31 22 56 21 8 20 41 34 15 29 45 28 2 11 38 48 1 25 16 4 32 6 5 7 13 26 30 3 35 9 59 36 46 23 33 37 51 17 55 14 72 43 47 73 67 53 70 62 74 58 80 79 76 77 64 71 75 52 44 78 65 60 66 40 39 61 50 54 63 69 68
20 34 13 48 14 22 55 62 8 57 5 32 15 17 7 47 36 29 2 27 37 16 4 21 10 28 11 31 25 6 19 59 3 12 52 26 30 1 51 9 18 43 24 23 45 61 72 75 35 71 46 78 70 69 50 58 73 76 38 77 80 79 41 33 42 67 60 40 44 68 65 39 74 63 64 54 53 56 66 49
42 30 54 19 17 24 45 3 51 37 31 38 16 26 25 36 5 8 20 41 2 55 1 11 21 46 27 15 44 4 23 40 12 29 18 13 6 14 28 7 9 22 50 69 10 34 35 49 61 58 47 72 43 62 32 33 48 67 63 76 77 80 79 74 75 78 39 73 53 56 71 64 65 59 68 52 66 57 60 70
26 23 42 1 29 7 14 39 17 45 41 10 5 11 44 27 12 25 8 16 34 15 3 36 38 50 32 35 2 19 31 4 22 37 6 9 24 30 20 46 52 13 28 18 63 65 21 53 60 66 51 43 75 56 59 72 58 70 33 69 54 78 80 79 40 76 47 77 68 73 64 67 48 71 55 57 62 61 49 74
18 10 21 9 39 30 19 36 13 28 32 5 17 14 46 7 56 27 31 3 29 22 45 2 8 20 44 11 38 55 16 1 6 42 15 12 35 48 26 4 34 25 59 24 41 52 60 72 62 53 23 75 51 47 66 69 40 43 65 33 71 37 78 80 79 77 50 70 64 76 74 63 58 54 57 73 49 67 68 61
3 54 18 33 11 27 1 30 25 42 9 17 29 10 15 8 22 51 23 26 7 56 2 4 13 21 36 40 19 38 5 12 28 41 32 34 62 50 39 57 6 31 20 14 24 55 16 67 46 52 66 61 37 43 69 65 45 48 53 47 70 74 35 78 80 79 49 68 59 64 58 44 77 73 76 75 63 60 71 72
4 60 35 71 25 20 16 40 6 22 50 24 8 5 42 17 30 14 39 11 49 13 7 3 18 31 1 32 26 28 37 27 29 15 68 23 34 9 2 53 21 19 54 10 36 74 12 33 51 69 63 46 59 38 56 43 47 55 44 61 41 72 48 45 78 80 79 76 65 52 70 57 73 77 67 58 75 66 62 64
34 16 29 49 5 19 30 18 12 41 35 33 20 42 38 26 17 39 14 28 23 24 8 9 44 27 2 13 10 56 36 25 4 6 1 11 47 32 3 22 31 7 57 15 72 37 51 48 21 50 55 66 53 70 63 77 46 62 75 40 52 54 43 73 68 71 80 79 45 78 76 74 69 58 65 60 61 64 59 67
58 40 52 47 10 18 24 2 1 66 54 26 46 37 31 14 19 34 49 15 38 44 25 17 4 33 30 21 13 20 32 16 11 28 12 8 43 6 42 27 56 5 35 9 23 22 3 29 48 7 59 51 62 53 36 74 69 60 45 57 39 41 61 75 63 50 76 80 79 77 68 65 55 64 71 70 78 72 67 73
43 27 63 23 58 12 20 10 31 34 7 47 37 3 22 16 42 18 15 59 41 28 30 46 25 45 29 14 35 5 33 21 44 8 13 2 17 38 11 24 4 26 19 1 9 6 32 65 64 51 73 50 36 48 62 56 53 54 71 70 72 55 75 40 39 61 77 52 80 79 49 69 57 66 78 74 67 68 76 60
29 43 32 3 19 15 42 37 24 33 49 18 2 51 50 5 10 36 26 14 20 25 44 31 23 13 8 28 59 34 4 47 9 21 53 40 16 46 1 17 7 12 22 11 6 27 54 57 45 62 56 69 58 60 41 52 72 38 55 30 35 63 76 77 48 39 75 71 73 80 78 79 64 74 66 67 68 70 61 65
8 53 20 26 7 23 15 63 47 40 3 9 27 48 30 32 35 21 5 54 11 6 37 45 29 17 51 18 16 14 24 19 55 22 4 25 13 2 12 36 10 1 41 38 28 68 34 42 66 61 67 44 64 46 57 39 59 56 52 50 33 49 31 43 76 73 78 58 74 60 80 75 79 69 70 77 65 71 72 62
15 32 37 25 13 21 9 33 67 1 19 40 47 57 34 20 50 23 42 38 54 35 27 43 11 26 16 45 8 18 41 36 31 24 61 29 7 12 6 10 63 2 17 56 4 28 22 5 3 14 72 68 55 51 48 59 60 46 30 39 53 58 49 65 66 52 44 69 75 74 62 80 76 79 77 64 73 78 70 71
22 37 10 27 64 39 21 6 35 12 14 36 24 18 49 9 40 16 53 50 33 26 15 20 1 2 41 34 11 17 45 31 19 30 25 28 5 4 44 29 3 8 7 32 42 57 13 23 47 63 62 56 52 58 46 60 70 51 43 48 38 59 72 55 74 68 69 67 76 61 73 54 80 65 79 78 71 77 75 66
44 48 22 6 32 5 23 55 39 21 36 66 11 12 62 1 3 4 47 9 14 49 50 15 20 24 43 64 28 10 17 26 27 67 34 35 29 13 61 2 45 16 31 30 8 25 7 58 19 18 38 37 33 42 52 68 51 53 40 65 57 46 60 41 56 54 71 78 69 72 77 76 63 80 59 79 70 73 74 75
28 7 38 24 60 54 52 8 34 6 25 46 12 19 32 23 4 40 30 51 10 47 5 71 39 49 15 48 43 44 9 45 21 33 11 22 31 37 17 13 26 3 2 29 14 1 18 62 16 20 58 55 50 27 64 41 66 35 61 56 36 70 65 42 53 74 73 57 63 69 72 68 59 67 80 76 79 75 77 78
64 26 4 41 20 6 13 15 22 14 48 54 35 62 60 28 31 10 33 7 30 23 16 42 49 36 37 39 34 24 44 2 1 40 8 43 32 29 5 11 19 66 18 21 12 3 9 17 25 27 71 57 38 59 47 46 63 50 51 52 65 45 55 69 72 70 53 74 56 58 67 78 68 61 75 80 77 79 73 76
47 29 41 36 35 60 18 27 30 17 13 22 33 52 43 24 48 42 12 57 15 1 61 16 55 3 7 38 23 39 26 10 5 25 20 37 9 34 8 6 54 21 4 19 2 14 11 31 65 28 32 59 67 50 49 66 64 68 56 46 44 51 53 70 58 40 45 62 71 75 63 77 78 76 73 72 80 74 79 69
79 47 2 53 38 36 50 21 44 7 37 6 39 41 10 60 55 5 17 29 64 14 32 52 35 19 23 27 58 49 3 15 24 31 30 20 4 22 13 1 16 28 11 8 18 9 25 12 67 40 26 34 63 33 45 48 65 42 59 51 56 43 46 57 54 69 70 66 62 71 61 73 72 75 74 68 76 80 78 77
51 4 23 58 52 13 28 16 41 29 6 3 38 60 45 39 8 2 50 46 17 10 47 12 42 30 22 7 27 26 18 14 32 11 40 65 25 24 15 20 35 9 34 5 19 33 1 61 36 21 37 73 44 57 43 49 68 63 67 66 31 62 71 56 64 55 48 53 77 59 75 72 70 78 54 69 74 76 80 79
0
37
78 80 76 73 79 52 55 74 77 72 75 70 71 60 65 66 51 45 62 68 39 69 9 53 61 18 47 67 35 42 64 63 28 58 54 21 50 56 32 48 44 40 41 8 29 3 36 11 37 17 23 15 38 12 30 49 10 34 22 59 4 1 57 20 16 7 14 6 13 27 31 33 43 2 46 5 26 25 19 24
42 75 50 80 77 74 68 55 79 67 78 76 65 73 49 72 69 71 61 64 47 19 45 40 63 39 70 6 66 24 9 58 62 51 56 54 15 53 17 60 48 41 46 35 20 52 23 12 38 33 32 7 36 21 5 43 28 10 31 25 27 30 59 37 22 44 34 29 4 11 1 16 57 14 3 8 18 13 2 26
77 78 69 74 53 76 80 51 43 79 46 73 75 29 63 56 42 52 68 61 37 58 72 71 65 12 66 60 70 55 11 47 20 62 34 67 39 13 50 59 54 45 8 19 44 35 64 32 25 27 41 16 1 10 21 57 6 49 38 48 3 2 24 30 7 40 28 4 5 26 23 31 15 36 14 17 9 33 22 18
73 76 78 37 60 77 47 80 75 42 54 74 79 63 70 46 72 67 59 48 66 35 39 13 64 71 23 65 9 49 68 51 3 17 25 43 24 55 45 29 20 50 58 14 52 41 26 53 30 44 5 36 56 22 62 69 61 28 16 8 57 6 19 18 10 2 31 38 33 7 4 34 32 12 40 1 27 21 11 15
55 70 73 51 78 68 50 53 80 58 72 52 38 79 74 77 60 48 75 40 12 67 76 42 35 59 63 66 54 65 23 11 71 56 69 62 49 41 5 9 34 25 45 1 43 31 44 46 36 57 2 61 47 30 17 10 8 27 21 64 13 22 14 3 20 37 15 28 32 29 7 26 24 18 16 39 19 6 33 4
46 73 49 62 76 51 60 77 70 80 69 78 47 74 79 52 67 66 54 75 35 25 71 27 4 57 72 50 33 16 65 28 61 55 63 56 53 26 6 68 36 3 9 7 42 2 11 44 19 58 37 64 43 5 45 40 59 30 48 22 21 17 12 38 13 10 8 24 29 20 34 18 39 15 1 41 31 23 32 14
68 71 60 14 64 73 62 40 74 69 80 33 50 78 76 79 46 77 56 49 19 75 67 48 72 70 25 9 36 47 66 44 24 16 55 61 54 45 43 34 65 20 51 38 27 5 8 58 53 31 52 59 4 32 41 30 63 23 57 13 1 18 11 21 2 22 10 37 12 6 29 35 42 26 39 3 17 15 7 28
63 53 56 54 73 75 26 62 55 17 65 80 36 46 77 78 79 76 3 52 74 70 40 38 68 51 32 69 39 66 50 48 59 5 72 24 9 49 67 1 64 4 42 33 47 29 71 19 45 2 25 57 58 41 6 37 30 61 44 28 43 13 21 8 14 11 60 31 20 34 27 7 10 35 15 12 22 18 16 23
56 64 63 69 18 78 76 73 4 32 70 54 68 6 75 80 50 79 77 60 51 31 35 24 74 5 29 61 52 41 25 59 72 20 47 17 67 28 53 66 33 43 39 2 36 65 9 15 7 3 46 48 42 1 55 45 27 13 62 71 10 44 49 57 23 8 40 12 21 37 22 58 11 19 38 26 14 34 30 16
75 46 42 65 55 53 49 18 73 51 66 63 12 70 54 67 80 50 79 76 72 52 78 25 39 20 35 43 7 69 77 56 74 21 11 58 1 16 31 44 32 22 19 62 34 15 68 47 4 60 36 29 57 59 61 71 3 45 8 40 30 37 23 9 17 38 27 33 64 10 2 14 41 5 48 24 28 26 6 13
53 40 52 68 38 55 73 15 76 74 8 45 22 65 66 71 49 80 60 54 79 77 47 23 32 78 7 70 11 35 41 18 50 64 61 69 72 75 4 37 21 14 24 56 31 36 28 34 51 1 16 67 59 58 48 44 5 42 30 43 62 63 6 29 25 9 39 13 19 12 20 2 46 33 26 27 57 3 17 10
13 54 6 26 69 29 53 42 78 62 55 32 76 71 45 74 48 73 80 39 64 65 79 77 33 72 36 40 44 70 7 61 68 47 75 41 56 3 57 17 18 9 5 51 2 16 49 24 67 52 34 66 35 50 27 15 37 46 59 10 38 28 58 31 60 21 19 11 22 25 8 63 23 4 43 20 30 12 14 1
71 27 70 13 61 41 42 19 52 35 45 29 18 4 40 6 26 55 74 80 54 68 63 79 76 21 78 49 51 77 16 57 39 48 44 60 64 47 14 56 3 53 15 43 9 22 69 28 34 65 67 5 50 37 75 62 38 36 17 7 46 25 20 32 30 59 2 8 11 58 73 72 33 66 10 23 24 1 31 12
32 31 14 44 42 26 75 64 17 70 62 77 35 55 48 73 45 18 19 3 80 12 54 29 60 79 33 78 30 23 21 76 10 41 65 40 59 50 58 2 67 37 22 52 1 56 61 39 43 63 53 51 34 36 66 46 71 74 69 57 5 72 28 4 24 49 47 15 68 13 9 6 16 11 27 38 7 20 25 8
58 11 19 33 62 65 48 75 13 52 17 38 3 40 29 42 77 6 46 32 50 71 1 76 80 47 79 23 53 39 54 20 49 78 66 25 5 57 21 35 45 24 61 67 14 27 51 10 8 4 9 30 16 60 69 68 64 72 74 36 41 55 44 73 43 56 18 59 31 22 70 37 12 63 34 28 15 7 26 2
51 47 29 19 14 48 52 61 54 3 31 49 28 39 64 76 38 35 12 73 11 66 42 63 67 80 53 79 77 78 20 45 40 57 32 10 17 58 70 72 9 26 50 41 65 1 13 5 21 55 8 43 23 6 34 24 68 69 75 62 74 56 46 15 4 71 36 27 44 60 37 25 2 16 22 18 33 30 59 7
72 32 27 42 43 69 14 47 19 53 15 31 16 2 58 36 40 34 4 78 56 55 12 35 57 64 80 77 75 79 39 68 1 61 23 59 51 18 76 7 25 70 60 50 37 6 65 41 52 48 20 3 29 46 54 66 74 21 73 5 67 62 71 26 38 63 9 17 10 45 49 44 8 22 28 33 11 24 13 30
43 14 53 22 59 44 65 11 6 19 73 42 13 51 57 70 64 17 47 4 8 33 25 78 77 23 46 76 80 52 79 2 69 28 62 20 27 24 35 31 26 18 54 40 32 50 63 56 39 68 1 9 7 34 74 61 16 55 72 21 71 41 5 48 75 12 58 30 15 38 66 49 36 45 37 67 10 29 3 60
66 72 7 38 15 42 40 26 51 14 68 43 4 5 32 60 6 62 25 11 30 54 34 19 13 41 71 75 55 80 78 79 46 76 58 47 77 70 12 21 17 39 44 22 35 45 29 37 50 23 24 53 18 52 1 64 73 57 56 49 69 59 74 67 28 65 16 48 63 61 36 20 9 3 33 2 8 27 10 31
36 35 33 56 17 46 15 28 42 41 51 27 44 7 31 12 75 3 8 63 77 18 29 6 30 66 38 71 32 10 80 4 79 54 78 19 61 14 52 76 47 16 53 20 45 48 24 26 49 40 22 50 25 23 72 1 43 39 68 74 55 69 73 64 9 62 57 5 65 2 58 59 37 34 13 70 67 60 21 11
34 8 4 31 22 36 28 33 15 68 61 13 49 59 11 65 3 23 39 45 26 50 32 17 19 27 76 51 42 46 48 80 73 77 79 70 25 72 54 41 35 1 20 55 18 38 6 52 9 24 47 2 53 16 58 56 78 43 40 75 60 66 67 62 64 5 74 21 14 44 30 71 7 37 57 63 29 10 12 69
74 66 24 50 36 39 17 67 60 22 53 47 19 14 68 43 15 40 52 9 6 32 38 45 69 76 13 4 12 51 33 30 80 11 49 28 55 79 25 42 23 5 77 70 26 54 62 2 3 37 35 34 48 18 56 41 1 75 46 78 63 58 72 16 73 57 7 10 71 65 21 64 31 44 29 59 61 8 20 27
48 67 23 40 28 66 30 65 18 10 33 8 53 22 44 19 9 68 76 37 36 63 5 15 45 50 75 47 6 72 26 78 2 80 7 16 34 52 29 55 14 12 56 59 41 42 60 51 35 25 39 54 46 13 77 32 79 1 61 73 70 71 62 69 74 4 43 49 24 3 11 27 38 57 17 58 20 31 64 21
47 10 44 53 37 32 41 14 45 5 43 51 8 68 22 48 56 60 40 42 49 17 31 11 15 19 67 63 20 50 75 7 35 30 26 80 2 54 9 58 39 6 3 61 24 55 52 33 46 29 28 23 13 25 16 65 76 79 36 66 78 77 4 71 72 74 70 18 62 73 59 12 34 64 21 69 1 38 27 57
39 3 28 29 66 50 69 16 7 46 19 5 17 15 30 61 10 22 48 33 40 42 8 51 31 25 45 12 24 44 27 49 77 36 14 32 26 23 80 53 37 2 55 76 6 20 35 9 54 21 18 13 52 56 47 34 41 63 64 1 11 78 79 43 67 58 71 73 74 62 38 75 59 70 4 60 72 57 68 65
65 39 72 34 54 43 16 48 50 6 24 69 37 32 55 51 29 70 15 74 75 22 52 68 8 46 10 19 62 38 42 35 5 33 41 11 44 31 30 45 53 47 23 80 7 14 1 36 27 12 13 26 2 17 60 20 40 66 76 56 9 3 63 79 71 18 73 57 77 67 25 78 21 49 61 64 4 58 28 59
33 44 39 35 50 37 77 46 8 28 36 9 69 27 13 4 22 16 17 38 61 48 74 31 42 11 24 68 60 3 32 23 12 7 10 64 40 67 47 57 15 21 34 54 19 18 20 65 5 14 26 6 45 2 25 53 80 52 41 55 76 43 75 78 79 1 51 66 56 30 62 73 29 59 49 72 71 63 70 58
26 9 58 7 33 24 18 43 3 29 34 67 14 21 52 44 27 41 5 2 48 37 68 49 25 65 19 38 10 31 53 8 23 46 28 78 32 17 36 50 12 11 4 39 22 13 55 40 15 62 45 35 51 42 59 47 70 76 6 80 56 54 69 72 1 79 75 61 30 16 77 60 74 73 71 57 64 66 63 20
59 48 41 6 34 60 67 29 26 44 13 50 1 47 62 2 5 51 70 14 38 46 3 8 40 32 22 25 73 76 35 9 42 24 27 37 63 11 56 49 19 10 18 45 17 33 15 57 31 53 7 39 21 20 23 36 52 77 54 68 64 80 55 28 61 43 79 69 75 74 78 30 58 65 12 66 16 71 4 72
52 74 26 72 65 18 35 58 57 43 67 53 34 1 19 59 25 36 37 8 3 24 46 12 5 48 27 15 17 9 40 41 38 60 42 39 10 64 23 33 6 13 47 11 51 7 50 54 29 56 14 28 31 45 20 22 77 68 2 70 44 76 78 49 66 55 32 79 80 21 75 69 71 30 62 16 63 4 73 61
64 2 9 47 10 56 58 60 44 26 42 55 21 31 38 50 18 61 16 43 29 41 13 33 34 53 4 27 3 22 28 70 19 65 5 57 78 59 46 36 52 76 6 48 11 12 39 30 32 15 40 17 14 51 35 8 75 37 7 54 72 24 45 66 69 20 25 74 49 79 67 80 77 71 23 62 68 73 1 63
61 33 34 52 24 19 46 35 11 56 58 26 9 18 15 55 1 14 51 62 2 43 28 54 48 36 31 37 16 67 22 3 21 63 13 27 7 29 20 4 8 49 76 32 30 53 70 38 17 5 6 12 10 39 42 59 50 47 60 41 25 40 66 45 78 72 69 44 57 77 79 68 80 75 74 73 23 64 65 71
49 51 45 9 63 28 21 52 47 30 18 62 57 54 34 35 12 1 44 71 59 26 43 66 3 29 6 46 14 15 8 75 17 42 20 33 70 22 40 13 5 77 48 58 39 32 41 25 24 19 31 4 55 7 2 50 60 53 27 61 36 10 16 56 37 68 76 78 38 23 65 79 67 80 73 11 69 72 74 64
25 41 21 2 56 13 39 30 27 59 52 35 31 49 47 58 73 37 18 29 14 62 44 50 36 45 65 57 1 4 12 34 66 19 9 38 43 46 64 16 42 17 26 24 48 28 10 8 33 11 51 32 40 15 71 63 54 22 23 6 7 53 60 55 5 78 20 72 3 76 68 74 69 61 80 75 79 77 67 70
79 34 61 23 57 49 66 36 2 64 63 10 51 53 41 20 52 56 7 18 9 47 6 62 59 54 55 39 71 33 19 13 26 35 43 65 28 44 16 46 50 38 12 21 70 17 37 42 14 32 11 25 24 3 40 31 4 5 29 58 22 8 48 27 45 67 68 60 1 69 15 76 78 72 30 74 80 75 77 73
50 28 22 71 16 33 31 24 10 47 39 41 56 64 72 5 35 63 2 58 13 23 7 74 18 37 52 54 25 21 14 12 11 6 4 34 48 51 42 62 43 19 65 44 8 9 59 45 26 36 49 46 32 38 57 70 29 3 67 27 15 61 30 17 55 69 53 1 73 78 40 77 79 60 20 76 66 80 75 68
69 55 2 46 29 54 63 66 9 7 64 60 39 26 21 24 41 25 73 57 31 45 59 22 37 40 49 18 61 32 44 15 8 13 68 6 38 27 28 3 30 36 16 4 12 47 19 35 20 43 42 14 5 62 33 52 34 51 53 23 48 65 56 77 11 17 50 58 67 70 76 10 72 1 75 71 78 79 80 74
0
0
