6
13 21 6 14 10 3 8 7 12 20 4 5 17 19 15 9 2 1 11 18 16
2 8 21 18 20 16 10 6 7 14 13 3 12 15 5 1 19 9 4 17 11
11 15 13 2 18 10 4 16 21 7 14 6 9 20 3 5 1 8 19 12 17
16 17 18 10 6 11 2 8 4 12 5 9 14 21 20 19 7 3 1 13 15
20 16 9 7 12 14 13 17 18 10 1 4 11 3 21 2 15 6 5 19 8
12 14 20 5 2 17 19 11 10 1 8 16 7 18 6 3 4 21 9 15 13
2
80 78 76 74 72 70 68 66 64 62 23 60 58 56 54 52 50 48 46 43 42 40 38 36 34 32 33 29 27 25 22 21 2 17 15 13 11 9 8 4 44 1 79 77 73 71 69 67 19 65 63 61 59 57 55 53 51 49 47 45 75 41 39 37 7 35 31 30 28 26 24 20 18 16 14 12 10 6 3 5
79 77 75 73 71 69 67 65 63 61 19 59 57 55 53 51 49 47 45 44 41 39 37 35 33 31 30 28 26 24 7 20 18 16 14 12 10 32 6 5 3 80 78 76 74 72 70 68 23 66 64 62 60 58 56 54 52 50 48 46 42 40 38 2 36 34 43 29 27 25 22 21 17 15 13 11 9 8 4 1
6
16 3 12 8 1 14 15 2 7 9 4 10 5 6 13 11
14 5 7 16 4 3 12 15 9 1 8 2 10 11 6 13
6 11 2 9 8 4 7 10 15 16 3 5 13 12 1 14
1 12 5 3 13 2 11 4 8 15 7 16 6 10 14 9
12 15 14 6 5 13 9 7 10 3 2 1 16 4 11 8
10 13 6 7 14 8 4 9 11 2 15 12 1 5 3 16
1
57 64 68 5 54 20 67 59 40 58 38 43 56 49 66 41 62 63 65 6 48 36 44 42 52 25 61 60 19 28 46 12 18 53 13 47 45 55 27 35 17 10 16 32 4 14 2 24 11 22 34 7 23 9 33 15 3 37 30 1 8 26 21 51 50 29 39 31
10
30 2 76 14 80 35 78 67 7 74 40 18 79 54 22 36 58 25 12 21 39 56 59 23 3 16 75 8 72 70 71 26 49 1 61 77 47 41 46 55 34 65 60 28 48 52 19 63 11 15 38 69 9 64 27 50 6 57 17 53 32 31 66 4 37 51 33 10 68 5 45 62 13 29 73 42 43 44 20 24
1 55 66 54 76 52 42 73 31 80 18 74 65 79 62 57 78 9 36 6 2 11 33 17 64 25 22 40 4 71 75 68 28 26 5 8 19 60 50 7 3 12 69 37 35 34 48 23 16 63 13 30 49 59 44 14 39 15 70 41 61 56 45 20 32 58 77 43 67 38 51 72 46 21 53 27 24 47 10 29
14 10 54 59 37 27 44 34 46 45 29 43 18 15 17 55 22 58 68 63 31 79 35 74 42 56 28 80 49 3 78 6 12 50 30 47 67 61 8 53 32 1 71 51 36 5 40 9 77 62 65 73 76 69 26 21 48 64 24 23 25 4 20 72 13 7 75 33 66 16 52 41 70 38 60 11 19 2 39 57
10 51 57 2 56 23 33 37 12 55 42 46 40 21 41 65 11 39 61 27 76 63 16 79 25 73 44 58 59 80 49 22 64 54 71 3 18 43 70 60 74 75 72 52 7 36 29 45 35 32 62 77 28 1 78 26 34 31 68 8 38 9 53 50 6 24 19 13 4 20 66 14 30 69 48 5 17 15 47 67
17 64 24 40 4 1 45 36 43 62 70 20 52 18 76 14 16 69 46 9 5 13 61 67 22 27 34 51 65 79 35 15 25 37 54 71 80 50 39 42 28 59 55 78 56 19 3 72 74 11 33 41 63 29 60 44 57 21 2 26 48 10 32 12 8 31 47 30 23 73 38 6 75 58 49 68 77 66 7 53
65 31 42 8 67 24 2 20 25 14 5 12 35 56 11 49 76 38 50 66 43 73 13 44 62 47 63 55 10 29 59 16 21 79 75 22 78 30 80 51 46 40 58 71 6 17 39 61 64 70 3 32 54 18 74 33 15 72 53 77 28 23 9 48 41 19 60 7 1 34 69 36 4 26 57 45 37 27 68 52
6 33 48 4 54 67 31 60 34 57 7 52 23 49 2 72 44 18 40 42 24 14 68 50 10 43 73 53 5 39 58 11 27 65 56 76 55 36 17 21 25 28 16 80 13 64 22 15 47 45 78 79 30 71 63 3 32 26 59 69 8 35 75 9 74 12 29 46 19 1 70 66 41 20 38 51 62 37 61 77
29 26 15 65 75 43 30 72 71 24 73 2 63 10 28 20 66 45 38 61 69 52 31 37 59 74 7 44 17 18 42 33 14 12 57 58 54 49 11 62 27 67 19 23 46 80 1 56 3 48 64 25 40 35 77 76 51 6 36 16 60 68 50 34 55 8 78 32 13 79 53 21 5 22 41 47 70 9 4 39
13 46 41 71 79 12 4 10 67 60 52 30 53 1 57 43 34 55 37 11 42 28 17 36 47 63 54 77 24 45 2 73 66 70 49 32 35 59 68 64 58 21 27 40 61 7 78 14 15 31 29 20 62 33 38 25 56 76 22 3 44 65 6 69 72 39 23 80 75 50 8 51 9 16 74 48 18 26 5 19
75 24 20 23 27 73 47 58 40 69 50 5 33 13 45 9 59 48 32 67 53 26 51 43 57 21 37 6 3 12 68 62 22 25 66 65 71 52 31 17 54 39 44 7 49 10 8 46 4 55 2 74 14 56 36 38 60 79 30 18 29 77 41 61 34 15 11 72 63 28 42 1 78 35 19 64 80 76 70 16
10
18 13 7 17 8 16 1 15 6 2 10 11 9 12 3 5 14 4
13 18 14 6 17 11 12 8 5 4 2 15 10 16 7 3 9 1
16 11 18 4 14 17 5 3 7 13 1 10 2 15 12 9 8 6
14 16 4 18 13 15 17 6 3 8 9 2 7 1 10 12 5 11
5 1 16 7 18 8 14 17 4 6 3 9 11 2 15 10 13 12
10 2 3 9 12 18 15 4 14 17 5 8 1 11 16 13 6 7
4 14 13 16 9 2 11 18 8 3 15 5 12 10 6 1 7 17
11 9 1 12 4 7 10 14 18 5 8 17 3 13 2 6 16 15
12 17 15 14 2 1 6 13 10 9 4 3 8 7 5 18 11 16
9 8 10 5 7 13 16 2 11 14 12 6 4 3 1 17 15 18
17
56 68 67 62 65 60 57 55 54 52 51 44 66 48 64 59 43 58 50 63 61 40 53 41 49 46 45 42 38 35 39 32 27 33 23 37 34 21 47 36 15 19 30 29 14 31 25 28 26 24 17 8 7 13 22 6 11 20 5 1 9 18 16 3 4 12 10 2
54 62 68 67 59 52 60 56 55 57 41 51 61 40 65 64 48 49 58 66 63 43 45 44 50 53 46 32 34 31 42 39 19 35 27 38 37 7 30 47 21 23 36 26 11 33 20 29 28 8 24 17 15 14 25 3 13 22 1 5 4 12 18 6 9 16 2 10
33 43 62 68 36 67 52 54 56 48 55 41 39 57 59 65 60 64 49 61 66 37 63 35 47 45 42 46 15 44 53 23 13 51 32 40 21 38 50 58 3 14 28 17 27 22 16 30 24 29 1 5 6 4 31 34 9 18 26 8 19 25 2 7 11 10 20 12
44 57 34 48 50 68 67 20 35 62 56 55 46 60 26 47 38 65 64 19 42 52 66 54 59 63 61 53 6 51 27 45 9 25 13 15 40 37 58 29 43 32 49 5 23 41 10 17 30 28 36 1 3 39 16 7 4 31 8 24 11 22 33 21 14 2 12 18
25 38 7 37 29 62 68 12 22 67 54 56 27 15 8 28 57 59 65 11 23 60 61 55 64 66 63 13 48 16 46 53 42 44 45 52 3 40 17 50 6 4 58 47 32 51 35 49 1 30 5 36 43 9 41 21 39 2 24 26 14 31 10 34 19 33 18 20
16 15 43 38 17 48 62 33 25 68 35 54 13 67 36 29 52 47 59 39 27 21 42 56 65 61 66 63 60 55 45 14 53 41 11 7 6 3 64 49 57 9 24 58 4 18 51 8 5 1 50 26 34 46 12 40 19 10 30 28 32 2 44 37 23 20 31 22
22 37 57 52 28 3 6 44 41 60 2 10 23 68 50 49 67 1 5 46 45 62 4 51 58 9 53 66 7 56 63 61 11 55 19 34 38 15 65 64 40 27 59 8 13 54 12 26 29 17 30 24 21 32 20 48 14 25 47 36 42 16 31 43 39 18 35 33
41 52 38 57 49 43 3 25 44 6 33 2 45 62 29 50 68 36 1 27 46 67 39 10 5 4 9 61 21 54 66 63 14 56 53 60 7 34 59 65 37 11 64 24 19 55 18 58 8 26 28 47 48 23 51 15 42 12 17 30 13 20 22 40 32 35 16 31
31 40 52 3 30 57 43 41 2 7 44 33 32 6 49 1 62 50 36 45 4 68 46 12 8 39 11 9 67 10 61 66 63 54 14 21 60 48 5 59 34 53 65 64 42 56 55 24 58 47 26 28 37 19 18 38 23 51 29 17 27 35 20 15 13 22 25 16
2 3 6 21 1 15 48 10 18 37 16 35 4 34 5 24 7 17 47 9 14 57 13 22 28 42 23 19 68 20 11 46 66 12 63 67 52 62 26 8 60 45 50 65 61 44 56 64 49 59 58 30 40 53 55 43 32 41 36 29 39 54 51 38 27 31 33 25
18 21 40 43 24 34 15 31 33 3 20 16 14 37 30 36 6 26 17 32 39 48 19 2 1 13 4 23 62 22 9 42 61 10 66 68 67 57 28 5 7 63 47 59 46 35 54 65 64 50 8 29 38 11 56 60 27 55 58 49 53 44 12 52 45 25 51 41
35 48 15 6 47 7 40 16 10 21 12 31 42 52 17 5 34 8 30 13 9 3 11 18 24 32 14 45 43 41 19 4 39 20 46 57 68 67 49 26 38 66 1 36 63 2 33 50 65 64 29 58 60 27 44 37 53 56 28 59 23 55 25 62 61 51 22 54
10 6 37 60 5 21 38 22 51 34 18 25 9 43 28 58 40 24 29 23 53 7 14 20 26 27 19 39 52 33 32 11 45 31 4 3 15 68 36 30 67 13 8 49 66 12 41 1 17 65 64 59 62 63 2 57 61 16 50 47 46 56 55 48 42 54 44 35
12 7 21 40 8 6 37 18 31 38 10 22 11 3 24 30 15 5 28 14 32 34 9 25 29 23 27 4 57 2 13 19 46 16 42 48 43 52 1 17 68 39 26 50 45 20 44 47 36 49 65 64 67 66 35 62 63 33 59 58 61 41 56 60 53 55 54 51
51 60 48 34 58 37 7 35 20 15 22 12 53 21 47 26 3 28 8 42 19 38 23 16 17 11 13 14 40 18 4 27 32 2 39 43 62 6 24 1 52 61 29 30 9 25 31 36 59 5 49 65 68 45 33 67 66 54 64 50 63 10 41 57 46 56 55 44
20 34 60 15 26 38 21 51 16 40 25 18 19 7 58 17 37 29 24 53 13 6 27 31 30 14 32 11 3 12 23 9 4 22 61 62 57 43 8 28 48 46 5 1 39 10 2 59 50 36 47 49 52 42 54 68 45 44 65 64 66 33 35 67 63 41 56 55
55 67 3 7 64 40 34 2 12 43 31 20 63 38 1 8 21 30 26 4 11 15 32 33 36 19 39 27 37 25 14 13 23 18 9 6 48 60 29 24 62 42 17 28 53 16 22 5 47 58 59 50 57 61 10 52 46 35 49 65 45 51 54 68 66 44 41 56
1
5 1 4 3 2
2
50 69 76 78 52 71 20 36 60 7 3 38 66 54 77 39 80 43 72 57 75 49 70 42 35 63 53 29 33 23 10 59 41 79 67 18 34 14 40 65 58 13 48 30 22 74 28 11 61 17 46 51 6 27 25 4 45 5 2 55 68 37 73 32 21 56 24 8 31 64 15 1 16 62 26 19 12 44 47 9
2 3 7 60 40 11 15 58 34 73 36 32 54 64 68 35 62 78 33 55 74 14 30 26 47 77 45 6 4 13 9 44 49 67 51 57 43 41 52 48 19 23 65 42 66 28 75 71 27 50 31 79 80 61 18 72 5 53 17 25 46 21 38 76 37 39 12 24 63 22 20 59 70 29 16 69 8 1 56 10
16
19 18 17 15 16 13 14 10 12 11 2 9 4 5 7 1 8 3 6
17 19 18 13 15 16 12 14 11 9 7 4 2 10 8 5 6 1 3
13 17 12 19 18 2 1 4 16 14 5 15 11 9 10 8 3 6 7
16 15 11 17 19 18 2 8 14 5 12 10 13 3 9 6 4 7 1
9 2 7 18 17 19 11 13 3 15 16 1 14 4 6 10 12 5 8
11 13 15 2 6 17 19 18 7 1 9 16 10 12 14 3 5 8 4
5 10 13 3 14 7 6 1 19 18 17 8 16 15 4 9 11 12 2
6 12 3 10 13 14 4 11 18 19 15 17 8 16 2 7 1 9 5
3 11 14 12 7 4 17 6 13 16 19 18 5 8 1 15 2 10 9
2 1 4 8 5 3 7 12 17 6 18 11 19 14 15 13 9 16 10
8 5 1 11 2 15 16 3 10 7 6 12 9 19 18 14 17 4 13
10 6 16 1 8 9 5 2 4 13 3 7 17 18 19 11 15 14 12
12 4 9 16 10 5 3 15 8 17 1 2 6 7 13 19 18 11 14
14 8 10 4 9 6 13 7 5 2 11 3 12 1 16 18 19 15 17
18 9 2 14 12 1 10 17 6 8 4 5 7 11 3 16 13 19 15
7 3 8 6 11 10 15 9 2 12 13 14 1 17 5 4 16 18 19
18
79 80 78 67 76 64 77 75 70 74 73 72 63 53 68 66 52 60 59 58 51 57 45 6 71 69 61 50 31 48 62 44 65 47 37 42 38 30 22 56 49 43 34 40 26 55 10 54 35 39 21 28 46 23 27 32 19 15 14 5 33 12 41 7 1 29 11 17 36 18 24 8 16 13 4 3 20 25 2 9
73 70 79 63 74 67 80 76 77 75 78 52 64 72 58 68 48 51 60 66 59 56 40 49 65 71 69 53 57 50 54 38 62 44 46 21 47 5 30 6 11 45 61 43 35 27 8 37 26 23 42 39 41 28 55 34 12 22 19 15 10 14 24 2 31 3 29 9 33 25 32 13 1 20 7 18 36 16 4 17
48 6 73 43 61 63 70 74 80 76 79 78 67 44 77 58 50 64 51 57 45 66 59 55 75 37 62 72 68 53 69 52 71 30 24 47 22 9 38 29 27 60 46 28 56 11 65 34 49 14 17 40 54 19 25 8 39 42 23 21 36 4 10 12 35 26 16 5 20 3 41 33 18 32 2 1 13 31 7 15
53 66 47 59 69 23 68 71 27 36 50 79 45 78 80 77 73 67 64 70 63 25 60 18 76 75 74 38 26 72 34 48 54 52 61 9 15 42 5 57 58 39 62 51 55 1 24 65 16 7 30 14 37 40 56 33 28 44 43 17 20 2 8 4 49 11 3 22 46 31 13 41 35 10 19 6 32 29 12 21
50 11 30 39 41 12 66 61 68 71 72 73 28 79 70 80 78 63 67 77 64 49 14 3 74 76 75 48 56 15 46 5 10 21 34 53 52 38 9 31 29 59 69 60 57 58 62 24 1 45 22 51 65 2 26 54 40 17 4 47 32 7 13 43 25 6 55 42 37 35 8 20 27 36 23 16 33 18 19 44
72 3 17 14 13 43 11 62 57 65 38 22 39 73 27 70 79 45 63 80 67 77 64 58 34 74 76 78 18 47 75 53 41 48 69 15 44 21 42 35 68 51 24 19 25 56 71 36 31 60 9 23 20 4 29 10 7 5 2 30 37 40 54 28 66 16 26 50 8 6 61 32 49 33 12 55 46 1 59 52
47 68 72 28 71 59 49 69 35 32 52 53 51 38 6 57 30 4 7 27 60 80 67 77 10 54 36 79 70 78 76 73 75 5 8 17 48 15 50 3 56 64 13 63 58 31 74 41 29 12 44 2 61 45 66 62 14 9 40 42 65 23 20 19 16 55 18 21 34 1 33 24 25 46 39 26 37 11 43 22
17 1 42 51 8 39 6 41 66 54 21 9 59 52 49 31 72 43 4 56 7 70 63 80 20 13 71 73 77 79 74 78 76 50 75 48 53 47 15 25 3 67 65 64 68 57 33 62 11 28 5 60 36 12 18 46 2 38 45 22 69 19 61 14 27 58 35 44 32 16 10 34 55 37 40 29 24 26 23 30
52 49 53 40 32 51 16 65 1 61 9 42 2 50 35 29 22 59 43 26 19 58 7 27 36 62 46 47 80 73 8 79 74 72 76 78 21 44 17 66 77 63 75 67 18 68 20 33 70 64 15 12 13 60 3 69 4 48 28 38 71 45 34 23 55 25 6 30 10 56 37 54 31 24 14 11 41 57 39 5
42 57 5 45 10 7 3 20 11 33 53 50 40 17 66 27 47 23 2 1 39 68 4 70 69 34 8 30 58 38 36 15 61 79 71 72 78 22 44 80 55 19 76 59 16 29 75 13 77 67 73 64 24 63 6 65 51 21 12 9 62 43 32 60 18 31 25 52 74 49 46 37 26 41 28 56 54 35 14 48
15 56 48 4 33 45 58 10 6 8 47 30 7 22 26 11 21 12 23 16 2 31 19 66 41 61 34 52 27 9 20 17 36 73 65 79 5 78 53 70 80 40 32 14 3 35 76 75 68 59 50 67 71 64 1 37 60 72 51 44 24 28 62 39 77 18 49 38 13 57 54 46 29 74 43 25 69 55 63 42
5 55 50 19 62 14 56 33 18 13 15 21 23 9 11 6 42 39 12 31 4 35 43 26 8 10 24 44 29 17 37 22 32 78 74 73 79 48 72 16 1 28 20 2 80 25 41 76 3 63 52 7 75 67 57 61 64 30 60 53 46 51 69 59 68 77 27 47 54 70 71 36 58 34 45 49 65 66 40 38
21 25 38 23 20 28 1 8 58 62 17 5 19 30 18 35 9 7 14 6 12 29 39 11 61 36 10 22 66 44 33 47 37 15 32 50 42 79 78 26 16 2 41 4 31 3 13 74 80 43 48 45 76 59 68 75 67 52 64 72 54 63 46 40 57 49 77 73 24 55 65 71 56 69 51 70 34 27 60 53
9 58 52 7 46 60 25 24 3 41 5 44 43 21 1 18 15 2 19 11 23 55 12 56 37 8 20 17 35 42 13 50 34 22 36 30 73 72 79 68 6 4 33 39 49 16 54 32 27 40 38 63 10 14 80 76 45 53 67 78 74 64 65 51 26 57 31 48 75 29 69 62 77 61 59 66 71 70 28 47
44 16 9 60 24 40 55 13 56 69 42 17 12 47 57 26 5 14 45 25 28 3 2 1 46 41 54 15 49 22 10 72 8 53 33 38 30 52 21 18 66 23 36 7 29 6 34 20 58 4 79 19 32 43 31 74 59 73 39 48 76 67 37 64 11 35 80 78 71 77 75 65 70 62 63 27 61 68 51 50
22 31 21 2 54 19 35 32 16 46 48 38 4 15 3 1 44 28 40 18 14 6 23 25 33 20 13 42 55 30 41 9 69 17 10 5 50 73 47 27 26 7 8 12 66 49 37 71 57 51 78 43 62 39 11 24 63 79 59 52 34 60 36 67 29 70 56 53 61 58 74 76 80 65 64 68 75 77 45 72
38 77 22 12 75 4 57 46 55 24 30 15 60 48 16 3 17 19 28 68 40 11 51 29 54 65 37 5 6 21 32 42 33 9 41 44 72 53 52 49 31 14 10 23 1 18 36 61 25 2 47 59 8 7 35 20 43 50 63 73 13 39 71 45 56 27 70 79 62 26 34 69 66 76 67 80 74 58 64 78
78 35 15 64 65 2 26 54 29 10 44 48 14 5 25 16 38 40 39 3 43 18 28 31 62 24 41 21 11 52 71 30 46 42 20 22 9 17 73 1 57 12 37 45 6 66 32 8 55 19 53 4 34 51 49 13 23 47 7 50 61 59 33 63 70 56 58 72 69 27 36 74 68 75 60 77 76 80 67 79
1
9 1 12 10 6 7 3 13 8 2 5 4 11
3
10 7 3 2 8 9 5 1 6 4
2 10 7 5 4 8 3 9 1 6
9 8 4 10 2 6 1 5 7 3
10
47 18 37 68 78 56 19 50 35 15 4 29 8 66 26 80 54 45 79 65 6 40 33 12 77 27 59 70 10 21 52 25 7 16 71 61 9 43 2 39 49 76 74 64 20 72 44 69 38 22 58 57 73 30 75 42 5 1 34 48 46 11 31 3 60 62 17 13 23 63 53 67 36 55 24 14 32 41 28 51
69 76 74 65 68 71 15 29 6 73 1 67 78 56 36 33 31 62 57 12 80 75 42 19 39 23 40 8 34 10 37 18 55 64 77 79 16 21 70 7 72 35 41 4 54 52 20 22 28 38 46 63 32 13 30 49 25 3 60 45 51 9 59 24 48 66 44 61 27 26 50 53 11 14 17 5 43 58 47 2
61 51 55 32 22 67 47 36 9 27 74 38 14 62 72 71 19 26 25 2 75 79 77 69 35 37 80 78 44 15 42 5 52 13 7 73 59 53 68 24 39 50 58 45 1 56 16 65 40 31 20 54 10 34 3 29 64 30 18 70 57 66 76 23 41 46 8 49 17 21 28 12 4 11 48 63 33 43 6 60
2 9 50 51 48 6 33 12 1 64 63 17 43 8 19 67 73 36 49 68 69 14 26 42 15 62 55 52 80 13 61 21 30 18 11 40 79 56 78 10 7 24 27 20 4 23 53 29 32 39 71 44 54 31 74 38 72 22 5 25 77 59 34 60 70 3 76 75 16 45 58 28 57 37 66 65 46 35 41 47
5 39 67 73 1 45 44 53 63 56 31 3 50 23 65 17 51 19 41 40 10 4 75 14 33 32 68 69 62 48 2 9 15 74 46 25 6 79 80 29 26 55 21 37 30 61 58 72 42 54 27 78 71 20 22 47 24 76 66 16 7 35 18 36 64 59 12 77 70 57 38 60 49 52 11 13 28 34 43 8
53 27 60 5 63 17 52 78 29 3 76 13 42 47 57 35 14 38 6 20 44 61 67 49 75 33 51 19 71 62 64 66 68 65 1 12 2 11 24 22 9 23 10 79 55 36 28 21 73 80 40 4 18 39 37 56 74 7 8 30 25 70 41 32 46 26 43 15 59 77 31 45 50 69 58 72 54 16 48 34
71 36 72 43 57 69 28 74 77 55 37 51 60 17 33 49 24 56 78 63 19 65 12 38 11 75 67 68 47 76 29 41 18 21 50 31 46 45 16 5 3 14 35 26 2 8 66 4 53 23 6 73 44 10 13 80 42 54 40 32 34 25 20 52 39 48 59 27 15 30 79 61 58 22 9 64 70 1 62 7
58 37 38 60 5 35 48 14 11 10 53 22 65 43 31 70 55 59 64 50 17 23 56 63 62 67 32 54 49 26 36 30 57 41 21 77 75 25 40 8 29 39 12 27 24 51 71 73 6 2 74 61 19 16 9 79 4 72 52 15 47 33 1 18 7 80 78 46 3 20 69 44 13 42 34 76 66 45 68 28
43 11 13 30 7 61 75 51 74 72 22 52 79 32 38 14 9 17 58 36 27 60 16 6 66 12 33 76 70 67 63 19 37 71 5 56 21 62 47 59 4 29 49 39 57 69 8 53 65 68 48 41 2 55 35 23 20 34 50 1 3 10 73 31 24 18 25 64 44 28 80 78 26 54 15 45 40 77 46 42
42 63 77 24 31 65 32 56 26 34 2 68 1 22 55 3 47 53 28 5 36 38 58 43 69 14 8 17 51 49 67 46 9 60 64 70 12 75 61 18 52 13 72 35 66 33 15 37 57 44 45 50 78 48 10 19 73 62 54 71 16 7 74 76 20 39 40 6 30 25 27 29 21 80 41 11 79 4 59 23
16
18 17 16 15 14 12 13 10 8 9 11 6 7 2 5 4 1 3
16 18 17 12 15 14 8 9 13 10 6 11 4 7 2 3 5 1
7 16 18 17 9 2 14 15 3 12 10 13 8 11 6 1 4 5
14 5 10 18 17 16 4 7 15 13 9 8 11 3 1 12 6 2
8 4 11 16 18 17 15 12 2 1 3 10 13 14 9 5 7 6
5 11 6 13 16 18 17 2 1 15 8 12 10 4 7 14 3 9
1 6 5 11 10 9 18 17 16 8 14 2 12 13 3 7 15 4
3 8 14 1 5 4 2 18 17 11 16 15 9 6 10 13 12 7
9 2 7 4 12 3 16 11 18 17 1 14 5 15 8 6 10 13
2 3 1 6 4 7 12 5 11 18 17 16 14 9 13 10 8 15
12 1 2 9 8 6 5 3 10 7 18 17 15 16 4 11 13 14
10 7 15 5 6 1 3 4 14 2 13 18 17 12 16 8 9 11
13 10 3 14 7 5 11 1 6 4 12 9 18 8 15 17 2 16
15 13 8 3 11 10 1 6 7 16 5 4 2 18 14 9 17 12
11 15 9 8 1 13 10 16 4 3 2 7 6 5 12 18 14 17
17 14 12 7 13 15 6 8 9 5 4 1 3 10 11 2 16 18
8
15 17 13 16 14 7 1 3 8 5 6 9 4 11 10 12 2
13 6 12 8 16 17 11 10 3 15 14 5 2 1 4 9 7
11 15 4 13 1 9 17 16 7 10 5 12 3 6 14 2 8
2 13 15 7 11 16 9 17 5 1 3 6 10 8 12 4 14
3 1 14 6 2 8 16 7 17 12 9 4 5 15 11 10 13
14 3 5 1 8 6 13 11 9 17 12 10 16 2 15 7 4
10 14 3 12 15 4 8 5 11 2 1 7 6 9 17 13 16
16 12 1 4 13 15 7 14 6 3 10 8 9 5 2 11 17
0
7
78 80 25 53 42 79 26 44 11 47 24 7 49 45 12 48 9 46 77 76 30 66 37 18 41 40 17 8 28 27 67 73 70 2 52 75 23 29 50 38 20 65 34 19 3 59 63 5 21 72 13 54 14 61 15 35 39 33 22 68 31 64 16 43 55 71 51 60 4 32 58 1 10 57 74 6 36 69 56 62
76 62 70 78 19 80 79 67 7 46 66 22 2 74 41 6 31 1 42 63 25 68 40 24 72 60 18 4 30 47 34 13 11 49 12 27 48 21 73 53 69 59 44 38 14 65 64 37 77 16 52 20 28 5 75 26 9 58 3 10 15 43 50 61 33 29 57 55 23 39 32 8 36 51 17 71 56 35 45 54
22 63 4 56 62 74 71 80 36 58 78 79 47 52 73 45 59 24 46 32 34 70 50 37 42 41 40 26 68 19 6 72 23 25 53 51 30 44 1 16 66 10 2 60 29 17 21 39 48 64 65 5 67 20 28 54 75 76 12 11 49 18 13 35 3 8 7 38 31 27 15 14 33 9 69 61 55 57 77 43
72 57 61 21 43 17 64 16 45 77 48 35 55 80 22 79 74 73 60 18 50 6 66 71 24 63 12 28 47 41 49 44 59 38 62 52 27 25 4 46 68 34 58 36 19 20 37 10 53 7 11 67 2 78 14 15 56 32 13 30 26 51 8 1 40 31 39 3 33 75 23 65 29 70 42 69 5 54 76 9
13 75 66 68 48 12 56 69 74 76 19 39 70 1 36 42 25 6 78 79 40 53 38 2 7 80 61 71 46 11 63 18 41 77 10 57 26 22 72 50 21 24 17 47 32 60 55 59 58 73 51 37 4 62 52 30 28 29 54 27 43 33 45 23 15 67 64 44 9 16 31 3 49 34 14 35 20 8 5 65
79 17 69 4 10 62 68 48 75 3 27 64 71 73 77 2 42 52 54 45 35 67 56 19 78 72 23 51 18 59 66 32 22 53 11 9 70 7 8 12 26 38 61 63 49 80 30 47 24 46 36 13 65 25 21 20 41 14 6 34 76 60 74 16 44 57 1 50 55 5 29 28 39 31 40 37 43 58 15 33
77 65 64 71 39 46 7 58 69 41 36 34 21 40 51 68 55 11 63 56 79 47 30 52 19 59 62 1 74 42 12 33 43 66 14 32 76 31 61 22 45 50 4 17 16 49 54 80 60 53 57 2 24 48 18 5 70 3 67 13 78 38 25 15 28 72 23 10 29 44 37 35 9 75 73 27 26 6 8 20
7
10 9 1 3 8 5 7 4 6 2
8 10 9 4 5 1 3 7 2 6
6 4 10 5 9 7 2 8 1 3
1 5 6 10 4 3 9 2 8 7
2 1 4 6 10 9 8 3 7 5
7 3 5 2 1 10 4 6 9 8
9 8 3 7 6 2 5 10 4 1
13
69 77 75 71 72 76 74 70 68 73 57 64 67 47 65 63 40 61 49 66 56 59 62 53 54 48 44 52 37 46 28 39 58 38 45 51 60 3 36 35 11 41 33 30 2 42 55 43 27 50 18 32 26 29 16 19 21 34 22 15 17 6 9 31 4 23 14 8 13 12 20 25 10 5 7 24 1
66 70 68 77 75 64 76 71 72 56 21 74 69 57 73 59 35 63 61 67 65 54 9 29 58 53 48 11 31 47 25 28 23 19 49 38 50 39 40 36 62 37 18 33 41 3 60 2 44 55 30 52 45 43 46 10 42 8 20 5 51 22 7 27 15 26 12 34 14 1 6 16 17 4 24 32 13
55 39 30 70 68 59 64 77 75 41 71 76 66 28 56 74 72 51 19 69 73 61 67 65 63 37 2 60 48 3 47 57 26 45 58 54 8 46 35 33 32 53 36 40 44 15 34 22 20 62 13 7 49 27 5 23 16 52 43 42 10 31 50 6 25 17 1 24 18 14 29 4 38 21 11 9 12
24 57 36 21 12 63 58 16 33 53 77 61 52 71 29 76 75 26 64 60 27 74 69 73 49 65 56 67 22 70 15 46 38 17 54 23 66 25 72 68 8 44 40 14 31 4 50 6 41 7 35 55 59 48 39 51 47 62 2 3 45 43 11 20 42 10 30 9 1 13 37 5 19 28 32 34 18
60 46 14 57 1 61 63 21 13 44 5 38 55 77 53 64 68 76 26 7 29 49 66 20 74 73 65 69 43 71 42 15 54 59 17 10 67 70 75 72 9 22 30 36 56 39 24 41 37 52 40 50 23 6 28 45 4 32 48 47 58 27 62 2 16 19 33 11 12 18 31 3 51 25 34 8 35
9 5 13 46 33 10 61 47 18 20 4 59 24 16 44 38 36 74 76 55 48 51 34 6 64 27 73 66 65 77 71 21 17 63 19 26 69 28 68 75 67 29 72 1 37 70 62 56 53 60 12 11 58 31 57 54 25 50 41 39 49 2 32 43 3 45 40 52 35 30 22 42 23 15 8 7 14
52 4 1 5 13 54 59 57 14 6 70 49 60 15 20 45 18 64 74 9 53 76 32 56 38 22 27 8 73 16 77 71 61 23 10 19 11 47 12 30 69 65 75 68 48 28 67 37 43 66 72 24 17 41 42 63 39 7 31 25 26 29 34 44 21 51 36 50 33 35 2 46 58 3 62 55 40
62 15 12 39 40 17 54 25 1 22 16 10 8 5 41 51 13 59 45 24 31 64 50 27 76 20 29 34 53 21 57 77 74 26 61 58 7 71 14 18 66 73 35 75 65 46 69 44 6 67 33 60 19 2 4 38 3 55 37 28 23 48 52 56 47 63 72 32 68 36 43 70 49 42 9 11 30
11 42 33 4 36 58 45 3 30 43 28 17 9 70 6 10 12 23 38 62 2 26 24 37 59 56 22 32 27 15 16 25 76 51 64 61 34 77 1 14 50 31 13 18 73 5 8 20 65 69 75 67 74 44 71 49 46 66 29 21 19 53 55 48 57 54 35 7 72 40 41 47 63 39 60 52 68
32 47 18 42 30 19 51 46 35 48 3 63 50 4 43 49 1 38 10 11 44 58 7 2 23 6 53 9 56 57 70 5 64 61 76 45 55 21 13 12 24 20 14 72 29 25 66 31 73 34 68 69 54 22 77 17 15 67 65 71 74 37 8 41 28 59 75 60 40 33 27 39 26 16 52 62 36
50 3 40 47 14 51 17 39 36 2 25 19 32 21 48 23 30 58 54 52 41 63 55 31 45 29 20 7 44 5 46 42 59 49 38 76 24 16 18 13 34 43 12 35 27 57 9 53 22 8 1 62 10 37 15 26 28 11 6 4 64 73 67 65 77 74 68 69 75 72 56 71 61 70 66 60 33
67 28 35 3 18 74 49 4 40 37 47 58 34 42 2 61 14 54 51 50 6 19 11 48 26 43 41 55 29 39 21 70 63 10 23 17 52 15 33 1 60 56 68 12 22 16 7 27 31 32 36 8 76 53 25 59 57 9 44 46 38 20 24 73 5 64 13 62 30 75 65 77 45 71 69 66 72
34 71 72 28 35 23 19 42 12 65 15 54 62 39 37 26 33 10 63 8 43 17 52 22 51 41 31 50 2 25 3 47 45 58 59 49 32 4 30 40 7 48 1 13 6 21 11 29 56 9 14 66 38 20 70 64 5 24 27 16 61 44 60 53 46 76 18 55 36 68 73 57 74 77 67 69 75
20
80 79 1 68 74 55 77 78 70 62 69 63 73 72 75 10 76 23 5 16 51 71 19 24 11 13 36 27 3 32 31 20 21 49 57 39 30 2 43 8 14 28 7 50 45 22 9 53 12 54 35 64 37 26 52 42 61 40 33 4 46 15 65 58 60 56 44 17 18 29 6 38 25 67 48 34 59 47 41 66
69 71 80 72 65 48 5 1 79 77 78 74 76 75 68 52 64 62 12 25 45 34 73 70 27 39 2 10 20 41 23 9 19 13 50 16 21 38 36 28 4 59 15 8 54 3 11 43 7 31 24 18 22 40 55 29 26 6 63 30 56 51 67 37 33 32 61 35 17 49 42 46 58 60 44 47 66 14 53 57
71 67 79 9 5 62 80 11 26 73 65 78 66 15 76 1 77 74 36 69 17 72 75 32 25 47 24 6 40 42 16 10 14 12 13 70 64 18 45 27 3 8 33 38 22 2 49 7 58 55 28 50 46 29 21 52 54 20 37 68 59 41 53 34 30 63 56 60 23 51 57 35 43 4 39 44 48 19 61 31
74 61 67 78 1 60 68 72 42 80 77 75 79 73 30 16 5 71 51 44 43 29 12 25 64 69 76 14 10 62 49 11 59 9 27 32 50 52 48 70 18 7 39 2 53 45 38 24 55 58 31 57 66 22 56 13 65 8 26 21 19 40 46 6 41 35 63 36 4 15 20 17 23 37 28 54 34 33 47 3
15 63 56 67 60 78 71 48 72 79 80 1 74 36 59 30 26 75 70 76 77 65 17 68 51 44 13 73 11 19 28 21 10 23 34 8 42 49 32 39 50 14 20 4 3 38 27 25 5 45 22 31 18 58 7 12 16 35 46 2 54 33 9 43 6 24 64 52 66 40 61 29 47 53 37 57 41 69 62 55
57 77 72 76 10 41 6 60 74 67 38 12 64 80 79 11 2 26 73 49 62 36 78 59 75 30 5 42 47 34 22 45 48 56 21 24 16 46 14 9 17 40 25 15 32 1 51 29 53 3 13 54 39 50 27 18 37 52 66 7 20 58 28 44 8 68 69 70 65 61 23 63 4 35 33 31 71 43 55 19
58 70 69 34 76 67 61 68 54 9 51 66 77 79 55 38 22 80 33 11 64 16 25 72 5 78 4 12 24 27 75 73 42 36 48 49 60 21 41 19 37 10 3 53 2 6 30 18 52 47 7 20 8 13 14 31 46 39 71 26 1 35 57 40 50 28 74 15 63 45 32 43 29 23 17 62 44 65 59 56
53 51 30 23 41 39 72 9 34 61 71 5 63 78 62 79 74 31 26 80 68 43 10 16 45 73 70 77 2 76 14 46 36 32 12 22 13 42 27 24 59 38 8 55 49 11 60 47 3 19 6 21 28 69 48 37 7 50 35 54 4 25 56 1 67 57 65 20 40 58 18 66 17 52 75 33 64 15 44 29
63 47 45 29 49 75 42 41 67 1 20 25 68 2 66 72 79 76 74 77 80 23 33 54 30 4 51 64 71 14 10 5 37 35 9 60 12 78 44 15 6 11 59 18 8 24 19 36 73 43 40 58 3 31 26 48 28 22 53 70 7 52 55 39 16 38 50 69 46 56 13 27 21 34 62 17 57 32 65 61
5 10 8 57 67 47 2 36 33 69 73 71 70 76 74 77 66 72 60 1 79 64 30 6 29 43 45 32 25 17 44 80 20 14 4 19 51 68 78 42 48 26 9 49 11 15 50 23 41 37 52 16 31 38 18 28 12 54 61 24 27 21 22 46 59 7 75 55 58 62 65 53 56 63 3 13 40 35 34 39
49 8 3 30 57 20 63 31 56 36 67 9 61 71 17 68 34 77 75 65 78 79 50 26 72 70 47 76 45 33 74 43 80 28 10 11 66 16 5 2 62 42 46 1 48 39 55 15 14 23 4 60 25 27 29 41 64 38 22 6 37 13 54 21 7 12 40 24 69 19 52 44 73 51 35 53 58 59 18 32
62 2 52 74 7 4 58 10 6 5 46 48 43 11 77 14 24 63 21 32 29 37 79 27 22 42 41 47 76 73 25 51 1 80 36 28 59 64 9 61 40 49 54 34 69 44 26 20 38 66 12 3 17 30 57 45 31 15 70 78 8 18 39 33 13 65 60 71 50 68 72 56 53 19 55 23 35 67 16 75
75 65 34 69 47 57 55 62 50 10 9 58 24 25 72 2 60 5 11 56 3 26 77 21 68 1 79 38 30 51 64 71 76 20 32 54 31 80 73 78 33 36 27 23 29 43 16 66 40 14 8 41 45 59 44 49 48 12 42 13 22 37 7 35 52 4 28 74 67 6 15 18 70 46 19 61 17 39 63 53
73 59 35 56 53 21 67 75 17 23 58 57 69 13 6 55 63 1 65 68 74 52 31 2 8 14 72 79 29 39 43 26 16 5 51 76 20 27 80 77 41 25 24 32 9 47 10 78 11 34 36 45 33 64 42 3 66 48 38 12 28 50 44 19 37 54 49 30 60 4 71 40 7 18 15 46 61 62 22 70
14 44 59 75 50 68 60 51 18 39 1 10 65 57 67 53 19 12 71 7 37 74 64 9 3 8 31 2 79 47 34 78 4 62 33 55 27 61 56 5 80 23 17 29 26 20 43 30 16 36 11 35 13 63 25 40 32 45 28 77 42 24 70 66 22 21 48 54 49 72 38 52 41 73 58 15 69 76 6 46
20 69 41 62 15 61 18 39 52 29 56 8 35 67 2 37 57 22 76 12 4 7 72 3 19 66 74 5 13 1 36 58 79 25 26 30 17 47 21 53 10 80 14 28 51 32 77 64 24 6 23 70 9 60 16 55 27 31 65 11 45 48 43 42 73 50 46 68 54 34 78 33 44 38 40 59 63 71 75 49
36 7 37 45 55 14 69 46 57 41 12 56 10 24 61 71 59 66 35 70 1 62 21 76 73 29 8 44 15 68 17 2 72 39 6 79 75 19 51 34 67 22 5 33 25 60 32 54 30 26 47 9 11 49 23 16 58 3 4 80 52 63 50 53 31 77 78 13 43 20 64 48 28 74 65 27 42 18 40 38
54 14 31 6 58 19 65 40 35 66 60 61 9 55 3 32 15 20 77 23 5 63 71 43 24 10 38 11 50 2 33 37 74 69 56 72 52 75 67 25 57 47 18 16 4 59 68 27 48 8 1 30 36 34 39 21 51 13 62 79 26 64 80 17 29 76 41 44 7 22 45 12 78 49 53 70 46 28 73 42
79 4 64 25 40 37 54 61 45 50 57 53 15 9 73 66 1 69 67 52 35 19 48 49 63 18 78 58 72 44 38 65 2 21 74 12 76 70 71 46 42 56 23 17 43 7 62 26 10 51 3 6 5 11 36 14 8 34 31 20 47 28 24 60 39 80 30 41 59 75 16 13 68 29 32 55 33 27 77 22
4 49 46 8 69 53 52 42 61 60 40 70 38 31 28 44 45 58 7 36 19 55 35 39 54 68 11 56 65 15 6 41 13 2 72 74 79 30 62 71 47 33 22 67 5 50 57 10 25 1 14 23 32 20 37 26 9 27 34 75 16 66 17 24 3 59 76 80 51 43 63 21 77 48 18 12 78 29 64 73
0
7
10 12 9 7 8 11 4 6 5 3 1 2
4 11 12 3 1 10 6 8 7 2 5 9
5 8 11 12 2 4 1 3 10 6 9 7
2 9 4 6 12 5 7 11 3 1 10 8
1 2 7 9 10 6 5 4 11 12 8 3
11 1 10 2 6 9 3 5 8 7 12 4
3 6 1 5 9 8 2 7 4 10 11 12
9
8 16 15 1 3 14 13 11 12 5 7 10 9 6 2 4
3 15 16 13 7 5 14 2 11 8 1 12 10 4 6 9
14 6 9 16 15 7 4 5 3 11 13 2 8 1 12 10
1 12 2 11 16 3 15 7 4 9 8 6 14 13 10 5
5 2 7 12 10 16 11 9 6 15 4 13 3 14 8 1
9 8 3 14 12 13 16 10 5 7 15 4 11 2 1 6
13 10 6 8 1 2 5 12 14 16 9 15 4 7 11 3
11 5 10 6 4 12 9 1 8 2 3 7 16 15 14 13
15 3 13 9 6 1 8 4 7 10 12 11 2 16 5 14
5
74 60 78 70 77 80 75 67 42 51 31 79 59 62 38 24 23 45 76 40 72 69 52 71 37 68 73 64 57 56 41 53 36 27 48 12 44 34 21 47 35 63 50 39 29 33 65 61 49 55 26 54 5 30 32 2 3 10 66 43 20 18 17 25 58 8 28 22 15 13 46 14 19 16 7 1 11 9 6 4
34 44 49 33 53 65 52 20 36 60 21 23 56 75 79 31 38 67 47 42 58 76 62 74 70 80 77 61 59 57 22 73 40 41 5 10 51 71 24 69 1 64 78 16 17 37 68 63 50 3 25 28 48 8 2 32 55 12 72 7 45 6 29 26 66 30 54 27 13 15 14 46 4 39 43 35 9 11 18 19
29 39 32 18 26 30 48 11 35 16 19 12 54 5 10 4 79 9 43 1 46 7 75 17 6 8 25 55 28 59 15 77 42 13 62 38 60 74 31 76 40 3 2 51 71 70 80 64 78 63 73 57 52 68 50 49 61 23 14 69 67 37 34 53 72 65 56 41 27 22 66 58 24 44 47 36 45 20 33 21
17 16 2 6 25 8 5 9 1 44 4 10 28 52 23 21 12 20 7 36 14 47 48 34 33 65 53 3 56 54 13 26 35 22 75 79 39 29 19 43 42 61 49 60 74 18 30 55 32 64 77 59 62 80 78 50 63 38 58 76 11 70 71 73 46 68 57 15 41 27 72 66 31 51 69 40 67 45 37 24
71 51 50 37 73 68 62 45 40 39 24 38 57 48 12 19 10 11 69 35 66 43 5 29 18 30 26 63 54 28 27 25 1 15 52 23 16 17 4 7 36 55 32 44 34 6 8 3 2 61 53 56 75 65 49 78 64 79 46 47 9 33 74 77 14 80 59 13 22 41 58 72 21 60 76 42 20 67 70 31
55
80 77 79 72 71 78 76 73 75 74 66 69 63 65 60 70 57 68 67 64 53 62 59 3 56 23 21 61 54 31 50 29 51 34 43 32 45 55 44 15 40 19 49 52 58 46 30 39 42 37 47 36 33 16 41 9 38 8 28 27 5 35 48 26 7 1 4 25 13 17 2 22 11 10 14 24 12 6 18 20
77 80 75 79 73 76 78 74 71 72 63 64 66 67 57 69 70 56 59 21 65 61 51 62 68 29 23 53 19 44 46 60 54 47 48 8 17 43 55 58 27 37 15 49 36 16 45 42 50 32 34 52 38 41 31 25 39 4 20 40 28 33 6 5 9 30 2 26 22 7 11 3 10 35 18 1 14 12 24 13
78 72 69 77 80 79 74 75 76 73 56 65 71 68 70 63 64 47 57 53 66 67 43 31 62 60 44 59 58 23 54 55 50 35 34 51 15 46 41 29 32 17 16 19 42 45 21 49 61 52 40 8 36 20 39 27 48 7 6 28 30 37 1 38 12 33 25 2 10 3 9 4 26 14 24 22 18 13 11 5
73 70 74 64 79 80 77 72 78 76 65 75 69 66 61 15 71 63 21 51 55 59 57 45 43 62 50 67 68 54 37 53 29 46 35 16 25 49 42 23 31 58 47 38 56 40 34 60 48 36 41 19 52 7 44 2 20 32 17 9 27 6 3 33 8 28 11 5 26 1 12 14 30 13 39 18 10 24 22 4
70 75 63 69 77 64 80 79 73 78 54 71 72 76 74 68 61 66 65 62 57 27 28 30 33 44 47 55 49 67 42 56 24 8 45 59 53 31 60 40 21 51 50 29 41 58 43 38 46 48 37 23 6 19 36 34 5 26 39 52 9 32 14 18 13 2 3 15 12 11 4 1 25 20 35 7 17 22 10 16
71 74 77 75 72 66 79 64 80 70 78 73 76 62 34 57 51 58 61 69 67 38 65 14 19 53 41 21 28 68 31 27 59 50 56 55 29 52 37 54 60 40 17 9 49 8 63 12 45 15 48 42 44 47 46 26 33 43 3 6 20 39 23 13 2 24 35 1 5 4 25 36 22 11 7 32 16 10 30 18
66 78 64 53 75 73 62 61 79 80 70 59 56 69 71 77 74 72 32 57 60 65 63 76 25 45 46 23 42 27 28 68 67 2 54 38 41 20 33 55 37 50 21 40 35 4 12 51 34 58 52 44 47 14 19 48 29 49 8 31 6 36 13 11 3 5 1 39 7 22 43 30 9 16 10 26 24 18 17 15
75 66 60 68 69 77 70 19 59 79 80 76 78 51 73 72 65 71 62 2 63 74 35 42 49 67 32 47 27 1 20 61 28 54 55 46 52 21 34 64 50 57 45 8 31 56 58 6 33 4 30 24 43 17 23 39 37 22 53 13 40 14 11 3 5 18 7 44 29 38 16 10 36 12 41 25 26 15 9 48
54 71 72 74 62 75 59 60 69 63 79 66 80 43 76 73 78 77 56 30 64 70 58 65 9 52 61 37 20 19 47 28 18 68 50 24 57 53 22 67 39 36 51 21 40 44 32 46 55 49 38 29 31 23 42 45 8 6 41 1 13 5 2 34 14 3 12 11 4 15 27 17 48 33 25 35 7 16 26 10
65 64 70 71 78 62 61 27 77 21 76 51 79 80 68 75 72 28 74 60 69 55 67 63 36 26 73 54 44 66 38 33 9 45 47 20 6 58 57 22 42 23 43 59 17 29 53 48 52 5 49 39 15 50 56 14 40 1 32 3 2 13 46 19 4 12 41 16 30 37 10 11 31 18 34 8 35 7 25 24
51 57 66 17 74 53 71 47 72 64 75 60 77 79 80 78 63 15 76 73 37 19 1 69 70 42 24 6 48 65 35 41 22 38 67 56 68 34 50 62 10 52 7 55 59 32 27 58 40 9 13 16 39 61 29 36 43 18 5 12 4 3 54 2 11 25 46 49 33 31 44 28 21 8 30 45 23 14 20 26
60 6 17 54 59 69 51 29 65 43 28 78 75 77 79 80 76 64 66 13 70 39 74 72 58 73 33 71 47 32 53 63 5 31 68 30 20 37 23 24 57 16 52 67 38 50 56 27 11 61 21 62 46 55 2 49 3 42 1 36 25 4 8 12 40 10 18 34 14 35 26 44 7 45 9 48 15 19 41 22
68 52 73 31 24 50 55 71 27 77 74 19 70 60 75 79 80 59 78 66 76 72 64 25 51 63 18 65 61 29 4 40 13 69 16 33 7 48 6 39 41 67 62 54 23 35 57 56 47 12 58 46 2 43 38 53 30 3 36 5 1 11 45 10 26 14 49 42 34 44 32 9 37 15 28 17 22 20 21 8
50 63 16 59 70 71 67 55 74 54 64 72 57 78 66 76 75 80 79 15 77 68 47 73 69 27 11 42 23 34 48 38 49 17 65 3 2 18 43 25 62 53 58 51 33 20 44 52 36 41 61 60 5 26 8 1 6 35 13 39 12 10 56 4 30 46 31 14 40 21 28 29 24 9 22 37 19 45 32 7
57 54 23 55 45 22 73 68 56 49 62 16 74 75 59 71 69 79 77 80 78 76 72 64 61 35 13 66 18 43 40 36 19 70 28 31 37 17 20 50 48 10 25 60 65 51 1 53 27 42 5 58 12 52 47 6 9 63 4 11 3 2 67 14 46 21 30 41 15 24 38 39 8 7 29 34 33 26 44 32
49 55 18 52 58 60 23 45 16 32 61 34 25 74 56 30 77 53 75 9 80 79 69 78 71 76 66 70 13 3 72 73 1 11 36 47 12 67 51 8 33 21 63 65 62 38 68 44 64 50 39 40 24 6 37 5 57 2 14 4 10 54 15 48 35 59 42 7 41 27 19 26 29 22 43 31 20 46 28 17
6 21 71 25 40 65 68 50 58 17 55 56 73 64 69 74 60 78 29 77 79 80 76 70 67 49 36 22 66 75 34 72 8 23 14 18 11 10 46 47 63 42 59 33 4 1 15 43 20 13 27 53 37 12 3 7 61 5 62 2 38 16 52 57 54 32 39 45 51 9 41 24 35 28 26 44 48 30 31 19
47 49 53 3 65 44 63 10 57 16 17 61 59 71 52 60 4 37 42 75 2 64 80 79 72 74 78 73 76 14 69 70 33 67 9 45 28 77 56 20 22 5 54 50 51 66 38 68 58 30 62 1 13 46 6 12 35 48 11 7 55 8 32 25 18 26 15 29 31 19 23 34 40 24 36 21 27 39 43 41
46 3 12 49 20 34 50 69 17 68 1 14 4 73 51 56 66 75 72 42 74 77 79 80 78 65 76 43 71 70 18 6 16 5 58 26 55 2 47 45 59 29 37 28 54 10 64 35 15 60 63 21 67 62 30 13 22 44 61 38 11 9 53 7 48 41 57 24 39 8 40 33 27 31 52 36 25 32 19 23
2 51 44 58 56 47 31 20 21 27 71 26 11 55 6 66 32 17 7 72 75 30 77 67 79 80 74 41 73 76 78 14 70 1 19 48 18 28 53 34 8 62 64 69 57 68 54 65 10 24 60 3 61 5 4 63 12 13 43 22 15 45 38 9 16 40 37 23 59 52 46 35 33 39 49 42 36 50 29 25
13 39 20 45 48 5 69 51 2 18 22 50 65 11 49 12 1 3 6 78 71 60 42 74 66 79 80 77 55 64 76 43 75 73 70 7 10 30 72 28 23 14 41 46 67 15 4 54 62 68 29 34 59 63 40 52 26 57 56 61 8 53 58 16 24 9 33 37 19 36 17 21 44 38 32 47 31 25 27 35
69 8 2 56 18 61 14 59 25 20 10 63 13 37 46 6 68 49 70 71 23 75 3 47 64 51 79 74 80 77 73 76 44 78 72 28 31 38 5 43 15 11 60 36 26 54 66 62 12 16 50 4 40 33 1 65 24 39 67 21 48 58 7 27 52 53 9 32 42 57 22 41 55 34 19 30 45 17 35 29
52 73 51 57 63 4 22 54 15 5 21 10 18 1 50 11 12 65 46 59 3 24 30 75 2 58 72 79 69 80 77 20 74 42 78 76 71 35 16 70 13 32 33 37 55 49 26 66 6 14 36 38 64 40 68 31 34 62 7 53 41 67 9 61 56 17 8 19 25 28 39 23 43 48 45 29 60 27 47 44
76 13 65 26 2 19 66 6 23 37 58 7 62 36 11 51 55 44 18 74 43 78 39 9 45 75 20 69 79 49 71 80 52 77 30 73 1 5 3 38 35 59 10 57 46 60 33 64 67 70 72 12 4 48 24 40 31 68 63 14 16 17 27 50 15 47 22 54 21 25 34 8 61 32 56 41 28 29 53 42
58 34 41 19 53 3 60 13 61 69 4 47 2 40 22 67 20 39 11 18 25 63 78 6 35 12 71 16 45 79 44 75 80 74 77 72 5 24 73 76 17 55 42 10 7 65 50 59 57 29 32 49 68 1 70 43 14 9 26 56 36 15 66 62 28 52 54 64 8 51 48 37 46 21 27 23 30 33 38 31
15 9 4 66 6 18 8 76 53 22 5 1 10 27 13 25 11 61 63 44 14 35 75 34 74 69 70 32 77 30 79 37 42 80 57 71 73 72 36 60 78 26 29 2 3 52 28 17 51 67 45 64 16 24 55 33 68 19 12 62 7 38 31 56 50 65 48 58 46 54 59 20 49 41 23 43 21 47 40 39
45 68 13 20 66 9 65 14 6 8 19 21 27 54 64 17 3 32 31 22 34 4 71 11 75 46 77 18 36 74 12 69 76 79 80 78 33 42 48 41 72 15 5 70 44 7 73 1 37 25 16 67 58 2 35 23 52 59 10 50 56 24 55 43 61 60 53 28 62 63 29 57 39 26 47 49 38 40 51 30
42 76 6 12 15 59 43 2 14 50 51 17 1 47 20 9 33 13 3 16 29 71 49 4 10 77 35 44 74 72 32 5 30 7 79 80 78 75 69 37 67 38 73 56 8 57 11 28 26 66 70 54 41 31 45 18 64 55 68 34 63 60 24 52 36 22 19 61 48 23 53 25 65 27 21 58 39 62 46 40
72 41 14 6 64 2 52 5 19 4 23 45 47 12 7 29 17 57 20 31 11 25 34 1 27 9 15 36 35 53 74 78 63 13 75 79 80 16 18 26 69 73 77 68 43 3 65 24 44 33 59 10 42 28 66 56 32 67 38 76 70 48 62 8 22 54 21 71 50 55 51 40 60 30 46 39 37 49 61 58
8 26 48 43 5 15 4 30 9 10 37 22 21 17 19 32 13 2 24 27 33 23 66 12 14 20 75 50 3 40 1 39 71 76 18 77 79 80 29 78 64 72 69 25 6 34 70 63 59 7 67 51 35 11 16 60 36 58 42 74 68 65 57 44 73 62 61 47 52 53 54 46 38 49 55 28 41 31 56 45
67 56 55 50 49 23 3 66 1 7 26 6 5 15 2 16 58 10 17 8 27 12 62 19 46 43 4 11 9 45 30 74 78 72 13 25 14 79 80 75 71 77 18 76 20 42 22 73 60 59 51 69 34 70 54 47 65 24 64 29 39 63 68 32 44 37 28 21 35 40 31 48 41 36 33 53 52 38 57 61
53 24 21 15 4 13 30 31 49 61 6 3 51 2 10 54 26 38 37 36 41 7 18 8 20 14 9 46 12 11 68 22 34 71 62 1 27 78 66 80 79 76 32 73 77 74 16 75 63 44 33 5 55 72 65 64 56 25 19 17 57 28 43 23 67 70 45 48 69 39 58 52 59 29 40 60 47 35 42 50
39 40 76 44 57 17 26 3 24 46 53 2 6 41 4 19 16 23 38 11 18 22 25 15 73 1 37 49 14 33 13 35 12 9 8 5 74 7 77 79 80 45 78 34 75 72 71 10 56 31 20 27 50 64 21 67 70 65 58 60 66 68 36 29 43 63 32 69 28 30 62 59 47 61 54 51 42 48 52 55
14 5 54 16 8 38 6 65 4 34 29 12 17 31 27 64 9 50 15 52 13 11 68 32 18 19 63 3 22 41 21 47 40 37 2 49 72 74 1 77 20 79 80 35 78 73 76 69 28 75 7 25 26 36 71 10 45 23 59 33 24 66 70 39 62 44 56 67 53 43 30 58 42 51 48 57 61 55 60 46
48 47 19 73 16 45 54 12 50 1 2 4 7 21 17 22 6 52 10 23 51 29 53 43 32 72 3 64 75 15 14 13 20 41 71 9 36 11 35 18 5 78 79 26 80 77 46 8 74 56 28 63 69 59 34 44 76 40 24 67 31 70 25 68 33 39 58 30 61 66 60 27 57 37 38 55 62 42 65 49
31 62 40 11 55 48 19 17 45 6 20 44 23 22 1 2 30 12 4 26 15 9 10 27 38 28 39 13 5 21 24 8 69 3 29 35 51 36 25 74 77 75 61 79 34 80 78 41 18 76 42 14 7 68 32 50 16 53 33 47 58 52 63 67 57 72 60 43 71 73 64 65 66 59 37 54 46 56 49 70
44 25 29 32 13 43 15 11 7 60 24 58 3 23 16 21 10 1 33 14 17 2 4 18 22 78 30 38 8 46 70 54 31 48 12 6 49 76 27 71 74 20 75 5 79 55 40 37 80 35 9 45 19 77 28 66 62 36 50 64 52 26 39 63 72 67 59 57 73 41 69 42 51 47 61 56 68 53 34 65
36 22 59 40 7 21 45 39 67 19 31 55 14 24 5 27 29 41 51 1 16 26 38 10 23 30 43 25 70 78 11 18 6 32 20 4 13 15 28 3 2 33 8 75 73 79 77 74 17 80 76 37 9 44 12 46 60 61 57 68 50 69 35 71 47 48 63 56 65 49 42 72 64 58 53 52 34 66 54 62
16 44 3 1 29 24 57 67 8 48 7 15 61 19 18 34 2 21 40 4 12 13 37 41 28 39 10 51 17 36 65 11 43 22 59 58 30 26 14 56 6 27 35 32 76 5 79 55 73 23 69 33 80 78 9 38 75 77 70 71 46 42 47 31 25 20 72 53 49 50 45 54 63 74 62 68 64 52 66 60
11 48 5 21 52 49 58 32 12 59 8 46 20 33 38 10 37 34 19 17 1 36 6 51 4 31 25 75 30 24 3 16 23 27 22 14 54 39 7 57 9 13 2 18 45 78 47 79 29 62 77 55 73 80 15 35 66 28 44 26 64 41 40 42 76 71 43 60 72 70 74 69 53 50 63 67 65 61 68 56
43 2 57 41 26 55 7 33 18 24 32 5 48 3 45 1 21 11 23 12 52 69 46 66 15 25 14 27 4 39 36 44 38 19 42 22 8 29 9 35 76 30 34 72 37 59 13 78 79 20 17 6 62 10 80 16 74 56 31 75 53 47 28 70 60 73 71 40 68 77 67 50 54 65 58 61 49 51 63 64
33 46 39 7 28 11 13 40 51 56 16 24 15 32 43 8 22 6 58 65 10 21 70 17 42 3 34 2 1 12 23 26 77 25 44 53 38 9 74 14 30 54 48 4 19 41 55 5 75 63 18 35 27 79 78 29 59 31 37 80 62 61 76 49 66 64 68 36 45 71 52 47 69 60 20 72 50 67 73 57
63 37 42 24 17 1 44 62 54 31 40 32 60 61 15 33 45 8 22 34 26 6 23 13 11 7 12 9 2 48 43 25 41 14 38 21 4 27 30 10 18 3 39 20 5 36 49 16 78 55 46 47 29 67 79 28 72 70 35 77 80 59 19 74 69 76 51 52 56 65 66 68 73 53 57 50 58 75 64 71
4 58 15 62 44 41 49 63 13 2 33 29 53 7 21 18 34 43 8 5 24 66 16 37 31 10 19 45 6 28 39 17 46 36 1 75 70 22 32 65 12 71 14 27 9 23 25 20 35 26 78 30 3 38 11 42 67 60 79 51 76 80 61 40 77 50 47 55 64 48 56 74 52 73 69 59 57 54 72 68
7 23 10 47 3 26 48 21 46 53 44 28 50 9 62 65 42 33 5 54 19 18 17 40 29 32 45 20 31 2 49 15 39 66 27 11 43 8 68 13 1 63 24 6 74 30 36 4 41 22 12 57 14 25 52 58 69 37 34 16 79 75 80 55 70 35 73 38 78 60 61 64 72 76 51 71 56 77 59 67
61 31 47 9 46 6 5 28 55 52 36 48 49 59 26 7 23 19 2 43 56 20 24 71 3 33 42 35 25 17 10 1 11 4 74 39 21 13 75 53 45 18 12 22 14 62 8 15 65 40 54 32 30 27 63 41 77 16 29 73 44 78 79 37 80 58 34 50 38 67 76 51 70 68 60 64 66 57 69 72
3 12 38 39 42 70 21 4 52 30 50 49 16 14 24 5 28 36 27 29 9 33 60 23 53 2 31 40 26 37 25 46 17 6 51 10 69 32 8 19 58 1 55 43 11 22 7 61 13 57 71 20 18 15 48 54 73 45 47 35 34 72 77 41 74 80 75 79 44 64 65 56 62 63 67 78 59 68 76 66
30 36 37 48 1 39 42 23 47 58 68 54 55 6 53 14 5 24 12 7 28 32 50 29 26 21 17 19 38 51 27 66 2 33 46 34 3 4 11 16 43 49 13 15 52 76 18 25 22 8 35 31 78 9 20 57 44 10 40 63 60 62 41 45 79 74 70 65 77 80 72 61 56 69 64 73 67 59 71 75
64 35 62 22 43 10 47 53 11 39 73 20 29 5 41 3 52 16 55 32 54 31 48 59 13 61 69 28 24 4 6 23 25 15 33 40 42 51 26 17 44 8 19 58 2 21 9 14 38 46 56 50 1 34 7 30 18 12 45 78 49 27 37 36 75 79 66 63 60 76 57 71 68 80 70 65 77 72 67 74
35 61 36 10 54 16 72 44 63 62 45 31 9 56 48 4 47 20 60 24 5 1 52 21 41 22 38 34 59 50 17 19 3 12 23 37 26 40 13 33 11 39 6 42 64 53 2 7 66 51 43 28 32 8 25 15 46 14 49 69 18 55 29 30 58 27 79 70 75 68 71 67 78 57 80 77 73 65 74 76
40 19 31 14 68 56 41 36 44 57 67 52 58 63 28 50 15 60 39 35 47 16 61 22 1 55 29 48 11 73 45 62 7 10 6 2 24 3 4 32 34 43 38 13 12 37 5 9 76 21 53 17 25 30 51 8 23 46 27 49 54 18 20 66 42 69 65 33 79 26 75 70 71 64 72 80 78 74 77 59
37 45 49 38 12 35 64 42 48 28 30 70 19 50 31 61 7 40 54 10 58 57 56 5 8 6 65 14 41 20 29 24 47 16 32 52 39 25 2 1 36 9 4 23 18 33 72 3 68 27 44 22 17 13 62 11 51 34 21 15 43 77 26 59 53 75 74 46 67 69 63 60 76 55 66 79 80 71 78 73
38 43 56 65 41 42 10 9 64 35 59 13 67 25 55 31 73 5 16 49 72 3 27 46 60 34 1 26 15 47 51 30 36 40 69 12 19 6 24 2 61 4 28 39 50 18 14 33 21 11 57 48 8 32 22 37 7 29 23 45 17 44 71 53 20 66 52 68 54 58 77 62 74 75 76 63 70 80 79 78
55 53 45 63 47 51 40 57 43 42 39 33 24 58 14 35 49 27 9 3 61 5 54 28 44 37 64 29 52 56 16 48 21 18 31 19 50 71 38 46 7 41 23 1 68 12 20 36 25 2 6 11 10 4 26 22 13 15 30 8 65 34 60 17 32 77 62 59 74 78 70 66 67 72 75 76 69 73 80 79
34 79 11 35 25 8 36 22 3 66 42 57 52 53 12 59 67 45 44 55 49 15 5 60 16 64 68 63 37 62 19 7 65 28 21 41 32 23 40 4 26 24 1 48 47 6 39 2 54 10 31 13 56 51 14 17 27 50 9 30 33 29 72 46 38 43 20 18 58 61 78 77 75 71 73 69 74 76 70 80
9
10 9 6 8 7 4 5 3 2 1
2 10 9 6 8 7 1 4 5 3
8 7 10 9 2 1 3 6 4 5
5 4 3 10 9 2 8 1 6 7
3 2 8 7 10 9 6 5 1 4
9 5 2 4 1 10 7 8 3 6
1 6 4 2 3 5 10 9 7 8
6 1 7 5 4 3 9 10 8 2
7 3 5 1 6 8 4 2 9 10
11
13 15 14 6 12 10 1 11 3 8 9 7 2 4 5
1 11 12 15 14 9 13 5 7 6 2 8 3 10 4
6 13 5 9 15 14 11 12 10 7 4 2 1 8 3
12 14 4 1 2 5 15 9 13 11 3 10 8 7 6
7 12 8 3 9 4 14 15 6 13 11 5 10 2 1
2 4 13 8 1 7 5 14 15 9 6 11 12 3 10
10 2 1 11 7 8 6 3 14 15 5 4 13 12 9
8 10 2 13 4 12 9 1 5 3 15 14 7 6 11
4 1 3 10 6 11 12 8 2 5 7 15 14 9 13
3 6 7 2 5 1 8 4 12 10 13 9 15 11 14
14 8 10 5 3 6 4 7 11 2 1 12 9 13 15
0
3
16 13 5 9 12 17 15 10 2 14 1 3 7 6 4 11 8
15 14 4 11 13 12 17 5 6 8 10 1 3 2 16 7 9
4 11 12 8 3 13 10 1 16 7 14 2 9 15 17 5 6
7
6 15 12 13 11 1 3 2 4 14 10 7 8 5 9
3 5 15 12 7 11 13 1 6 2 4 14 9 10 8
14 7 13 15 10 6 2 9 3 11 1 8 4 12 5
8 9 4 5 13 15 12 10 7 1 2 11 14 3 6
9 4 5 14 1 10 15 11 13 3 7 6 2 8 12
10 12 14 11 5 3 8 15 9 4 13 1 7 6 2
4 1 2 6 9 8 7 5 11 12 3 10 13 14 15
7
12 11 10 14 13 8 9 6 5 7 3 2 1 4
10 12 11 8 14 13 5 9 4 2 7 1 3 6
4 10 12 1 8 14 11 5 6 13 2 3 7 9
11 6 4 13 3 1 12 10 9 14 8 7 2 5
5 4 9 2 1 7 6 12 11 3 14 13 8 10
9 5 6 7 2 3 10 4 12 8 1 14 13 11
6 9 5 3 7 2 4 11 10 1 13 8 14 12
0
0
5
18 19 16 15 13 20 9 11 17 3 6 14 10 2 12 8 7 4 1 5
12 11 9 19 16 10 13 15 20 2 5 18 17 3 14 7 8 1 4 6
8 3 6 2 5 4 16 19 1 15 13 7 20 11 18 14 12 17 10 9
7 2 5 11 9 1 6 3 10 19 16 12 4 15 8 18 14 20 17 13
14 15 13 3 6 17 5 2 4 11 9 8 1 19 7 12 18 10 20 16
0
0
80
80 79 78 77 76 75 74 73 72 71 70 69 68 67 66 65 64 63 62 61 60 59 58 57 56 55 54 53 52 51 50 49 48 47 46 45 44 43 42 41 40 39 38 37 36 35 34 33 32 31 30 29 28 27 26 25 24 23 22 21 20 19 18 17 16 15 14 13 12 11 10 9 8 7 6 5 4 3 2 1
78 80 79 75 77 76 72 74 73 69 71 70 66 68 67 63 65 64 60 62 61 57 59 58 54 56 55 51 53 52 48 50 49 45 47 46 42 44 43 39 41 40 36 38 37 33 35 34 30 32 31 27 29 28 24 26 25 21 23 22 18 20 19 15 17 16 12 14 13 9 11 10 6 8 7 3 5 4 1 2
73 78 80 79 75 74 76 77 70 67 72 68 71 69 64 61 66 62 65 63 58 55 60 56 59 57 52 49 54 50 53 51 46 43 48 44 47 45 40 37 42 38 41 39 34 31 36 32 35 33 28 25 30 26 29 27 22 19 24 20 23 21 16 13 18 14 17 15 10 7 12 8 11 9 4 1 6 2 5 3
76 69 74 80 79 78 77 71 75 65 67 72 70 73 59 53 63 68 66 57 64 61 55 60 58 62 47 41 51 56 54 45 52 49 43 48 46 50 35 29 39 44 42 33 40 37 31 36 34 38 23 17 27 32 30 21 28 25 19 24 22 26 11 5 15 20 18 9 16 13 7 12 10 14 2 6 3 1 8 4
71 66 70 78 80 79 67 76 77 74 75 73 72 62 65 69 57 56 64 68 63 58 53 51 61 60 59 45 46 54 55 47 50 52 41 39 49 48 33 34 29 42 43 44 38 40 37 35 27 36 21 22 17 30 31 32 26 28 25 23 15 24 9 10 5 18 19 20 14 16 13 11 3 12 1 8 2 7 4 6
67 73 71 74 78 80 79 75 68 77 58 76 64 65 72 62 54 69 70 60 66 63 57 50 48 53 56 59 47 61 52 55 38 44 51 49 36 42 46 43 45 27 31 40 35 39 41 26 28 34 33 30 37 23 19 14 32 29 15 25 24 16 17 22 20 4 21 2 18 3 9 13 12 11 5 7 1 10 6 8
70 76 75 73 65 77 80 79 78 62 59 74 60 66 69 64 71 72 61 56 68 67 52 54 53 63 50 58 55 57 49 46 36 51 37 41 48 30 44 42 43 45 47 27 39 26 32 38 40 35 14 31 18 33 28 34 29 20 13 11 19 25 24 23 12 22 7 17 21 1 16 15 4 3 9 2 8 6 10 5
65 64 76 60 72 69 78 80 79 75 77 55 73 74 68 67 49 71 54 70 57 52 66 62 63 61 58 46 59 44 51 56 53 38 50 47 40 41 25 35 48 28 45 43 42 24 39 23 37 21 32 34 36 31 27 33 30 26 29 19 16 17 14 7 11 10 22 18 20 15 2 1 9 6 8 4 12 5 3 13
74 53 72 71 63 62 73 78 80 79 69 77 76 61 75 58 70 51 67 65 55 68 56 52 50 49 57 60 66 64 59 48 43 40 39 42 38 54 36 45 47 32 37 46 44 34 28 25 41 23 27 35 33 12 22 31 20 18 30 2 21 29 13 16 14 24 26 19 9 4 3 6 5 1 11 15 17 8 7 10
68 65 63 76 58 72 75 69 74 80 79 71 77 78 73 51 59 53 56 49 70 62 67 55 60 66 35 47 64 45 61 42 57 48 54 36 34 39 27 40 50 52 30 41 46 43 44 28 31 26 37 33 38 25 21 23 10 24 32 29 1 18 8 19 22 6 16 12 5 20 17 2 15 4 3 14 13 9 11 7
54 70 62 69 61 60 68 67 71 78 80 79 58 72 77 73 76 74 45 66 75 53 47 39 64 51 48 63 56 65 43 57 59 50 52 38 33 46 26 44 55 31 40 35 49 25 30 24 20 41 42 13 21 37 36 18 23 34 28 14 32 12 7 29 27 17 4 11 8 2 6 3 1 5 16 22 10 19 15 9
77 74 73 62 68 64 66 56 52 72 78 80 79 70 71 76 67 75 58 43 69 46 51 59 41 54 63 55 50 37 60 61 65 32 42 57 53 47 45 23 49 17 29 48 33 38 21 31 44 20 40 26 35 18 6 28 27 30 36 39 34 8 1 9 3 13 25 4 2 22 15 5 14 10 19 12 7 24 16 11
69 77 61 54 56 55 70 65 60 76 52 51 80 79 74 72 73 78 68 75 67 47 71 63 66 59 62 64 42 49 57 41 37 46 45 31 35 38 48 58 53 21 32 30 29 50 16 8 18 44 43 36 40 22 20 39 2 33 12 34 6 5 28 24 23 25 11 27 3 26 1 4 7 15 10 19 9 13 17 14
61 67 66 70 57 71 59 63 76 60 74 75 52 80 79 78 45 77 69 72 73 34 43 64 65 68 31 44 62 58 47 32 41 53 55 51 50 35 54 25 56 33 49 42 22 23 48 37 46 40 38 24 13 36 17 9 6 27 26 28 29 39 15 21 1 30 5 3 4 10 8 7 20 2 14 11 19 12 18 16
42 68 77 63 67 53 58 55 57 66 76 78 59 75 80 79 48 61 50 73 71 74 69 29 72 64 70 34 40 39 62 65 56 36 28 54 45 37 60 52 51 46 44 47 31 15 43 41 49 11 26 38 23 19 9 22 16 14 20 5 33 32 27 35 8 3 6 1 7 18 4 25 2 21 13 10 30 17 24 12
55 46 58 45 74 49 60 59 64 56 44 66 78 71 76 80 79 70 77 69 62 75 72 68 47 67 73 65 48 42 63 38 30 61 26 37 43 53 57 54 31 50 52 25 27 51 13 11 21 2 29 39 24 34 32 40 35 36 41 9 4 33 6 1 10 7 3 8 28 14 5 18 23 22 15 17 20 16 12 19
53 38 57 59 70 54 46 62 55 47 73 67 74 51 78 66 80 79 76 77 72 44 65 75 68 71 61 43 20 69 33 64 63 60 24 58 52 31 18 56 14 29 48 32 45 49 40 39 42 28 50 41 9 16 13 8 34 35 10 36 11 27 37 3 4 2 1 7 6 5 22 26 21 19 12 23 15 30 25 17
66 50 69 72 64 52 61 43 54 44 60 48 67 35 62 71 78 80 79 74 59 73 76 40 75 77 45 68 70 27 58 36 55 57 65 56 63 49 31 38 32 53 17 14 51 42 19 47 39 7 24 46 25 20 41 4 37 5 34 15 10 28 3 18 30 8 2 6 1 12 21 29 26 33 23 13 16 11 9 22
30 45 68 48 51 56 55 72 36 61 54 59 57 77 53 74 46 39 80 79 78 71 75 73 76 65 67 66 63 62 70 43 69 34 40 33 64 58 41 60 44 18 22 3 52 28 29 49 50 16 47 19 8 42 35 12 7 31 14 32 26 37 4 38 2 1 10 5 27 6 23 20 24 17 25 9 11 21 13 15
75 40 65 39 46 50 48 58 53 59 64 57 62 76 54 70 77 73 78 80 79 36 61 66 33 72 71 69 67 74 19 27 23 68 63 60 51 55 24 18 12 43 56 49 16 29 52 42 45 47 17 3 2 21 38 41 11 44 1 31 30 6 5 4 7 37 9 10 34 8 32 22 28 13 26 35 14 15 20 25
47 36 49 44 48 42 71 39 41 57 53 61 63 64 24 50 69 76 75 78 80 79 74 77 73 70 60 72 58 40 67 62 66 21 56 59 65 68 16 51 10 6 33 31 54 14 27 29 52 43 46 1 12 45 37 55 3 7 35 8 2 4 30 32 9 5 15 26 11 38 20 28 13 25 17 18 23 22 19 34
51 61 37 42 73 70 47 49 69 68 62 53 75 46 50 77 74 65 71 58 56 80 79 72 78 76 64 36 33 35 18 67 34 59 60 55 57 26 66 15 52 63 54 12 24 48 10 43 22 5 8 44 7 40 39 3 1 2 45 4 25 9 29 6 21 11 13 16 41 32 31 19 17 28 38 20 27 23 14 30
34 71 39 28 50 51 54 64 48 53 65 49 43 55 31 75 72 46 63 76 77 78 80 79 74 58 69 35 68 32 73 66 60 62 57 29 70 59 30 67 20 61 26 23 15 56 18 16 47 37 44 5 52 11 33 24 13 4 3 1 7 10 12 2 6 9 8 45 42 40 19 17 36 41 22 38 25 14 27 21
59 54 67 61 69 66 44 40 46 37 63 64 41 32 52 60 75 45 73 34 74 77 70 80 79 21 76 78 65 72 68 33 62 71 49 50 56 23 55 24 58 47 14 4 57 13 42 53 6 30 51 10 31 9 1 5 39 8 2 3 36 7 43 11 48 12 38 35 15 17 29 27 19 16 20 28 26 25 22 18
52 32 21 40 42 58 57 46 39 49 37 60 51 63 70 59 68 50 74 45 29 54 78 71 80 79 72 67 77 73 76 75 28 69 19 66 7 62 9 65 64 23 61 34 17 55 33 44 53 22 48 56 11 6 43 1 4 3 5 10 8 15 2 12 13 35 41 36 31 47 30 14 25 24 27 16 18 38 26 20
45 51 34 68 11 40 35 70 67 33 39 63 30 52 61 56 50 55 49 32 28 76 77 78 38 80 79 75 71 47 74 13 72 73 62 25 60 69 65 66 57 64 7 58 53 21 26 59 36 4 2 15 20 48 5 44 54 9 6 12 3 1 10 8 37 43 27 22 17 19 14 16 29 46 31 41 42 18 23 24
11 37 38 65 22 63 64 35 62 55 49 45 44 30 56 33 60 28 40 54 76 72 73 69 77 78 80 79 61 75 71 70 68 74 67 52 24 27 34 26 66 59 2 50 47 36 58 48 51 13 4 9 10 15 7 17 5 1 8 6 12 3 57 14 29 42 43 25 19 46 53 41 16 23 18 32 21 20 31 39
63 60 48 27 53 28 25 17 38 70 33 35 36 42 57 46 51 37 31 64 54 65 62 76 71 69 78 80 79 77 75 44 73 72 74 67 66 61 49 32 3 19 21 68 13 47 9 56 1 52 15 16 14 8 11 10 12 6 4 7 5 2 55 59 50 41 58 23 40 45 26 39 18 20 30 24 22 43 34 29
29 59 51 31 71 43 69 52 32 73 45 26 5 28 20 48 47 25 44 22 65 70 46 74 57 19 66 77 80 79 35 78 75 67 76 61 68 56 72 36 38 62 63 8 14 3 49 12 60 1 13 40 4 17 2 6 15 10 7 16 9 11 58 64 33 54 55 53 24 37 50 21 41 18 42 34 39 27 30 23
37 47 64 66 41 29 36 42 45 46 38 44 28 56 32 68 61 57 52 35 10 50 30 67 40 25 74 73 75 80 79 60 76 78 77 70 71 72 8 16 69 65 58 63 9 59 11 5 62 6 7 4 1 3 15 2 31 12 54 17 13 14 48 51 49 19 20 43 53 27 18 23 22 55 34 21 24 26 39 33
64 58 15 30 40 37 50 47 5 48 6 43 49 60 38 28 26 52 57 33 44 42 19 70 69 74 75 71 73 76 80 79 78 54 72 63 77 9 67 17 46 41 55 36 66 68 65 1 10 59 62 12 3 2 4 7 8 16 11 18 14 13 25 20 61 31 53 29 22 23 24 56 51 34 32 39 45 35 21 27
31 4 12 26 60 73 18 5 21 52 56 41 46 34 28 42 13 29 53 40 47 39 27 2 49 44 77 62 74 24 69 80 79 63 78 75 55 71 58 76 59 72 67 61 68 70 66 64 3 8 11 7 6 1 10 16 14 15 9 57 17 22 20 65 19 50 36 54 23 35 38 48 30 51 43 25 37 33 32 45
43 27 54 32 38 65 7 66 17 42 50 37 31 21 19 30 52 48 25 26 41 16 28 35 34 46 8 76 69 59 77 72 80 79 73 78 75 74 71 49 1 57 60 6 62 10 68 2 5 14 12 47 15 4 3 20 9 11 18 13 56 63 22 70 67 64 23 58 55 61 44 33 53 40 24 29 51 39 45 36
27 75 52 25 43 33 9 15 23 40 42 20 38 45 26 31 36 32 30 48 37 24 22 65 70 34 68 56 41 19 66 73 74 80 79 72 78 76 69 71 77 12 18 7 63 58 4 3 2 10 1 6 5 14 8 11 17 13 16 67 53 61 62 39 59 60 50 47 54 51 55 64 57 44 21 49 46 29 35 28
35 10 16 38 23 3 2 32 20 26 30 33 48 37 34 47 55 21 72 31 43 22 68 24 51 75 65 74 78 71 6 76 11 64 80 79 59 57 77 63 61 70 69 73 8 53 1 4 15 9 5 14 19 7 12 13 18 66 17 62 45 67 60 54 52 56 39 49 58 42 25 50 44 36 46 27 41 28 29 40
62 13 4 20 28 27 53 18 9 63 29 22 24 41 42 36 34 31 35 38 51 60 39 37 12 11 1 70 26 78 72 77 67 55 64 80 74 79 73 48 65 69 76 59 71 7 54 6 8 3 10 2 16 5 14 15 19 17 43 68 75 52 61 66 56 23 33 30 25 21 57 49 46 50 40 58 47 45 44 32
3 17 56 24 13 68 5 33 51 15 47 31 39 43 29 54 20 41 26 1 38 14 37 53 19 42 49 27 76 2 78 74 70 65 69 77 80 75 79 55 35 16 66 72 7 63 8 9 4 12 6 11 67 10 18 73 71 22 50 58 64 59 23 62 45 40 61 21 60 25 52 34 48 30 28 46 32 36 57 44
23 35 11 57 9 45 16 54 66 43 1 47 69 4 30 41 42 67 37 71 34 10 31 61 2 32 5 39 29 25 64 63 77 18 68 21 79 80 62 73 72 58 78 20 6 12 7 17 14 15 3 8 22 13 74 19 60 76 75 65 70 55 40 53 46 52 48 59 36 50 51 24 27 56 33 44 38 49 28 26
6 18 53 15 3 35 51 36 12 58 66 25 13 14 55 29 44 2 33 24 48 64 41 45 16 38 9 22 10 70 1 17 32 76 59 74 61 78 80 79 73 75 77 11 4 8 5 67 7 42 19 20 65 68 72 63 46 57 71 69 43 23 31 56 62 21 60 34 50 49 54 30 52 27 39 26 28 37 40 47
2 12 20 1 4 61 56 57 49 13 16 21 14 40 22 17 10 19 39 15 5 69 36 43 29 8 34 3 45 53 65 58 64 77 33 32 67 7 78 80 79 74 75 76 55 60 6 68 11 18 9 52 62 73 23 72 66 63 51 71 50 47 70 46 25 59 31 28 48 24 27 38 42 26 54 30 44 41 37 35
22 2 9 67 24 1 31 4 3 23 5 58 34 38 35 14 37 40 47 12 21 15 33 42 39 50 10 52 43 6 30 8 13 70 71 76 11 63 68 75 80 79 64 77 78 74 72 7 17 19 20 18 51 61 16 65 62 69 73 53 66 57 46 25 55 27 59 60 26 41 28 45 49 48 44 56 29 32 36 54
4 24 13 33 36 59 32 12 50 3 22 39 16 31 47 5 27 60 23 17 19 8 7 46 45 20 44 6 11 14 2 71 10 75 70 43 76 1 74 68 15 80 79 69 48 72 78 66 9 77 18 51 55 56 25 67 73 61 64 52 65 53 21 63 26 49 62 42 30 28 58 40 38 57 29 54 35 34 41 37
13 62 23 37 1 67 24 60 25 12 17 9 47 27 4 55 38 14 8 50 49 19 16 48 7 10 36 61 30 3 56 2 54 66 6 5 20 70 75 78 76 73 80 79 72 11 15 18 77 69 22 59 74 71 63 64 58 65 21 51 68 43 26 45 53 44 28 41 57 39 35 42 32 29 52 33 34 40 46 31
39 23 44 7 29 6 15 14 56 17 34 5 8 25 43 38 53 9 22 28 18 2 11 10 20 73 41 12 21 67 4 19 1 3 75 71 62 77 70 69 78 76 57 80 79 64 74 61 13 66 16 63 72 47 68 50 51 59 65 54 55 60 52 27 31 26 30 24 45 58 36 35 37 32 48 42 40 46 33 49
8 34 60 64 10 31 41 44 14 27 12 3 20 16 6 18 1 43 15 29 22 13 21 23 62 30 11 9 37 7 40 54 33 19 5 73 72 2 4 77 74 66 71 53 80 79 57 78 76 17 25 69 75 59 52 48 70 42 68 56 67 58 65 26 28 61 24 63 46 36 47 32 39 35 50 45 49 51 38 55
44 19 1 8 31 14 29 34 18 51 15 4 3 10 5 40 58 12 7 67 2 6 32 21 11 17 22 42 57 63 9 25 20 13 53 65 16 36 76 70 71 78 59 75 77 80 79 74 68 73 60 23 66 72 54 35 64 43 55 26 27 62 49 28 24 39 46 69 38 30 61 52 56 37 45 48 33 50 47 41
15 72 19 21 17 11 13 10 24 18 55 50 65 23 14 22 8 16 2 53 45 32 54 9 67 7 25 20 3 1 5 35 4 27 61 12 69 6 63 59 75 68 51 74 76 77 80 79 64 78 39 42 26 41 66 52 57 73 70 47 40 71 44 30 43 28 34 56 62 29 37 46 33 60 36 31 58 48 49 38
9 52 25 36 26 15 6 8 33 11 3 54 42 18 23 7 22 58 5 16 20 29 4 30 32 40 13 48 31 12 14 1 19 2 66 64 73 10 38 61 17 51 70 65 75 62 76 80 79 63 78 77 45 24 71 74 21 67 27 50 28 68 72 69 57 46 56 39 43 34 60 47 35 49 41 37 55 44 53 59
19 55 7 56 25 9 65 20 43 34 27 12 45 57 11 2 6 17 3 5 52 23 35 15 18 14 30 1 4 22 41 28 16 10 13 24 8 64 59 21 26 71 72 78 70 76 73 50 80 79 67 74 77 63 75 69 68 54 42 66 49 48 38 44 32 62 40 37 29 60 33 58 31 39 47 61 36 53 51 46
5 8 2 13 34 36 19 38 65 4 25 11 6 15 44 24 18 1 16 51 31 66 49 3 14 26 23 21 60 20 12 22 7 58 10 9 17 28 50 64 63 77 73 70 69 75 62 72 74 80 79 78 76 43 67 59 41 68 57 27 42 30 71 55 40 32 29 46 47 33 39 37 61 45 35 52 53 54 56 48
20 9 6 51 19 47 52 1 40 24 21 2 4 8 13 3 17 15 18 11 12 41 38 14 42 16 39 25 72 68 27 7 61 5 44 62 10 73 22 50 23 67 28 26 56 46 63 71 75 70 80 79 78 49 77 76 74 37 48 30 69 66 33 60 35 29 32 65 59 53 45 55 34 64 58 36 54 31 43 57
16 56 26 11 59 25 21 68 6 50 14 8 7 2 27 57 12 20 28 18 36 33 5 17 15 3 24 13 9 48 10 4 51 31 1 53 19 67 64 46 70 22 62 52 65 78 38 77 23 71 69 80 79 29 76 30 45 75 74 72 37 49 73 58 42 34 35 32 39 43 41 44 47 63 66 40 61 55 54 60
49 7 22 41 44 38 10 24 1 30 9 28 29 12 37 11 5 23 42 25 40 43 26 20 21 36 15 14 6 4 8 68 71 17 16 13 2 3 61 27 18 35 74 64 59 19 67 75 78 57 52 72 80 79 73 66 77 47 76 33 62 34 39 50 60 70 51 31 32 54 46 69 45 58 63 65 48 56 55 53
17 3 30 18 35 23 11 9 15 14 68 62 12 19 25 4 28 59 41 6 26 37 13 5 55 33 46 54 8 21 24 20 22 16 2 1 39 66 7 74 27 60 10 56 61 69 77 40 29 75 72 76 64 80 79 78 38 52 44 70 48 73 32 31 71 36 45 67 63 65 34 57 43 53 49 47 50 58 42 51
7 5 47 49 45 2 1 61 26 8 18 16 55 6 12 35 15 30 59 4 23 17 63 11 3 28 37 33 24 46 29 21 27 22 32 10 13 40 14 19 67 20 9 62 74 71 25 76 65 68 56 58 44 78 80 79 75 72 77 41 52 69 34 48 39 38 64 70 73 31 66 36 60 54 51 53 43 57 50 42
41 22 32 12 49 13 40 11 61 10 48 19 17 3 36 27 2 26 1 55 24 4 23 16 30 5 29 38 18 60 15 6 35 9 14 20 58 52 53 7 8 25 39 21 67 54 71 69 66 76 77 28 70 44 56 80 79 74 78 75 46 72 64 73 34 45 63 68 33 62 65 31 50 42 37 51 57 47 59 43
21 44 14 9 39 19 63 7 13 64 20 32 27 17 48 23 56 18 51 10 6 5 2 26 24 15 4 8 22 38 28 3 29 35 30 16 1 11 12 62 60 49 25 55 58 61 69 65 43 74 75 73 71 46 78 70 80 79 47 45 76 36 41 34 72 68 77 33 37 59 67 54 40 52 53 57 31 42 66 50
32 31 41 17 2 16 23 25 10 7 46 24 19 53 49 6 11 44 13 8 3 9 12 1 28 22 14 18 36 26 42 15 58 37 34 30 21 4 5 20 68 54 65 57 64 73 51 27 72 67 55 48 59 74 45 29 40 80 79 61 39 77 78 76 75 33 47 66 35 70 71 43 69 38 60 50 63 62 52 56
57 39 18 5 16 44 42 19 35 9 10 1 22 49 58 13 25 7 34 27 11 31 45 28 6 37 20 24 17 8 23 59 14 29 12 4 30 21 15 33 2 3 46 60 26 41 70 73 71 53 76 65 56 69 50 77 78 32 80 79 74 40 63 75 36 67 72 38 66 68 64 51 54 47 55 43 52 61 48 62
18 21 29 14 54 17 4 48 16 39 19 10 32 24 33 43 35 11 46 9 25 1 40 13 23 2 12 31 7 15 3 30 8 26 58 34 27 20 28 6 22 5 53 51 73 67 45 70 56 49 74 50 69 38 42 37 36 77 72 80 79 41 76 78 47 75 44 62 61 63 59 66 71 65 57 55 68 64 60 52
58 41 10 6 20 46 22 51 11 35 7 30 9 39 21 1 4 13 24 19 53 45 29 33 43 23 26 32 5 17 16 14 12 15 8 2 18 25 3 72 28 56 50 66 60 27 64 52 73 61 63 67 48 76 34 49 69 78 38 59 80 79 36 77 54 47 37 40 44 57 42 75 55 31 70 68 62 74 71 65
14 63 50 2 7 39 8 41 42 38 11 46 21 29 10 49 32 35 27 37 15 18 6 12 52 4 16 23 25 31 22 5 3 1 20 26 9 19 51 13 54 30 68 24 28 17 47 45 58 60 36 55 34 77 57 75 76 56 61 74 44 80 79 33 69 78 73 71 67 48 40 53 66 43 62 70 72 59 65 64
26 43 59 47 18 21 30 29 19 36 23 40 35 5 39 34 3 38 14 7 9 51 17 25 27 12 2 50 32 11 31 16 6 28 4 22 15 8 10 1 33 13 20 54 41 45 46 58 24 65 53 70 63 55 69 71 42 60 37 78 77 74 80 79 73 57 49 61 64 44 48 62 76 68 75 72 56 52 67 66
48 14 28 19 37 18 26 23 59 2 32 52 15 7 8 45 16 49 21 42 4 38 9 36 17 27 6 29 13 66 11 53 5 25 22 40 3 33 47 10 34 24 1 71 30 20 60 55 12 39 73 64 50 51 46 61 44 41 31 76 78 75 35 80 79 65 54 57 72 77 43 74 67 70 56 62 69 68 63 58
56 16 8 46 12 26 43 50 22 5 13 42 11 47 18 9 30 27 4 3 1 28 44 31 10 29 17 37 15 23 25 69 39 6 7 19 14 32 20 2 62 34 24 45 21 57 75 54 59 58 65 66 41 35 61 53 33 70 40 38 51 78 77 36 80 79 68 48 52 55 49 73 74 76 67 71 60 72 64 63
50 28 40 22 14 8 45 3 31 6 41 56 18 20 15 16 43 54 10 39 35 21 34 7 37 9 32 4 27 30 26 23 2 42 29 68 12 17 11 47 24 48 5 19 1 65 55 13 25 51 57 75 73 64 49 36 53 38 33 46 59 76 66 52 78 80 79 44 71 74 72 77 63 62 61 69 67 60 58 70
10 1 36 16 8 7 49 21 44 31 40 38 2 48 17 20 33 6 55 14 42 25 18 32 13 43 28 26 39 41 45 12 9 24 23 35 5 60 29 3 11 4 34 15 19 22 50 30 54 27 70 53 58 57 65 47 56 46 63 77 73 51 69 37 76 74 80 79 68 52 78 72 59 61 64 75 66 71 62 67
28 42 35 29 33 10 17 22 37 41 26 14 25 44 9 19 40 5 36 21 7 27 3 38 46 24 18 15 1 55 34 31 47 12 11 8 32 16 52 53 6 2 4 13 23 30 20 62 57 45 58 68 39 54 48 43 49 51 56 73 63 65 50 67 77 76 78 80 79 75 69 61 70 59 72 60 64 66 74 71
24 57 17 34 32 41 39 26 63 45 51 7 33 54 60 8 29 36 11 23 13 30 48 18 1 31 38 28 12 9 21 10 15 20 3 6 4 14 2 5 25 55 27 67 43 44 22 19 16 46 71 62 49 75 53 56 50 58 52 37 35 42 47 40 65 73 76 78 80 79 70 68 72 66 77 64 59 69 61 74
25 30 3 58 55 22 62 45 27 21 35 13 23 50 41 32 19 8 38 36 16 26 14 34 4 39 43 11 2 10 37 24 18 33 15 28 54 5 17 9 7 1 6 29 20 52 12 57 61 64 66 60 42 67 40 51 72 49 53 48 31 46 56 47 44 77 65 76 78 80 79 71 68 75 74 59 70 63 73 69
12 25 27 55 62 20 37 53 47 16 36 23 50 11 46 10 7 22 19 2 8 35 24 41 26 45 42 17 14 13 38 39 21 30 9 18 6 34 56 4 5 15 3 28 32 1 61 60 33 29 49 43 54 58 51 68 52 40 59 44 57 31 67 74 64 48 66 72 76 71 80 79 75 78 65 63 77 70 69 73
33 20 5 52 27 48 12 31 8 22 24 15 26 36 45 39 21 10 43 30 17 7 64 19 35 1 51 57 34 29 13 11 42 4 18 14 25 65 32 28 16 37 23 9 3 6 2 46 55 54 41 71 68 70 47 60 67 50 58 40 38 44 53 49 63 66 75 73 56 78 62 80 79 69 59 76 74 77 72 61
40 33 46 43 5 34 20 37 29 32 57 18 53 9 63 52 14 24 17 41 27 11 8 22 25 13 21 7 16 36 39 26 31 23 35 3 28 51 6 12 30 10 19 1 2 4 56 15 38 48 45 54 47 60 44 42 55 62 69 64 61 50 59 72 58 71 74 77 49 66 68 78 80 79 73 67 75 65 70 76
1 15 55 53 6 5 28 13 34 19 31 17 61 26 7 37 23 3 48 44 33 56 25 4 36 47 40 10 38 43 46 9 24 8 27 11 29 22 39 30 21 14 12 16 18 2 59 20 67 62 35 32 60 50 58 54 63 71 49 42 72 64 45 41 51 69 57 52 75 73 74 70 78 80 79 66 65 76 77 68
36 6 42 35 66 30 27 28 58 20 61 34 1 13 2 25 62 4 12 52 50 48 15 8 31 41 3 19 44 33 17 29 40 39 21 23 26 24 37 11 9 7 16 10 5 18 14 22 70 56 54 45 32 65 60 46 43 64 67 49 47 38 51 57 74 53 71 55 69 76 63 59 73 77 80 79 78 75 68 72
38 11 43 4 47 24 34 30 7 29 28 6 10 33 3 12 39 42 20 59 14 49 50 44 5 52 19 40 23 18 32 37 45 56 36 27 22 15 1 31 13 9 8 2 25 16 17 51 26 55 64 21 57 53 70 58 61 48 46 35 41 54 75 68 66 63 69 74 65 72 76 60 62 73 78 80 71 67 79 77
60 29 31 3 21 4 33 16 28 1 2 27 37 22 40 44 9 47 32 20 46 12 42 6 8 18 7 30 49 34 36 52 17 11 25 15 41 13 23 14 19 26 35 5 50 66 24 10 63 72 61 57 53 39 59 38 48 45 62 55 54 56 68 43 70 58 67 51 77 64 73 76 65 71 69 74 80 79 78 75
72 49 33 10 30 57 38 6 2 28 4 36 56 58 1 26 41 66 29 47 32 40 20 27 44 48 53 16 19 5 7 34 25 14 31 17 23 12 13 22 37 8 15 18 11 9 3 21 69 24 59 61 46 62 55 45 65 39 60 43 71 35 54 42 68 51 52 50 70 67 77 63 64 74 76 78 73 80 75 79
79 48 24 23 52 32 3 27 4 25 8 29 54 1 51 15 31 34 6 46 30 20 10 47 9 35 33 2 28 16 44 40 26 41 17 7 37 18 21 57 36 11 13 22 12 5 53 14 19 50 68 49 43 66 64 62 59 55 39 63 60 45 42 61 38 72 70 75 74 69 56 65 58 67 71 77 76 73 80 78
46 26 45 50 15 12 14 2 30 54 43 65 40 59 16 21 24 33 9 13 39 3 1 49 22 6 27 5 35 28 20 18 44 7 38 69 31 29 19 8 4 36 11 17 10 32 23 63 48 25 34 37 61 52 62 57 47 53 66 60 58 70 74 71 41 55 42 64 51 56 75 67 77 72 68 73 79 78 76 80
20
79 76 70 63 75 59 58 60 78 55 73 80 53 68 77 74 72 71 67 69 48 65 45 66 61 50 51 64 62 44 47 35 42 32 49 31 57 43 40 39 56 38 34 27 28 37 25 33 54 52 26 23 46 24 41 21 20 36 22 19 16 18 17 30 15 29 13 14 11 12 6 8 4 2 7 5 10 1 9 3
73 60 59 70 76 63 48 75 79 47 78 74 58 66 80 77 69 72 68 71 53 50 42 67 65 61 55 57 64 45 51 31 44 35 39 32 62 49 33 43 52 27 38 34 24 40 18 37 56 54 28 16 36 26 46 14 23 41 25 21 20 22 10 13 4 30 29 19 9 7 15 12 6 1 8 3 17 2 11 5
62 32 44 59 60 70 63 76 73 75 79 61 48 78 74 80 77 69 66 65 45 71 53 64 72 43 47 67 68 58 35 51 37 55 34 26 54 50 20 38 41 49 39 22 19 42 10 23 57 46 31 40 56 21 52 28 33 29 27 24 6 17 25 9 1 36 11 8 30 3 16 14 2 15 5 12 18 4 13 7
67 51 53 33 24 45 70 35 52 76 64 71 63 79 39 65 80 77 78 74 59 72 58 73 49 69 75 68 56 40 60 55 48 28 25 47 66 34 15 50 30 43 61 17 12 20 27 42 41 57 19 37 54 31 62 26 44 11 18 32 2 10 38 36 16 13 9 5 46 14 4 7 1 23 3 21 22 6 29 8
56 28 40 16 14 37 59 26 36 60 54 49 70 73 27 43 74 80 79 77 63 34 20 78 71 72 76 41 67 53 75 19 58 51 65 55 68 69 45 61 64 50 10 25 35 48 22 44 66 62 47 42 57 32 9 31 1 30 17 3 15 39 18 29 6 11 52 12 13 8 2 5 33 4 24 7 38 23 46 21
41 19 20 44 32 40 45 28 62 35 56 34 59 64 61 49 65 74 73 80 70 77 63 79 69 38 60 78 66 48 76 75 23 47 72 21 46 18 58 71 68 22 25 50 55 4 17 53 13 67 7 6 29 51 30 8 15 57 10 12 42 43 27 11 2 9 54 31 36 5 1 3 37 16 26 14 39 33 52 24
54 26 37 53 51 48 44 47 67 32 66 43 15 62 71 69 61 25 30 72 58 80 70 68 77 74 12 79 78 63 55 76 59 75 18 60 73 17 4 65 13 34 27 10 7 2 39 45 11 64 5 20 41 35 36 19 16 9 49 14 1 38 22 52 33 56 46 3 29 24 40 28 23 6 21 8 50 42 57 31
30 12 15 6 8 53 1 51 29 3 67 25 42 9 22 71 10 50 57 39 33 74 59 52 80 77 31 73 79 70 24 60 63 76 69 75 78 72 48 18 66 61 17 65 47 58 49 4 68 13 55 44 62 7 11 32 2 64 38 5 45 34 43 56 40 46 41 35 54 28 23 21 20 37 19 26 27 16 36 14
64 35 45 58 55 44 42 32 68 31 62 65 4 57 72 61 50 18 13 49 40 25 15 56 39 80 7 30 52 33 28 12 70 24 77 76 79 10 63 17 78 71 22 74 75 1 38 2 9 11 3 53 67 5 29 51 6 73 69 8 59 27 34 46 23 66 36 60 41 21 48 47 16 20 14 19 43 37 54 26
29 8 6 20 19 16 2 14 41 5 36 22 37 11 34 27 17 43 54 18 4 39 33 13 74 10 26 52 73 59 7 24 1 60 80 3 9 77 70 69 79 72 71 38 76 63 65 48 78 66 75 58 68 47 67 55 53 46 50 51 23 61 49 64 45 57 62 21 56 35 42 31 44 40 32 28 25 15 30 12
46 21 23 45 35 58 6 55 64 8 68 38 2 29 65 72 22 17 11 10 1 61 44 9 27 49 5 62 36 16 3 32 40 14 50 28 56 80 42 77 57 18 43 71 31 70 69 63 79 78 76 4 13 75 54 7 37 67 34 26 53 25 39 66 48 41 30 51 52 47 20 19 15 33 12 24 74 59 73 60
9 3 1 37 26 20 33 19 54 24 41 10 23 52 43 34 39 38 46 17 2 22 6 11 50 25 21 29 57 42 5 8 15 31 71 12 30 27 53 80 67 77 74 18 51 16 72 70 36 79 14 63 78 76 73 75 59 13 65 60 4 69 61 68 58 64 66 7 62 55 45 35 48 44 47 32 49 40 56 28
66 47 48 40 28 4 16 7 56 14 13 69 1 36 49 18 27 10 9 25 15 17 2 30 38 22 3 11 46 23 12 5 6 21 61 8 29 39 44 72 62 80 77 43 32 33 74 58 52 68 24 70 79 55 78 76 63 54 71 75 37 50 65 73 59 67 57 26 64 60 53 51 42 45 31 35 34 20 41 19
13 7 4 42 31 2 40 5 57 28 11 18 6 56 50 17 49 22 29 43 37 27 16 54 25 34 8 36 30 15 26 14 20 12 38 19 41 71 23 10 46 39 80 77 21 53 61 1 67 9 51 33 52 3 79 24 70 78 72 76 63 74 69 62 44 68 73 75 66 32 58 55 59 48 60 47 65 45 64 35
68 55 58 2 5 6 53 8 11 51 29 72 20 67 17 22 71 34 41 27 16 38 23 36 10 39 19 46 9 1 14 21 33 3 74 24 52 25 59 49 73 69 18 80 60 15 77 40 30 56 12 48 66 28 13 47 4 79 43 7 70 65 50 78 63 54 64 76 57 75 37 26 45 42 35 31 61 44 62 32
36 14 16 23 21 33 4 24 46 7 52 27 45 13 38 39 18 65 64 22 6 43 37 29 34 71 35 54 41 20 8 26 53 19 17 51 67 74 2 25 11 10 50 61 5 59 80 15 73 30 60 1 9 12 57 3 42 62 77 31 44 49 72 79 70 78 56 32 68 76 63 75 40 58 28 55 69 48 66 47
11 5 2 1 3 23 20 21 9 19 46 17 40 41 10 38 34 49 56 50 42 69 48 57 18 27 28 66 13 4 31 47 16 7 22 14 36 61 6 74 29 25 65 39 8 44 43 59 62 73 32 15 30 60 64 12 45 52 80 35 33 77 71 54 37 79 78 24 67 26 70 76 63 53 75 51 72 58 68 55
52 24 33 48 47 1 15 3 66 12 9 39 44 30 69 10 25 61 62 38 23 18 4 46 43 17 32 13 54 37 21 7 2 26 27 5 11 22 16 34 36 65 72 49 14 6 50 20 29 41 8 45 64 19 68 35 58 56 74 55 40 80 77 57 42 73 79 28 78 31 59 60 70 63 76 75 71 53 67 51
57 31 42 4 7 15 37 12 13 26 30 50 16 54 18 25 43 27 36 61 44 49 40 62 17 65 14 56 11 2 32 28 45 5 10 35 64 38 1 22 9 74 69 72 3 23 34 6 46 29 21 59 73 8 66 60 48 68 39 47 58 71 80 41 20 52 67 55 79 19 33 24 53 70 51 76 77 63 78 75
78 75 63 15 12 42 23 31 30 21 57 77 33 46 25 50 38 39 52 34 20 10 1 41 22 18 24 9 29 6 19 3 4 8 43 7 13 65 37 27 54 17 49 69 26 45 71 16 64 36 35 2 11 14 56 5 40 66 61 28 48 72 74 67 53 62 68 47 73 51 44 32 58 59 55 60 80 70 79 76
6
12 13 10 11 9 5 7 3 8 2 1 6 4
9 7 13 12 11 6 10 1 5 3 2 4 8
6 3 2 9 12 11 13 10 4 1 7 8 5
4 1 7 8 5 9 2 13 12 10 3 11 6
5 2 3 4 6 8 1 7 9 13 10 12 11
11 10 1 5 8 4 3 2 6 7 13 9 12
1
7 11 4 5 1 10 9 12 3 2 6 8 13
3
3 2 1
1 3 2
2 1 3
4
9 6 8 4 7 5 3 1 2
2 9 3 6 8 4 1 7 5
5 2 7 9 1 6 8 3 4
6 4 1 5 3 2 7 8 9
1
11 10 1 6 9 5 13 3 12 2 8 7 4
0
2
2 1
1 2
4
4 3 2 1
2 4 1 3
3 1 4 2
1 2 3 4
2
2 1
1 2
3
13 14 12 9 11 3 5 8 6 1 10 7 2 4
12 7 13 5 3 11 9 4 8 2 14 10 1 6
3 10 11 2 12 13 1 6 4 9 7 14 5 8
3
3 2 1
1 3 2
2 1 3
5
12 10 11 9 7 6 8 3 2 1 5 4
6 12 8 11 5 10 9 2 3 4 7 1
3 2 1 4 11 12 5 10 6 9 8 7
2 6 9 5 4 3 11 12 10 7 1 8
10 3 7 1 8 2 4 6 12 11 9 5
1
8 6 3 2 4 1 9 5 7 10
5
13 7 5 10 12 9 3 1 6 2 8 11 4
8 13 6 12 9 4 11 10 5 3 2 1 7
10 11 13 7 5 12 9 2 8 1 3 4 6
1 3 8 9 2 13 12 11 10 7 4 6 5
11 12 2 5 6 7 13 3 1 4 9 8 10
3
13 18 17 6 4 5 11 2 15 9 7 14 12 8 16 1 3 10
12 17 10 9 6 13 18 5 4 15 14 8 1 11 7 16 2 3
6 9 2 14 13 4 7 10 11 8 15 3 16 17 18 12 5 1
8
8 7 6 5 4 3 2 1
6 8 7 3 5 4 1 2
1 6 8 7 3 2 4 5
4 1 2 8 7 6 5 3
2 4 1 6 8 5 3 7
7 3 5 2 1 8 6 4
3 5 4 1 2 7 8 6
5 2 3 4 6 1 7 8
0
79
80 79 76 78 77 75 74 71 73 72 70 69 68 67 66 65 64 61 63 62 60 59 58 57 56 55 54 50 53 52 51 48 49 47 46 41 45 44 43 42 38 40 37 39 35 36 33 34 31 32 30 27 29 25 28 26 23 24 22 20 19 21 17 14 18 15 12 16 11 13 8 7 10 9 6 1 4 2 5 3
78 80 79 77 74 76 72 75 70 73 71 67 69 68 64 66 65 62 61 63 58 60 59 55 57 56 53 54 50 48 52 51 46 49 47 44 41 45 38 43 42 39 40 37 33 35 36 32 34 31 29 30 27 23 24 25 28 20 26 22 17 19 21 15 14 18 11 12 16 7 13 8 6 10 9 2 1 4 3 5
72 74 80 79 76 78 77 69 75 65 73 71 70 63 67 64 68 59 66 60 61 62 56 50 58 54 57 55 51 47 53 49 52 48 45 42 46 43 41 44 37 36 38 35 40 39 31 27 33 30 34 32 28 26 29 23 24 25 20 21 22 18 14 19 17 13 15 10 12 16 7 11 8 4 3 6 2 5 9 1
76 72 75 80 79 70 78 77 68 74 66 73 67 71 69 61 63 57 65 55 62 64 60 59 50 58 56 52 41 40 48 54 53 44 51 47 42 39 45 49 46 34 43 25 38 32 37 36 27 33 31 35 24 28 26 30 29 23 12 19 20 22 16 10 8 14 17 21 18 3 15 13 1 11 7 5 9 6 4 2
69 78 77 73 80 79 64 67 72 76 61 75 71 74 51 70 66 60 68 65 55 57 49 63 62 59 45 58 54 53 50 52 56 35 36 46 48 42 47 30 41 33 44 43 26 40 38 37 29 34 39 31 19 17 27 32 20 18 28 25 23 24 15 11 12 21 22 8 14 1 2 6 16 13 10 3 5 9 7 4
77 69 67 75 68 80 79 76 71 78 64 72 74 66 65 62 70 73 52 53 59 54 46 60 61 57 58 63 48 35 55 56 47 38 49 51 50 27 40 45 43 41 36 34 44 31 42 28 39 22 33 29 20 37 15 19 25 32 24 12 21 30 26 23 16 11 13 17 4 18 3 14 7 1 5 8 6 10 2 9
67 71 73 66 78 74 80 79 62 68 77 76 75 70 72 50 60 69 59 64 56 65 52 58 36 61 63 44 49 57 43 55 54 45 48 53 51 47 33 38 40 42 46 41 31 30 28 35 32 39 25 24 14 34 22 27 37 12 29 17 26 13 7 20 23 6 18 19 8 11 21 9 2 5 1 4 16 3 15 10
57 77 65 64 73 63 76 80 79 75 74 70 78 54 68 71 72 58 62 69 53 46 66 67 47 52 60 61 55 45 59 50 51 56 42 31 40 49 48 41 32 37 39 26 43 44 23 21 22 38 28 33 35 36 34 17 27 30 25 29 12 11 24 18 13 2 20 5 19 10 14 16 9 8 4 7 3 1 6 15
55 58 68 74 65 62 66 78 80 79 63 50 76 73 71 75 69 77 72 56 70 67 42 61 64 48 46 59 47 51 54 60 43 57 31 38 52 33 49 39 53 45 27 36 32 24 41 19 40 35 44 26 13 30 37 15 21 4 23 28 29 34 1 22 20 25 7 9 5 17 18 3 14 16 2 10 12 11 8 6
66 76 62 72 71 69 65 74 78 80 79 58 77 75 57 55 53 63 70 73 52 68 64 47 59 44 67 33 61 50 60 41 48 43 37 56 39 36 32 51 49 54 30 46 34 29 27 20 42 45 19 22 40 35 38 8 31 14 6 9 24 28 4 26 21 10 25 23 17 15 12 5 3 2 18 13 7 16 1 11
75 64 53 60 63 56 71 59 65 58 80 79 66 78 77 76 57 67 74 68 73 69 72 70 51 62 49 46 30 54 61 44 41 27 35 55 33 28 50 52 48 10 47 22 39 42 43 40 38 36 45 23 34 4 9 16 26 31 37 15 14 32 20 25 11 29 19 24 6 2 17 1 5 3 12 21 18 8 13 7
61 45 57 65 48 72 70 73 77 69 55 80 79 53 58 78 71 75 67 76 66 39 68 64 74 42 34 41 60 62 63 35 59 50 44 49 56 52 54 47 22 38 51 31 29 43 24 25 23 46 40 36 21 20 30 12 33 37 16 3 7 9 18 27 28 26 32 2 15 5 1 4 13 6 14 17 10 19 11 8
60 57 72 76 59 68 75 64 74 48 78 61 80 79 73 77 62 55 71 58 69 70 53 56 54 63 66 42 67 36 47 43 40 46 28 45 65 51 22 35 20 52 32 49 30 41 26 50 17 25 24 38 39 44 33 34 4 29 31 37 6 23 27 21 3 9 2 1 10 19 5 12 18 14 11 15 8 7 16 13
62 61 69 57 72 77 68 70 76 67 46 78 73 80 79 74 75 54 48 43 51 50 71 66 60 38 55 65 37 42 58 64 45 52 63 32 59 56 36 40 33 20 53 44 49 7 47 30 2 23 35 13 41 29 14 28 39 34 1 18 16 5 10 31 22 3 26 27 21 6 11 17 4 12 8 9 25 15 24 19
53 67 49 54 57 52 56 72 59 64 76 77 45 35 80 79 78 70 69 75 74 73 65 62 43 68 61 71 63 58 40 32 36 66 60 24 23 18 31 55 15 50 29 51 21 46 44 38 26 48 42 41 47 19 17 13 16 33 10 27 30 39 34 37 5 8 6 3 1 9 4 2 28 7 25 12 11 22 14 20
36 44 61 67 75 46 60 43 55 47 56 74 65 76 78 80 79 72 37 70 77 38 69 73 66 71 33 29 68 64 62 63 58 59 21 57 28 53 30 48 50 35 12 40 51 49 45 52 18 16 41 7 54 39 42 3 10 13 14 32 34 27 6 1 4 31 5 26 2 8 9 23 24 22 19 11 15 17 20 25
59 68 66 51 62 61 58 41 56 77 72 49 57 64 70 73 80 79 60 74 78 34 67 75 71 53 69 76 36 43 39 46 33 32 65 63 54 19 14 16 55 48 52 50 47 21 40 45 30 26 2 28 42 9 44 37 38 11 5 31 18 20 29 35 7 1 8 4 3 27 6 15 12 25 24 22 23 13 10 17
71 49 60 61 50 47 62 58 43 44 65 63 72 77 76 51 74 80 79 52 39 78 73 26 70 66 75 37 69 68 67 33 8 53 64 18 57 17 56 54 59 55 45 42 46 38 19 16 6 41 48 40 31 32 10 35 36 3 11 14 27 15 2 24 1 5 34 7 9 4 29 30 21 28 20 25 13 23 12 22
74 42 47 63 54 49 44 31 66 59 69 62 58 72 75 68 61 78 80 79 71 77 76 48 53 65 70 73 33 30 64 29 67 51 55 27 38 57 25 56 24 60 26 12 52 45 46 43 50 17 16 39 1 40 8 7 41 36 4 5 28 2 22 32 9 23 3 6 34 37 10 21 11 15 13 19 14 20 35 18
73 63 43 32 56 51 57 49 52 24 67 65 42 47 61 54 58 46 78 80 79 75 40 76 72 69 77 68 74 71 70 34 38 64 66 50 60 59 27 62 14 17 33 53 48 8 55 44 37 29 36 11 25 45 31 21 6 15 3 16 1 4 5 39 2 28 9 13 7 41 26 10 19 35 23 30 20 18 22 12
65 75 51 45 27 53 46 47 50 60 38 41 54 58 35 52 76 71 77 67 80 79 74 72 69 73 78 56 66 37 68 62 26 34 70 59 49 25 63 61 30 29 64 55 11 48 57 24 12 43 14 2 23 22 1 44 13 39 42 7 8 3 9 5 6 4 10 32 36 21 40 31 15 20 28 18 19 33 17 16
41 62 56 39 53 71 63 54 21 46 58 44 61 31 55 43 38 64 75 77 68 80 79 51 76 78 74 70 65 66 30 73 69 72 67 60 20 40 29 34 28 57 16 59 25 15 52 47 49 42 11 48 5 18 19 2 8 1 7 24 9 26 3 6 10 22 4 36 13 35 50 45 32 37 33 27 17 12 23 14
52 55 48 68 67 57 47 66 58 54 40 45 43 46 59 72 44 76 73 78 63 74 80 79 77 64 65 75 71 69 38 28 42 70 19 61 8 62 35 25 39 49 5 60 56 26 53 15 41 10 21 12 2 31 20 51 9 6 17 34 4 29 13 3 50 7 1 11 37 30 36 33 27 24 22 16 32 14 18 23
48 59 44 69 45 50 54 61 49 38 42 60 56 36 23 58 41 74 46 72 76 71 78 80 79 77 52 22 75 70 65 37 73 63 29 67 64 55 68 66 62 14 25 13 3 47 30 51 43 24 27 53 57 7 5 1 2 9 21 6 10 8 11 4 19 35 28 34 33 12 16 20 17 18 15 32 39 40 26 31
45 70 39 37 36 42 48 57 61 43 47 64 49 38 53 44 59 50 76 34 65 72 51 78 80 79 73 17 62 75 74 71 77 69 58 4 63 67 21 68 66 32 55 52 15 10 6 60 28 12 18 54 30 8 35 11 5 2 13 1 3 7 56 9 41 46 31 22 27 40 23 25 20 33 16 14 24 29 19 26
39 65 74 38 42 45 67 23 63 52 43 48 50 69 41 56 25 19 44 36 72 33 77 14 75 80 79 51 78 76 35 30 62 73 71 68 58 64 60 70 29 11 66 20 57 59 61 54 4 55 53 3 6 10 40 5 22 47 9 2 13 1 8 7 34 12 16 15 49 31 27 18 37 46 17 26 28 24 32 21
23 11 28 29 37 59 26 42 40 19 33 43 52 50 18 67 77 41 57 48 45 66 34 65 73 75 80 79 72 78 71 74 70 76 5 62 68 60 64 63 51 69 9 47 1 53 39 56 58 44 61 49 15 55 3 6 7 10 8 4 2 12 36 13 46 16 54 35 31 14 24 38 30 17 27 20 22 25 21 32
40 66 34 52 44 38 73 28 46 61 39 55 26 65 24 48 51 68 56 47 5 63 36 74 78 70 76 80 79 72 77 75 71 60 59 64 69 20 67 21 58 62 42 57 53 18 50 9 54 49 1 17 12 16 4 10 3 7 2 13 11 6 37 8 15 33 43 14 35 32 22 29 41 19 45 23 30 31 25 27
12 73 30 34 43 64 27 60 54 39 23 57 32 40 48 46 37 53 55 35 31 42 70 24 28 72 68 67 80 79 66 78 74 61 76 75 71 58 77 15 13 65 69 4 62 56 63 26 59 19 52 10 3 6 7 9 1 8 47 11 5 16 45 2 49 17 14 18 20 50 51 22 25 29 41 38 36 21 33 44
13 46 64 44 51 34 59 20 32 56 29 39 62 49 63 53 47 26 41 12 6 76 57 37 67 74 72 78 77 80 79 58 50 71 73 66 75 68 70 60 69 61 65 28 7 19 48 11 52 1 9 8 18 3 2 4 14 5 54 10 15 17 38 16 36 24 35 55 23 42 25 43 22 45 31 40 21 30 27 33
46 33 70 56 69 41 35 53 60 55 45 30 51 43 40 38 39 44 19 24 50 37 62 29 26 76 59 77 57 73 80 79 68 78 75 72 74 11 71 14 64 63 48 61 65 13 4 1 7 3 10 5 9 2 6 18 17 16 15 8 66 67 58 12 25 36 42 20 32 22 34 27 47 23 21 49 52 28 31 54
70 18 7 14 47 40 53 35 42 36 34 23 60 33 56 30 46 49 3 44 75 52 55 69 24 41 10 72 76 67 78 80 79 62 50 77 2 65 58 71 61 68 74 54 64 16 8 4 15 9 5 6 11 1 13 73 12 66 48 59 51 57 63 17 45 43 38 25 22 29 20 19 31 21 26 28 27 32 39 37
31 28 45 17 41 37 34 50 20 49 57 51 55 21 33 69 73 48 7 32 35 61 39 77 15 60 64 74 42 3 72 65 80 79 78 71 76 75 66 26 67 70 1 16 13 2 29 18 10 4 6 9 8 5 12 22 11 44 68 62 46 14 47 58 59 63 24 56 52 25 19 53 23 36 30 43 38 27 54 40
54 22 25 31 61 29 37 51 27 53 59 20 34 32 28 63 26 56 35 40 42 9 10 39 46 47 6 49 73 77 76 72 75 80 79 52 78 71 57 19 8 64 68 3 50 12 15 13 5 2 7 1 4 11 16 14 18 17 70 67 74 44 69 66 60 58 21 65 41 23 55 62 45 48 43 24 33 36 30 38
24 21 58 35 30 32 69 52 18 27 51 53 31 56 26 45 1 17 16 39 57 41 48 49 40 10 13 66 3 65 14 76 78 77 80 79 70 73 75 72 5 74 71 2 54 60 59 6 9 68 8 4 7 12 11 50 15 22 64 63 62 61 19 36 67 20 23 47 25 55 44 42 33 38 46 34 29 37 43 28
2 17 31 7 28 11 32 45 9 62 24 13 6 27 3 22 52 38 40 61 48 12 63 68 65 67 42 57 39 60 73 77 34 5 72 80 79 69 78 76 44 71 14 74 66 64 75 8 1 70 4 16 10 15 18 20 49 21 35 53 58 25 23 30 37 19 55 54 47 46 59 56 43 41 50 33 51 26 29 36
1 6 15 70 33 58 36 24 26 35 62 31 40 44 5 11 45 32 25 49 16 18 29 30 12 37 48 9 22 2 69 66 72 74 54 78 80 79 10 77 75 67 8 76 71 4 68 7 13 60 3 20 17 14 21 55 57 73 19 23 64 38 52 59 65 41 63 61 50 51 53 28 34 27 56 39 47 46 42 43
9 20 40 10 70 65 7 13 48 32 21 15 30 29 36 37 27 33 18 4 67 17 38 6 16 8 71 47 56 1 2 39 76 75 62 54 72 80 79 78 68 77 61 64 5 73 58 3 55 11 12 14 22 66 23 57 50 19 74 60 25 69 28 53 52 45 41 63 46 43 42 59 49 44 35 31 26 51 34 24
38 31 59 22 12 28 17 26 23 3 60 34 9 30 21 29 43 37 1 33 46 7 20 10 45 6 62 69 5 74 11 67 14 54 16 73 55 70 80 79 76 4 77 78 75 71 64 2 8 15 13 18 66 65 61 63 19 41 72 49 50 35 25 68 57 27 40 48 58 36 56 24 51 52 32 47 42 53 44 39
25 1 27 18 66 26 12 48 69 70 30 59 41 34 16 49 6 22 9 23 3 31 13 19 2 5 14 4 7 46 29 68 17 58 10 76 11 78 52 80 79 75 72 45 74 67 65 71 56 8 20 15 61 21 77 42 44 64 36 38 43 60 73 54 62 53 57 51 24 47 33 32 50 55 40 63 37 39 28 35
63 25 5 59 23 9 39 44 28 71 52 42 18 45 14 35 21 7 24 37 19 3 12 54 17 34 50 1 15 31 8 6 2 4 69 70 77 10 65 75 80 79 73 66 78 72 20 74 11 13 22 64 16 49 76 38 61 57 41 68 60 56 62 67 27 48 51 46 40 33 32 55 26 53 29 36 58 43 47 30
68 50 14 13 24 66 4 29 36 25 75 16 48 22 9 6 7 35 45 71 43 19 41 18 31 11 12 8 64 63 1 38 57 65 77 3 67 74 23 69 78 80 79 27 17 5 2 10 20 54 15 21 76 73 72 62 52 40 46 42 49 53 70 61 44 56 58 33 60 28 30 26 39 32 37 55 59 34 51 47
49 15 46 21 6 3 33 68 4 13 20 1 25 39 11 10 18 45 36 30 32 40 23 35 22 51 5 2 14 9 7 8 61 17 74 16 66 41 53 65 12 76 80 79 69 70 77 78 57 64 75 19 72 71 60 47 56 27 73 44 63 52 67 48 24 62 37 43 55 34 28 50 29 26 42 59 31 54 38 58
32 8 19 2 31 14 3 56 7 9 68 21 22 25 6 33 20 11 38 1 18 27 75 13 30 12 4 53 17 15 34 70 16 55 23 58 10 76 74 5 77 78 62 80 79 50 73 63 44 67 49 60 48 72 71 40 43 69 66 64 61 65 59 51 35 57 46 28 26 24 52 36 54 42 39 45 41 47 37 29
14 36 1 62 2 67 11 32 37 4 18 68 3 13 19 34 9 31 28 66 21 29 22 41 7 23 24 20 6 8 15 61 25 16 43 10 73 63 76 12 71 47 78 77 80 79 69 70 74 5 17 65 60 75 58 64 54 59 27 72 48 50 33 52 55 49 56 38 39 26 46 40 42 30 44 53 57 35 45 51
17 9 16 40 1 4 10 11 3 2 44 52 36 15 8 13 24 6 22 20 47 45 33 28 5 18 21 19 32 27 49 57 30 23 39 69 12 77 73 67 70 72 76 7 61 80 79 14 78 56 65 25 74 63 75 54 55 58 62 71 68 64 66 60 26 59 29 31 43 48 38 35 53 34 51 37 46 50 41 42
37 12 50 55 21 8 2 4 19 18 28 14 13 6 54 25 32 47 27 31 44 5 35 22 41 40 17 24 20 23 57 9 63 3 38 7 1 72 16 58 11 15 10 68 76 78 80 79 73 77 74 70 69 52 65 67 71 75 60 26 59 42 64 62 51 66 33 30 61 53 39 49 46 56 36 29 43 45 48 34
19 41 3 16 34 25 8 22 2 11 53 27 59 55 17 57 15 9 6 18 4 20 43 23 68 14 47 30 12 21 13 69 65 10 7 1 26 66 62 74 72 58 49 71 77 76 5 80 79 73 64 42 78 24 70 75 32 52 39 54 67 40 51 46 33 44 61 29 28 63 31 37 36 50 60 35 45 38 56 48
35 13 55 20 9 1 5 17 29 8 27 11 23 59 2 21 28 43 58 42 36 51 18 40 33 15 38 12 31 16 25 7 10 19 14 6 22 26 4 3 74 24 63 67 73 77 78 76 80 79 50 71 65 64 54 61 75 72 57 41 47 68 44 49 70 32 66 37 30 39 48 60 56 62 69 46 34 52 53 45
5 2 33 46 3 16 25 12 11 23 4 19 1 20 29 59 54 24 13 22 9 32 21 27 37 7 26 6 52 41 10 53 66 18 56 15 14 8 72 73 17 51 75 63 58 69 49 64 70 80 79 77 71 78 68 76 74 45 50 43 40 48 30 28 47 60 36 39 67 62 57 61 38 31 34 44 35 42 65 55
6 56 71 43 4 2 51 14 38 10 11 12 64 23 47 31 16 3 21 5 1 58 9 8 52 35 18 36 29 25 22 13 60 20 33 19 53 7 69 50 27 73 15 75 70 17 74 77 63 57 80 79 26 68 67 24 78 28 76 45 55 66 39 72 32 65 30 59 54 44 37 34 61 40 49 42 48 62 46 41
56 38 17 11 46 33 6 25 53 26 1 4 19 24 27 42 14 12 64 13 40 21 28 5 9 39 31 60 18 7 20 22 23 36 3 48 15 16 55 8 2 30 67 70 68 58 10 73 72 65 54 80 79 76 78 45 77 61 69 74 75 71 32 34 29 37 62 49 57 66 41 52 35 43 47 51 44 59 63 50
21 14 24 15 55 35 22 38 64 16 10 8 7 28 12 18 2 30 11 6 13 4 54 33 3 25 9 62 1 29 42 17 20 26 27 5 19 31 37 23 65 56 60 73 59 75 70 39 77 74 69 52 80 79 51 53 76 78 49 58 32 36 40 63 61 34 68 72 66 45 43 71 67 47 48 41 50 44 57 46
33 19 6 5 8 48 41 65 10 30 12 29 44 4 13 40 23 28 54 2 26 43 17 1 63 22 20 25 21 11 56 24 15 39 9 74 18 3 7 31 60 27 58 72 16 62 14 68 75 78 70 76 45 80 79 36 34 77 32 73 37 47 50 71 69 42 67 64 38 57 35 46 66 51 53 61 55 49 52 59
10 39 26 8 15 55 38 46 14 5 17 7 53 16 1 12 11 65 32 21 24 30 31 25 6 4 28 3 9 22 27 20 18 2 57 36 37 61 19 33 23 59 13 62 60 66 76 69 68 75 77 67 56 54 80 79 35 71 34 78 42 73 74 50 43 72 64 45 29 70 47 51 44 49 63 48 40 41 58 52
11 52 36 28 22 43 31 7 15 50 2 35 14 9 4 19 29 20 10 17 25 8 26 44 32 16 39 5 70 12 46 3 13 1 24 21 27 23 34 64 73 18 6 48 67 54 71 59 53 37 68 45 77 61 55 80 79 65 78 75 76 33 57 47 30 51 74 42 72 49 69 41 62 60 38 66 56 58 40 63
30 35 11 4 16 31 43 9 5 15 26 25 10 7 39 2 49 13 34 8 12 36 19 53 27 29 3 23 40 61 28 18 37 14 17 33 44 21 24 32 1 6 70 65 22 20 67 46 71 47 57 63 68 74 73 78 80 79 77 55 45 75 42 76 38 64 59 41 51 54 66 58 60 72 52 62 69 48 50 56
50 51 9 30 40 17 61 34 16 20 15 28 63 2 52 3 13 1 4 10 8 11 24 32 19 43 35 26 46 33 12 42 39 7 41 14 21 5 18 37 25 53 56 6 27 23 66 22 76 59 60 62 49 77 74 29 67 80 79 36 78 31 54 44 73 47 72 75 70 38 45 48 71 68 58 65 64 69 55 57
7 5 8 12 26 44 40 1 45 51 16 2 28 61 37 4 33 52 43 25 27 48 6 34 14 32 19 10 24 13 21 11 35 9 22 17 36 15 59 18 47 23 3 58 20 63 62 66 69 76 78 74 46 41 39 71 30 49 80 79 73 77 68 29 31 38 65 50 42 67 54 70 75 57 72 56 60 55 64 53
27 24 12 42 18 10 49 19 57 31 22 56 21 8 20 41 34 15 29 45 28 2 11 38 48 1 25 16 4 32 6 5 7 13 26 30 3 35 9 59 36 46 23 33 37 51 17 55 14 72 43 47 73 67 53 70 62 74 58 80 79 76 77 64 71 75 52 44 78 65 60 66 40 39 61 50 54 63 69 68
20 34 13 48 14 22 55 62 8 57 5 32 15 17 7 47 36 29 2 27 37 16 4 21 10 28 11 31 25 6 19 59 3 12 52 26 30 1 51 9 18 43 24 23 45 61 72 75 35 71 46 78 70 69 50 58 73 76 38 77 80 79 41 33 42 67 60 40 44 68 65 39 74 63 64 54 53 56 66 49
42 30 54 19 17 24 45 3 51 37 31 38 16 26 25 36 5 8 20 41 2 55 1 11 21 46 27 15 44 4 23 40 12 29 18 13 6 14 28 7 9 22 50 69 10 34 35 49 61 58 47 72 43 62 32 33 48 67 63 76 77 80 79 74 75 78 39 73 53 56 71 64 65 59 68 52 66 57 60 70
26 23 42 1 29 7 14 39 17 45 41 10 5 11 44 27 12 25 8 16 34 15 3 36 38 50 32 35 2 19 31 4 22 37 6 9 24 30 20 46 52 13 28 18 63 65 21 53 60 66 51 43 75 56 59 72 58 70 33 69 54 78 80 79 40 76 47 77 68 73 64 67 48 71 55 57 62 61 49 74
18 10 21 9 39 30 19 36 13 28 32 5 17 14 46 7 56 27 31 3 29 22 45 2 8 20 44 11 38 55 16 1 6 42 15 12 35 48 26 4 34 25 59 24 41 52 60 72 62 53 23 75 51 47 66 69 40 43 65 33 71 37 78 80 79 77 50 70 64 76 74 63 58 54 57 73 49 67 68 61
3 54 18 33 11 27 1 30 25 42 9 17 29 10 15 8 22 51 23 26 7 56 2 4 13 21 36 40 19 38 5 12 28 41 32 34 62 50 39 57 6 31 20 14 24 55 16 67 46 52 66 61 37 43 69 65 45 48 53 47 70 74 35 78 80 79 49 68 59 64 58 44 77 73 76 75 63 60 71 72
4 60 35 71 25 20 16 40 6 22 50 24 8 5 42 17 30 14 39 11 49 13 7 3 18 31 1 32 26 28 37 27 29 15 68 23 34 9 2 53 21 19 54 10 36 74 12 33 51 69 63 46 59 38 56 43 47 55 44 61 41 72 48 45 78 80 79 76 65 52 70 57 73 77 67 58 75 66 62 64
34 16 29 49 5 19 30 18 12 41 35 33 20 42 38 26 17 39 14 28 23 24 8 9 44 27 2 13 10 56 36 25 4 6 1 11 47 32 3 22 31 7 57 15 72 37 51 48 21 50 55 66 53 70 63 77 46 62 75 40 52 54 43 73 68 71 80 79 45 78 76 74 69 58 65 60 61 64 59 67
58 40 52 47 10 18 24 2 1 66 54 26 46 37 31 14 19 34 49 15 38 44 25 17 4 33 30 21 13 20 32 16 11 28 12 8 43 6 42 27 56 5 35 9 23 22 3 29 48 7 59 51 62 53 36 74 69 60 45 57 39 41 61 75 63 50 76 80 79 77 68 65 55 64 71 70 78 72 67 73
43 27 63 23 58 12 20 10 31 34 7 47 37 3 22 16 42 18 15 59 41 28 30 46 25 45 29 14 35 5 33 21 44 8 13 2 17 38 11 24 4 26 19 1 9 6 32 65 64 51 73 50 36 48 62 56 53 54 71 70 72 55 75 40 39 61 77 52 80 79 49 69 57 66 78 74 67 68 76 60
29 43 32 3 19 15 42 37 24 33 49 18 2 51 50 5 10 36 26 14 20 25 44 31 23 13 8 28 59 34 4 47 9 21 53 40 16 46 1 17 7 12 22 11 6 27 54 57 45 62 56 69 58 60 41 52 72 38 55 30 35 63 76 77 48 39 75 71 73 80 78 79 64 74 66 67 68 70 61 65
8 53 20 26 7 23 15 63 47 40 3 9 27 48 30 32 35 21 5 54 11 6 37 45 29 17 51 18 16 14 24 19 55 22 4 25 13 2 12 36 10 1 41 38 28 68 34 42 66 61 67 44 64 46 57 39 59 56 52 50 33 49 31 43 76 73 78 58 74 60 80 75 79 69 70 77 65 71 72 62
15 32 37 25 13 21 9 33 67 1 19 40 47 57 34 20 50 23 42 38 54 35 27 43 11 26 16 45 8 18 41 36 31 24 61 29 7 12 6 10 63 2 17 56 4 28 22 5 3 14 72 68 55 51 48 59 60 46 30 39 53 58 49 65 66 52 44 69 75 74 62 80 76 79 77 64 73 78 70 71
22 37 10 27 64 39 21 6 35 12 14 36 24 18 49 9 40 16 53 50 33 26 15 20 1 2 41 34 11 17 45 31 19 30 25 28 5 4 44 29 3 8 7 32 42 57 13 23 47 63 62 56 52 58 46 60 70 51 43 48 38 59 72 55 74 68 69 67 76 61 73 54 80 65 79 78 71 77 75 66
44 48 22 6 32 5 23 55 39 21 36 66 11 12 62 1 3 4 47 9 14 49 50 15 20 24 43 64 28 10 17 26 27 67 34 35 29 13 61 2 45 16 31 30 8 25 7 58 19 18 38 37 33 42 52 68 51 53 40 65 57 46 60 41 56 54 71 78 69 72 77 76 63 80 59 79 70 73 74 75
28 7 38 24 60 54 52 8 34 6 25 46 12 19 32 23 4 40 30 51 10 47 5 71 39 49 15 48 43 44 9 45 21 33 11 22 31 37 17 13 26 3 2 29 14 1 18 62 16 20 58 55 50 27 64 41 66 35 61 56 36 70 65 42 53 74 73 57 63 69 72 68 59 67 80 76 79 75 77 78
64 26 4 41 20 6 13 15 22 14 48 54 35 62 60 28 31 10 33 7 30 23 16 42 49 36 37 39 34 24 44 2 1 40 8 43 32 29 5 11 19 66 18 21 12 3 9 17 25 27 71 57 38 59 47 46 63 50 51 52 65 45 55 69 72 70 53 74 56 58 67 78 68 61 75 80 77 79 73 76
47 29 41 36 35 60 18 27 30 17 13 22 33 52 43 24 48 42 12 57 15 1 61 16 55 3 7 38 23 39 26 10 5 25 20 37 9 34 8 6 54 21 4 19 2 14 11 31 65 28 32 59 67 50 49 66 64 68 56 46 44 51 53 70 58 40 45 62 71 75 63 77 78 76 73 72 80 74 79 69
79 47 2 53 38 36 50 21 44 7 37 6 39 41 10 60 55 5 17 29 64 14 32 52 35 19 23 27 58 49 3 15 24 31 30 20 4 22 13 1 16 28 11 8 18 9 25 12 67 40 26 34 63 33 45 48 65 42 59 51 56 43 46 57 54 69 70 66 62 71 61 73 72 75 74 68 76 80 78 77
51 4 23 58 52 13 28 16 41 29 6 3 38 60 45 39 8 2 50 46 17 10 47 12 42 30 22 7 27 26 18 14 32 11 40 65 25 24 15 20 35 9 34 5 19 33 1 61 36 21 37 73 44 57 43 49 68 63 67 66 31 62 71 56 64 55 48 53 77 59 75 72 70 78 54 69 74 76 80 79
0
37
78 80 76 73 79 52 75 74 59 68 69 77 60 51 66 29 56 3 19 11 72 71 63 62 67 70 4 27 20 24 64 14 42 36 49 65 17 9 12 44 8 45 53 40 58 48 1 61 30 43 41 28 35 6 5 46 32 57 7 54 50 22 47 16 38 55 25 39 21 23 34 2 10 15 13 33 26 18 37 31
69 76 49 80 77 74 55 67 79 52 75 78 68 1 72 50 73 11 62 18 66 63 32 71 65 29 38 4 3 31 40 70 59 17 43 19 56 64 46 48 20 13 58 33 51 54 44 26 36 53 45 35 57 25 61 12 60 5 9 10 7 14 6 27 2 42 34 15 47 41 21 30 16 37 23 39 24 8 22 28
77 72 53 74 78 65 80 64 73 79 61 60 75 71 76 4 29 55 70 63 59 67 68 8 25 66 23 19 32 69 7 46 28 5 31 40 2 56 17 36 42 58 39 24 57 13 51 41 45 44 11 14 62 15 34 3 12 47 54 27 1 43 30 48 9 49 18 50 38 20 52 16 37 33 10 26 22 6 35 21
51 78 69 62 73 77 66 80 75 67 63 70 79 74 15 56 72 71 54 3 40 24 76 11 26 20 10 65 61 43 41 28 68 19 58 64 50 47 45 33 9 5 34 35 7 52 60 53 4 27 23 48 21 42 57 36 38 12 2 31 46 1 44 29 17 18 16 59 14 37 30 55 32 49 22 8 39 25 6 13
66 54 60 72 76 69 73 65 80 51 78 1 56 79 64 74 50 77 75 68 61 12 38 23 4 62 25 70 71 11 27 10 49 33 14 58 19 53 20 57 6 9 3 2 42 5 36 46 67 32 22 16 59 41 55 26 63 30 17 21 15 24 28 45 37 43 7 52 48 13 31 44 34 35 39 18 29 47 40 8
74 75 73 54 63 51 77 22 78 80 67 76 3 70 79 61 12 56 59 71 11 5 72 55 68 64 66 39 44 21 65 33 20 28 10 41 69 17 23 19 26 38 16 8 6 62 35 58 14 2 25 43 46 1 48 47 4 37 60 57 29 30 49 15 32 40 9 24 50 45 7 52 36 42 27 53 34 31 13 18
73 2 72 52 1 49 69 60 77 62 80 55 65 78 75 79 33 70 68 76 74 11 43 63 20 15 7 3 12 66 71 27 48 64 9 17 67 45 31 50 39 19 51 4 34 53 41 54 46 37 16 5 25 38 59 22 61 23 8 56 30 28 58 35 24 10 14 40 13 21 47 6 57 44 29 42 18 26 32 36
53 74 78 51 3 75 52 19 2 22 64 80 69 73 77 60 79 76 61 4 29 70 18 12 16 71 14 40 62 72 9 7 50 21 5 33 32 11 43 46 36 47 65 68 41 66 63 8 24 1 67 57 10 34 58 15 59 49 23 13 25 56 54 28 42 20 27 37 35 6 55 31 38 26 17 44 30 39 48 45
71 53 7 35 60 78 65 59 76 20 4 67 9 29 70 80 77 79 73 75 3 61 74 66 69 72 24 18 11 23 68 49 5 6 55 34 31 14 42 13 19 33 63 44 39 32 64 51 43 62 54 50 47 58 27 1 16 28 40 2 38 12 41 8 45 56 36 10 22 46 15 25 21 52 26 48 37 57 17 30
75 47 70 2 66 56 4 52 74 72 23 49 22 55 1 76 80 15 79 73 77 29 78 24 8 17 20 67 33 65 44 9 71 60 61 28 26 31 30 45 57 37 19 58 59 68 10 11 32 14 6 12 18 5 42 62 54 3 41 16 27 13 69 38 64 63 39 34 43 7 36 35 48 53 46 50 40 21 25 51
68 6 4 53 62 66 60 35 13 47 73 52 14 64 5 78 3 80 27 74 79 77 45 76 7 21 72 69 16 8 28 75 11 24 71 9 70 23 67 58 34 12 22 51 65 56 59 2 20 57 26 61 43 39 30 63 1 55 48 25 10 15 50 54 41 38 32 49 44 29 42 18 33 19 37 17 31 46 36 40
64 71 34 19 53 73 67 18 52 74 8 61 76 59 49 77 5 25 80 60 38 68 79 6 12 78 75 62 7 27 66 48 46 13 44 31 14 70 4 9 15 17 26 72 2 35 69 40 10 3 51 11 45 20 56 30 37 1 22 41 55 63 21 57 54 50 28 29 32 16 65 58 23 43 47 24 36 33 42 39
50 64 6 68 61 76 62 73 19 32 5 74 31 21 16 67 10 23 77 80 12 69 1 79 33 37 78 38 70 4 75 20 72 3 28 43 49 15 14 41 60 24 18 11 36 58 13 57 9 55 2 53 29 59 66 44 8 26 51 7 63 65 71 30 35 27 47 17 54 25 46 48 39 22 40 56 45 42 52 34
61 35 50 46 69 54 58 75 4 5 68 62 19 65 55 44 7 66 16 78 80 14 12 53 76 79 67 77 73 33 11 24 74 27 72 70 15 71 40 17 48 20 42 52 31 57 8 37 29 36 9 34 1 60 41 59 3 10 6 43 26 2 25 49 22 28 51 30 39 32 38 45 56 18 21 64 23 13 63 47
56 12 26 71 6 28 47 66 45 19 65 63 2 4 54 58 25 73 76 61 75 10 67 21 80 39 79 14 74 78 77 41 36 20 32 11 43 50 70 16 17 49 5 59 15 72 52 35 34 48 42 29 40 9 62 57 68 13 3 1 44 37 24 31 7 51 8 18 55 60 22 69 46 30 53 23 27 38 33 64
58 3 25 20 12 68 76 2 60 6 19 29 50 32 63 35 22 1 5 14 73 16 9 77 74 80 70 79 66 49 4 78 23 65 69 24 72 75 36 7 21 34 48 27 52 42 39 28 26 17 46 64 11 67 40 53 71 61 56 62 41 8 57 18 13 30 10 54 31 43 37 51 15 45 38 59 33 55 47 44
3 41 1 37 55 15 17 51 11 69 2 54 49 5 12 73 75 4 38 32 64 25 22 29 19 48 80 68 14 79 78 74 31 7 13 67 44 72 76 21 33 6 20 70 62 50 77 65 52 58 10 26 16 45 35 40 9 53 57 59 23 18 66 36 39 47 60 8 30 27 43 42 24 63 56 71 28 34 46 61
8 57 28 50 18 12 48 77 47 40 39 2 4 60 11 32 26 63 31 45 54 66 34 74 73 25 76 49 80 10 79 30 1 35 68 6 27 78 75 42 5 41 33 14 70 65 20 9 7 52 36 23 24 16 21 64 19 22 67 3 62 44 53 55 61 37 71 13 15 69 58 59 29 46 43 51 17 72 38 56
65 70 2 36 32 50 12 3 1 41 18 7 71 26 22 72 27 21 56 31 39 23 25 78 29 30 17 74 77 80 73 79 61 62 11 14 10 28 5 76 4 43 45 19 35 9 6 24 49 33 13 54 38 37 16 8 64 68 59 48 60 69 20 66 51 57 15 44 67 55 75 46 42 47 52 58 63 40 34 53
52 31 61 40 2 13 36 62 70 64 3 10 12 15 74 37 11 51 1 21 26 19 5 25 63 32 65 29 75 9 80 68 79 41 7 4 53 24 35 78 14 18 47 38 56 77 23 45 33 60 28 39 34 30 6 43 27 42 16 49 22 76 72 17 20 71 50 48 57 44 54 73 59 66 55 46 8 58 67 69
46 44 56 15 54 37 63 6 35 59 13 45 36 7 20 19 69 61 22 23 24 31 30 26 77 76 73 12 25 2 74 80 40 48 79 71 28 18 78 72 47 21 9 43 4 75 70 34 39 5 52 17 14 3 1 49 41 27 68 58 16 10 42 62 67 32 53 57 64 38 8 60 11 51 33 66 50 29 65 55
43 59 39 69 65 53 49 40 54 29 66 13 26 2 57 5 9 17 12 62 14 18 11 27 10 16 71 63 23 41 22 76 80 73 78 25 24 79 32 31 61 77 15 20 44 7 19 4 35 68 8 46 70 51 33 52 75 72 64 42 3 58 60 56 1 21 74 6 36 67 45 37 50 34 28 38 47 30 55 48
16 48 24 44 50 21 7 1 57 10 52 41 15 31 4 36 45 67 18 29 30 3 27 2 5 26 63 78 17 77 19 66 12 80 23 61 25 73 79 74 11 22 28 75 9 76 37 33 38 70 35 6 13 46 47 56 43 14 42 68 39 59 55 72 71 62 20 32 65 53 40 49 8 64 34 69 54 60 51 58
1 38 42 16 43 46 53 24 51 58 33 73 8 63 68 12 6 50 4 27 28 2 19 10 3 18 55 76 9 14 29 45 39 78 74 80 77 25 15 79 32 64 62 17 11 31 49 5 37 69 34 30 7 36 72 41 52 75 61 22 13 35 48 26 47 44 40 21 56 54 23 71 67 70 20 60 57 66 59 65
55 32 21 47 33 44 11 29 43 35 7 69 18 27 58 70 20 22 2 8 13 65 42 15 72 34 36 10 30 38 16 12 26 46 41 78 5 40 80 71 79 76 77 1 45 4 9 39 57 19 31 3 23 14 25 24 28 66 52 6 56 17 62 37 60 68 75 61 74 51 73 63 54 59 49 67 64 48 53 50
48 1 58 6 38 5 46 28 10 56 54 3 34 18 52 2 51 60 40 33 47 7 71 73 15 4 13 9 29 76 26 39 69 11 27 37 78 49 16 75 12 79 64 80 22 17 65 32 8 63 14 67 31 21 45 61 70 77 30 19 43 42 35 50 23 72 55 66 20 62 25 53 74 36 57 41 44 24 68 59
14 39 20 65 30 43 3 47 18 44 62 50 51 46 8 34 64 35 37 38 2 22 54 45 32 11 16 66 10 70 12 4 21 76 19 5 7 29 9 53 78 26 79 41 80 6 15 25 31 40 49 13 42 23 17 33 77 63 36 52 57 27 67 69 75 1 68 60 73 74 59 72 58 55 48 28 61 71 56 24
72 7 29 34 8 39 41 55 44 3 38 20 53 68 19 66 15 40 60 58 35 26 33 42 18 45 30 73 51 16 32 2 77 54 12 21 48 46 6 4 74 11 23 22 37 14 80 10 17 31 1 36 5 13 9 70 76 69 47 64 52 25 59 79 28 24 57 27 62 65 78 75 43 61 71 49 67 56 50 63
42 30 44 56 16 55 50 43 25 46 53 8 24 40 61 65 28 18 74 15 48 59 3 13 64 1 29 75 35 39 14 23 66 32 20 12 38 52 69 37 71 78 6 45 17 2 11 47 19 4 7 51 36 22 26 34 80 33 27 5 67 9 63 77 72 58 79 41 10 70 49 76 31 57 54 62 68 73 21 60
49 56 27 7 37 60 6 61 3 12 58 47 1 53 44 51 18 33 46 2 34 35 13 38 31 54 26 23 24 67 25 63 8 43 39 69 9 22 29 28 45 10 4 21 20 15 55 42 65 11 19 32 48 17 14 66 40 76 5 70 36 16 52 78 30 59 73 79 80 77 62 68 71 72 50 75 41 64 74 57
47 66 14 13 34 42 68 58 50 7 51 9 61 22 48 24 1 28 33 52 19 75 59 35 37 5 74 71 39 32 21 3 38 16 26 27 8 41 25 2 44 36 12 76 18 45 29 15 60 23 40 4 53 65 20 10 6 43 46 11 64 62 56 67 78 17 31 55 63 79 70 80 72 73 30 57 69 49 77 54
39 46 41 38 57 36 56 48 17 53 55 31 44 49 47 6 60 68 3 42 4 1 8 59 13 23 5 43 54 7 35 15 10 58 34 16 30 67 28 29 25 40 76 32 14 33 24 12 51 65 37 2 50 18 11 20 26 45 21 66 9 61 27 71 69 52 19 78 77 22 79 64 80 75 62 70 72 63 73 74
13 67 52 14 64 48 40 42 55 70 72 5 11 39 65 71 37 6 24 49 50 17 7 22 59 57 3 1 60 56 58 44 2 74 47 20 51 27 21 35 18 15 46 10 43 16 62 19 76 29 32 25 4 12 54 31 30 36 33 26 34 23 45 9 53 8 69 38 75 61 77 79 78 80 73 63 66 41 28 68
63 51 33 9 59 11 35 21 14 17 70 53 57 6 13 52 67 16 47 37 49 60 40 3 61 50 22 15 42 18 31 8 62 55 75 10 1 74 26 34 30 25 41 7 27 38 28 36 5 24 39 19 2 32 12 45 29 46 44 4 48 20 23 43 66 65 58 69 68 78 76 54 79 56 80 72 71 77 64 73
79 40 63 42 56 7 26 4 6 14 24 51 59 47 27 55 52 62 23 57 36 58 31 34 45 53 35 37 1 22 20 13 17 77 66 54 64 69 50 3 43 16 8 48 12 18 61 44 21 15 5 9 19 10 2 65 33 11 38 28 32 29 46 39 25 67 76 72 49 30 68 78 41 60 74 73 80 75 70 71
59 55 45 21 29 41 42 53 27 28 30 17 13 36 62 48 49 52 25 9 8 4 35 68 60 19 6 20 46 44 33 34 73 63 56 57 40 16 47 1 37 72 24 54 78 3 26 38 15 12 18 7 32 2 23 14 5 39 50 51 11 66 31 64 10 22 43 58 71 76 67 77 69 65 61 74 79 80 75 70
9 73 31 33 42 32 14 46 34 43 45 37 47 54 2 59 17 41 52 64 56 62 6 40 57 65 1 11 36 50 23 18 3 29 63 38 39 13 8 49 35 53 44 67 48 22 68 30 27 25 20 15 51 7 60 19 10 4 12 61 5 26 16 21 55 69 70 28 24 58 66 74 77 71 75 76 78 79 80 72
0
0
